1.1469e-01  2.2620e-02  2.4220e-03  1.6882e-02
1.2744e-01  1.8636e-02  1.6805e-03  1.6785e-02
1.4018e-01  1.8571e-02  1.5744e-03  1.6678e-02
1.5292e-01  1.4872e-02  1.3601e-03  1.6562e-02
1.6567e-01  1.7890e-02  1.2304e-03  1.6438e-02
1.7841e-01  1.8717e-02  1.2269e-03  1.6304e-02
1.9115e-01  1.5183e-02  1.0508e-03  1.6162e-02
2.0390e-01  1.7291e-02  1.0703e-03  1.6012e-02
2.1664e-01  1.6217e-02  9.3624e-04  1.5855e-02
2.2938e-01  1.6314e-02  9.1543e-04  1.5690e-02
2.4213e-01  1.4331e-02  8.3746e-04  1.5517e-02
2.5487e-01  1.6235e-02  8.0263e-04  1.5338e-02
2.6761e-01  1.6558e-02  7.5314e-04  1.5153e-02
2.8035e-01  1.5127e-02  6.9644e-04  1.4961e-02
2.9310e-01  1.6053e-02  6.8479e-04  1.4764e-02
3.0584e-01  1.6161e-02  6.3226e-04  1.4562e-02
3.1858e-01  1.4977e-02  5.9920e-04  1.4354e-02
3.3132e-01  1.4938e-02  5.7672e-04  1.4143e-02
3.4407e-01  1.4972e-02  5.4069e-04  1.3927e-02
3.5681e-01  1.3819e-02  5.2955e-04  1.3707e-02
3.6955e-01  1.3662e-02  5.0026e-04  1.3484e-02
3.8230e-01  1.3502e-02  4.9008e-04  1.3258e-02
3.9504e-01  1.2556e-02  4.6961e-04  1.3029e-02
4.0778e-01  1.2360e-02  4.5682e-04  1.2799e-02
4.2052e-01  1.2967e-02  4.6670e-04  1.2566e-02
4.3326e-01  1.2054e-02  4.2734e-04  1.2332e-02
4.4601e-01  1.2047e-02  4.4893e-04  1.2097e-02
4.5875e-01  1.2094e-02  4.2035e-04  1.1861e-02
4.7149e-01  1.0957e-02  4.1254e-04  1.1625e-02
4.8423e-01  1.1378e-02  4.1754e-04  1.1389e-02
4.9697e-01  1.0523e-02  3.9546e-04  1.1153e-02
5.0971e-01  1.0469e-02  3.9679e-04  1.0917e-02
5.2246e-01  1.0806e-02  3.8359e-04  1.0683e-02
5.3520e-01  1.0305e-02  3.8308e-04  1.0450e-02
5.4794e-01  9.4720e-03  3.6793e-04  1.0218e-02
5.6068e-01  9.6646e-03  3.5923e-04  9.9877e-03
5.7342e-01  9.7441e-03  3.6620e-04  9.7595e-03
5.8616e-01  9.4205e-03  3.4531e-04  9.5336e-03
5.9890e-01  9.5341e-03  3.5032e-04  9.3101e-03
6.1164e-01  9.1763e-03  3.4462e-04  9.0891e-03
6.2438e-01  9.1203e-03  3.3043e-04  8.8710e-03
6.3712e-01  8.5194e-03  3.3698e-04  8.6559e-03
6.4986e-01  8.3168e-03  3.1778e-04  8.4439e-03
6.6260e-01  8.3567e-03  3.2605e-04  8.2351e-03
6.7534e-01  8.0134e-03  3.1255e-04  8.0298e-03
6.8808e-01  8.0763e-03  3.1566e-04  7.8279e-03
7.0082e-01  8.0108e-03  3.1306e-04  7.6297e-03
7.1356e-01  6.9830e-03  2.9486e-04  7.4352e-03
7.2630e-01  7.0531e-03  3.0297e-04  7.2445e-03
7.3904e-01  7.1332e-03  2.9286e-04  7.0575e-03
7.5178e-01  6.2875e-03  2.9218e-04  6.8745e-03
7.6451e-01  6.1965e-03  2.8672e-04  6.6953e-03
7.7725e-01  6.6347e-03  2.8333e-04  6.5201e-03
7.8999e-01  6.2306e-03  2.7710e-04  6.3488e-03
8.0273e-01  5.3463e-03  2.6736e-04  6.1814e-03
8.1547e-01  6.0895e-03  2.7527e-04  6.0180e-03
8.2821e-01  5.3991e-03  2.6666e-04  5.8584e-03
8.4094e-01  5.5653e-03  2.6621e-04  5.7028e-03
8.5368e-01  5.4369e-03  2.6974e-04  5.5510e-03
8.6642e-01  5.7382e-03  2.5460e-04  5.4029e-03
8.7916e-01  4.7429e-03  2.5793e-04  5.2587e-03
8.9189e-01  5.4329e-03  2.5076e-04  5.1181e-03
9.1736e-01  4.9571e-03  2.5081e-04  4.8477e-03
9.3010e-01  4.8246e-03  2.4852e-04  4.7178e-03
9.4284e-01  4.4477e-03  2.4010e-04  4.5913e-03
9.5557e-01  4.3817e-03  2.3803e-04  4.4682e-03
9.6831e-01  4.8101e-03  2.4233e-04  4.3483e-03
9.8104e-01  4.4341e-03  2.3788e-04  4.2315e-03
9.9378e-01  3.9540e-03  2.3305e-04  4.1179e-03
1.0132e+00  3.9890e-03  2.8816e-05  3.9504e-03
1.0184e+00  3.9551e-03  2.8963e-05  3.9070e-03
1.0235e+00  3.9173e-03  2.9126e-05  3.8641e-03
1.0287e+00  3.8548e-03  2.8751e-05  3.8217e-03
1.0338e+00  3.7586e-03  2.8819e-05  3.7797e-03
1.0390e+00  3.7740e-03  2.8824e-05  3.7381e-03
1.0442e+00  3.7718e-03  2.8601e-05  3.6970e-03
1.0493e+00  3.6894e-03  2.8589e-05  3.6564e-03
1.0545e+00  3.6611e-03  2.8759e-05  3.6162e-03
1.0597e+00  3.6343e-03  2.8565e-05  3.5764e-03
1.0648e+00  3.6269e-03  2.8607e-05  3.5370e-03
1.0700e+00  3.5683e-03  2.8736e-05  3.4981e-03
1.0751e+00  3.5295e-03  2.8351e-05  3.4595e-03
1.0803e+00  3.4441e-03  2.8525e-05  3.4214e-03
1.0855e+00  3.3691e-03  2.8570e-05  3.3837e-03
1.0906e+00  3.3261e-03  2.8243e-05  3.3464e-03
1.0958e+00  3.3217e-03  2.8377e-05  3.3094e-03
1.1010e+00  3.2537e-03  2.8467e-05  3.2729e-03
1.1061e+00  3.2572e-03  2.8109e-05  3.2368e-03
1.1113e+00  3.1669e-03  2.8645e-05  3.2010e-03
1.1164e+00  3.1964e-03  2.8968e-05  3.1656e-03
1.1216e+00  3.1025e-03  2.9036e-05  3.1306e-03
1.1268e+00  3.1186e-03  2.9246e-05  3.0959e-03
1.1319e+00  3.0517e-03  2.9515e-05  3.0616e-03
1.1371e+00  2.9978e-03  2.9367e-05  3.0276e-03
1.1422e+00  2.9923e-03  2.9265e-05  2.9940e-03
1.1474e+00  2.9579e-03  2.9502e-05  2.9608e-03
1.1526e+00  2.9046e-03  2.9446e-05  2.9279e-03
1.1577e+00  2.9035e-03  2.9539e-05  2.8953e-03
1.1629e+00  2.8487e-03  2.9379e-05  2.8630e-03
1.1681e+00  2.7918e-03  2.9295e-05  2.8312e-03
1.1732e+00  2.8185e-03  2.9439e-05  2.7996e-03
1.1784e+00  2.7265e-03  2.8854e-05  2.7683e-03
1.1835e+00  2.7171e-03  2.8457e-05  2.7374e-03
1.1887e+00  2.6483e-03  2.8809e-05  2.7067e-03
1.1939e+00  2.6421e-03  2.8748e-05  2.6764e-03
1.1990e+00  2.6235e-03  2.8449e-05  2.6464e-03
1.2042e+00  2.6054e-03  2.8920e-05  2.6167e-03
1.2093e+00  2.5478e-03  2.8758e-05  2.5873e-03
1.2145e+00  2.4951e-03  2.8535e-05  2.5582e-03
1.2197e+00  2.5404e-03  2.8749e-05  2.5294e-03
1.2248e+00  2.4878e-03  2.8628e-05  2.5009e-03
1.2300e+00  2.5024e-03  2.8347e-05  2.4727e-03
1.2352e+00  2.3905e-03  2.8767e-05  2.4448e-03
1.2403e+00  2.4042e-03  2.8527e-05  2.4171e-03
1.2455e+00  2.4141e-03  2.8434e-05  2.3897e-03
1.2506e+00  2.3763e-03  2.8545e-05  2.3626e-03
1.2558e+00  2.3428e-03  2.8421e-05  2.3358e-03
1.2610e+00  2.3454e-03  2.8341e-05  2.3092e-03
1.2661e+00  2.2699e-03  2.8591e-05  2.2830e-03
1.2713e+00  2.2700e-03  2.8317e-05  2.2569e-03
1.2765e+00  2.2430e-03  2.8153e-05  2.2312e-03
1.2816e+00  2.1993e-03  2.8313e-05  2.2057e-03
1.2868e+00  2.1953e-03  2.8170e-05  2.1804e-03
1.2919e+00  2.1612e-03  2.8717e-05  2.1555e-03
1.2971e+00  2.1223e-03  2.8934e-05  2.1307e-03
1.3023e+00  2.0305e-03  2.8867e-05  2.1063e-03
1.3074e+00  2.0707e-03  2.9203e-05  2.0820e-03
1.3126e+00  2.0394e-03  2.9336e-05  2.0581e-03
1.3177e+00  1.9934e-03  2.9246e-05  2.0343e-03
1.3229e+00  1.9742e-03  2.9437e-05  2.0108e-03
1.3281e+00  1.9514e-03  2.9869e-05  1.9876e-03
1.3332e+00  1.9031e-03  2.9537e-05  1.9646e-03
1.3384e+00  1.9428e-03  3.0018e-05  1.9418e-03
1.3436e+00  1.9173e-03  2.9958e-05  1.9193e-03
1.3487e+00  1.9149e-03  2.9885e-05  1.8970e-03
1.3539e+00  1.8409e-03  2.9998e-05  1.8750e-03
1.3590e+00  1.8894e-03  2.9570e-05  1.8532e-03
1.3642e+00  1.8713e-03  2.9298e-05  1.8315e-03
1.3694e+00  1.8174e-03  2.8904e-05  1.8102e-03
1.3745e+00  1.7705e-03  2.9062e-05  1.7890e-03
1.3797e+00  1.7857e-03  2.8976e-05  1.7681e-03
1.3848e+00  1.6889e-03  2.8662e-05  1.7474e-03
1.3900e+00  1.7148e-03  2.8839e-05  1.7270e-03
1.3952e+00  1.7193e-03  2.8473e-05  1.7067e-03
1.4003e+00  1.6717e-03  2.8483e-05  1.6867e-03
1.4055e+00  1.6057e-03  2.8483e-05  1.6669e-03
1.4107e+00  1.6150e-03  2.8349e-05  1.6473e-03
1.4158e+00  1.6631e-03  2.8180e-05  1.6279e-03
1.4210e+00  1.5771e-03  2.8428e-05  1.6087e-03
1.4261e+00  1.5469e-03  2.8243e-05  1.5898e-03
1.4313e+00  1.6008e-03  2.8127e-05  1.5711e-03
1.4365e+00  1.5792e-03  2.8196e-05  1.5525e-03
1.4416e+00  1.5453e-03  2.8005e-05  1.5342e-03
1.4468e+00  1.5179e-03  2.7904e-05  1.5161e-03
1.4520e+00  1.4644e-03  2.8066e-05  1.4982e-03
1.4571e+00  1.4359e-03  2.7694e-05  1.4805e-03
1.4623e+00  1.4801e-03  2.7706e-05  1.4630e-03
1.4674e+00  1.4427e-03  2.7791e-05  1.4457e-03
1.4726e+00  1.4464e-03  2.7867e-05  1.4286e-03
1.4778e+00  1.3758e-03  2.7517e-05  1.4117e-03
1.4829e+00  1.4083e-03  2.7671e-05  1.3950e-03
1.4881e+00  1.3615e-03  2.7519e-05  1.3785e-03
1.4932e+00  1.3880e-03  2.7480e-05  1.3622e-03
1.4984e+00  1.2871e-03  2.7597e-05  1.3461e-03
1.5036e+00  1.3298e-03  2.7376e-05  1.3302e-03
1.5087e+00  1.3036e-03  2.7331e-05  1.3145e-03
1.5139e+00  1.3364e-03  2.7522e-05  1.2989e-03
1.5191e+00  1.2807e-03  2.7466e-05  1.2836e-03
1.5242e+00  1.2756e-03  2.7318e-05  1.2684e-03
1.5294e+00  1.2625e-03  2.7329e-05  1.2535e-03
1.5345e+00  1.2055e-03  2.7337e-05  1.2387e-03
1.5397e+00  1.2191e-03  2.7105e-05  1.2241e-03
1.5449e+00  1.2363e-03  2.7348e-05  1.2097e-03
1.5500e+00  1.1912e-03  2.7135e-05  1.1954e-03
1.5552e+00  1.1777e-03  2.7029e-05  1.1814e-03
1.5603e+00  1.1909e-03  2.7240e-05  1.1675e-03
1.5655e+00  1.1962e-03  2.7175e-05  1.1538e-03
1.5707e+00  1.1466e-03  2.6828e-05  1.1403e-03
1.5758e+00  1.0961e-03  2.7052e-05  1.1269e-03
1.5810e+00  1.1318e-03  2.7002e-05  1.1137e-03
1.5862e+00  1.1055e-03  2.6853e-05  1.1007e-03
1.5913e+00  1.0864e-03  2.6949e-05  1.0879e-03
1.5965e+00  1.1121e-03  2.6833e-05  1.0752e-03
1.6016e+00  1.1135e-03  2.6731e-05  1.0627e-03
1.6068e+00  1.0829e-03  2.6893e-05  1.0504e-03
1.6120e+00  1.0263e-03  2.6721e-05  1.0382e-03
1.6171e+00  1.0811e-03  2.6680e-05  1.0262e-03
1.6223e+00  1.0161e-03  2.6696e-05  1.0143e-03
1.6275e+00  1.0583e-03  2.6711e-05  1.0026e-03
1.6326e+00  1.0150e-03  2.6491e-05  9.9111e-04
1.6378e+00  9.5447e-04  2.6723e-05  9.7973e-04
1.6429e+00  1.0004e-03  2.6512e-05  9.6850e-04
1.6481e+00  9.6423e-04  2.6476e-05  9.5742e-04
1.6533e+00  9.6576e-04  2.6542e-05  9.4650e-04
1.6584e+00  9.5519e-04  2.6572e-05  9.3572e-04
1.6636e+00  9.3183e-04  2.6344e-05  9.2509e-04
1.6687e+00  9.0904e-04  2.6499e-05  9.1461e-04
1.6739e+00  9.3082e-04  2.6386e-05  9.0427e-04
1.6791e+00  8.8278e-04  2.6204e-05  8.9407e-04
1.6842e+00  8.9595e-04  2.6369e-05  8.8401e-04
1.6894e+00  8.8923e-04  2.6315e-05  8.7409e-04
1.6946e+00  8.8823e-04  2.6185e-05  8.6431e-04
1.6997e+00  9.0093e-04  2.6580e-05  8.5466e-04
1.7049e+00  8.7674e-04  2.6094e-05  8.4515e-04
1.7100e+00  8.5306e-04  2.6128e-05  8.3577e-04
1.7152e+00  8.6360e-04  2.6180e-05  8.2652e-04
1.7204e+00  8.2650e-04  2.6103e-05  8.1739e-04
1.7255e+00  7.9738e-04  2.5941e-05  8.0840e-04
1.7307e+00  8.0633e-04  2.6090e-05  7.9953e-04
1.7358e+00  8.1135e-04  2.5962e-05  7.9078e-04
1.7410e+00  7.8247e-04  2.5859e-05  7.8215e-04
1.7462e+00  7.5988e-04  2.6193e-05  7.7365e-04
1.7513e+00  8.0097e-04  2.5925e-05  7.6526e-04
1.7565e+00  7.4581e-04  2.5679e-05  7.5699e-04
1.7617e+00  7.5268e-04  2.5927e-05  7.4883e-04
1.7668e+00  7.8404e-04  2.5705e-05  7.4079e-04
1.7720e+00  7.8882e-04  2.5680e-05  7.3286e-04
1.7771e+00  7.3012e-04  2.5777e-05  7.2504e-04
1.7823e+00  7.0346e-04  2.5654e-05  7.1732e-04
1.7875e+00  7.2012e-04  2.5478e-05  7.0971e-04
1.7926e+00  6.6358e-04  2.5700e-05  7.0221e-04
1.7978e+00  6.7529e-04  2.5429e-05  6.9481e-04
1.8030e+00  6.7202e-04  2.5269e-05  6.8751e-04
1.8081e+00  6.2600e-04  2.5483e-05  6.8032e-04
1.8133e+00  6.5968e-04  2.5341e-05  6.7322e-04
1.8184e+00  6.5606e-04  2.5257e-05  6.6621e-04
1.8236e+00  6.6552e-04  2.5462e-05  6.5931e-04
1.8288e+00  6.7490e-04  2.5309e-05  6.5249e-04
1.8339e+00  6.3717e-04  2.5266e-05  6.4577e-04
1.8391e+00  6.1810e-04  2.5333e-05  6.3914e-04
1.8442e+00  6.2132e-04  2.5277e-05  6.3259e-04
1.8494e+00  5.8289e-04  2.5016e-05  6.2614e-04
1.8546e+00  6.0856e-04  2.5323e-05  6.1977e-04
1.8597e+00  5.9574e-04  2.5269e-05  6.1349e-04
1.8649e+00  6.0194e-04  2.5028e-05  6.0729e-04
1.8700e+00  5.4820e-04  2.5269e-05  6.0117e-04
1.8752e+00  6.2795e-04  2.5120e-05  5.9513e-04
1.8804e+00  6.0182e-04  2.5070e-05  5.8917e-04
1.8855e+00  6.1076e-04  2.5209e-05  5.8329e-04
1.8907e+00  5.7504e-04  2.5054e-05  5.7748e-04
1.8959e+00  5.3373e-04  2.4900e-05  5.7175e-04
1.9010e+00  5.4722e-04  2.5098e-05  5.6610e-04
1.9062e+00  5.3793e-04  2.5026e-05  5.6052e-04
1.9114e+00  5.3545e-04  2.4842e-05  5.5501e-04
1.9165e+00  5.4325e-04  2.5079e-05  5.4957e-04
1.9217e+00  5.2263e-04  2.4856e-05  5.4420e-04
1.9268e+00  4.9255e-04  2.5002e-05  5.3889e-04
1.9320e+00  5.2721e-04  2.5002e-05  5.3366e-04
1.9372e+00  4.9067e-04  2.4782e-05  5.2849e-04
1.9423e+00  5.1945e-04  2.4762e-05  5.2339e-04
1.9475e+00  5.2589e-04  2.4934e-05  5.1834e-04
1.9526e+00  5.0338e-04  2.4820e-05  5.1337e-04
1.9578e+00  5.0628e-04  2.4704e-05  5.0845e-04
1.9630e+00  4.7316e-04  2.4832e-05  5.0360e-04
1.9681e+00  5.0281e-04  2.4785e-05  4.9880e-04
1.9733e+00  4.8960e-04  2.4706e-05  4.9407e-04
1.9785e+00  4.9102e-04  2.4842e-05  4.8939e-04
1.9836e+00  4.8521e-04  2.4726e-05  4.8478e-04
1.9888e+00  4.4700e-04  2.4580e-05  4.8021e-04
1.9939e+00  4.9467e-04  2.4728e-05  4.7571e-04
1.9991e+00  4.3714e-04  2.4600e-05  4.7126e-04
2.0043e+00  4.8972e-04  2.4568e-05  4.6686e-04
2.0094e+00  4.3428e-04  2.4748e-05  4.6252e-04
2.0146e+00  4.2479e-04  2.4658e-05  4.5823e-04
2.0197e+00  4.6045e-04  2.4567e-05  4.5399e-04
2.0249e+00  4.6012e-04  2.4611e-05  4.4981e-04
2.0301e+00  4.8065e-04  2.4567e-05  4.4567e-04
2.0352e+00  4.2484e-04  2.4378e-05  4.4159e-04
2.0404e+00  4.2306e-04  2.4562e-05  4.3756e-04
2.0455e+00  4.4636e-04  2.4466e-05  4.3358e-04
2.0507e+00  4.0750e-04  2.4404e-05  4.2964e-04
2.0559e+00  4.5440e-04  2.4584e-05  4.2576e-04
2.0610e+00  4.0779e-04  2.4398e-05  4.2192e-04
2.0662e+00  4.2415e-04  2.4472e-05  4.1813e-04
2.0714e+00  3.8686e-04  2.4478e-05  4.1439e-04
2.0765e+00  4.4448e-04  2.4335e-05  4.1069e-04
2.0817e+00  4.1358e-04  2.4292e-05  4.0704e-04
2.0869e+00  3.7324e-04  2.4416e-05  4.0344e-04
2.0920e+00  3.5717e-04  2.4341e-05  3.9988e-04
2.0972e+00  3.3511e-04  2.4261e-05  3.9637e-04
2.1023e+00  3.8574e-04  2.4380e-05  3.9290e-04
2.1075e+00  3.9017e-04  2.4351e-05  3.8948e-04
2.1127e+00  4.2165e-04  2.4895e-05  3.8610e-04
2.1178e+00  3.6384e-04  2.5166e-05  3.8276e-04
2.1230e+00  3.6702e-04  2.5150e-05  3.7947e-04
2.1281e+00  4.0151e-04  2.5422e-05  3.7622e-04
2.1333e+00  3.4184e-04  2.5610e-05  3.7302e-04
2.1385e+00  3.5524e-04  2.5615e-05  3.6986e-04
2.1436e+00  3.6740e-04  2.5949e-05  3.6674e-04
2.1488e+00  3.6136e-04  2.6003e-05  3.6366e-04
2.1540e+00  3.2370e-04  2.6020e-05  3.6063e-04
2.1591e+00  3.5412e-04  2.6187e-05  3.5764e-04
2.1643e+00  3.4828e-04  2.6321e-05  3.5469e-04
2.1694e+00  3.6282e-04  2.6270e-05  3.5178e-04
2.1746e+00  3.2265e-04  2.6133e-05  3.4891e-04
2.1798e+00  3.4418e-04  2.5866e-05  3.4608e-04
2.1849e+00  3.8224e-04  2.5499e-05  3.4330e-04
2.1901e+00  3.5451e-04  2.5347e-05  3.4055e-04
2.1952e+00  3.5998e-04  2.5448e-05  3.3785e-04
2.2004e+00  3.3011e-04  2.5293e-05  3.3519e-04
2.2056e+00  3.1030e-04  2.5011e-05  3.3256e-04
2.2107e+00  3.5625e-04  2.5064e-05  3.2998e-04
2.2159e+00  3.2230e-04  2.4926e-05  3.2744e-04
2.2210e+00  3.0521e-04  2.4711e-05  3.2493e-04
2.2262e+00  3.1726e-04  2.4902e-05  3.2247e-04
2.2314e+00  2.8025e-04  2.4693e-05  3.2005e-04
2.2365e+00  3.3544e-04  2.4764e-05  3.1766e-04
2.2417e+00  3.2457e-04  2.4829e-05  3.1532e-04
2.2469e+00  3.1814e-04  2.4701e-05  3.1301e-04
2.2520e+00  3.3553e-04  2.4463e-05  3.1074e-04
2.2572e+00  2.9956e-04  2.4689e-05  3.0851e-04
2.2624e+00  2.9400e-04  2.4440e-05  3.0632e-04
2.2675e+00  2.8817e-04  2.4423e-05  3.0417e-04
2.2727e+00  3.1764e-04  2.4602e-05  3.0205e-04
2.2778e+00  2.9285e-04  2.4429e-05  2.9997e-04
2.2830e+00  2.7902e-04  2.4456e-05  2.9793e-04
2.2882e+00  2.8890e-04  2.4675e-05  2.9593e-04
2.2933e+00  2.8642e-04  2.4343e-05  2.9396e-04
2.2985e+00  2.6076e-04  2.4374e-05  2.9203e-04
2.3036e+00  3.1626e-04  2.4494e-05  2.9014e-04
2.3088e+00  2.9566e-04  2.4277e-05  2.8828e-04
2.3140e+00  2.7207e-04  2.4206e-05  2.8646e-04
2.3191e+00  3.0514e-04  2.4403e-05  2.8467e-04
2.3243e+00  2.7544e-04  2.4167e-05  2.8292e-04
2.3295e+00  2.8679e-04  2.4309e-05  2.8120e-04
2.3346e+00  3.0214e-04  2.4359e-05  2.7952e-04
2.3398e+00  2.6450e-04  2.4172e-05  2.7787e-04
2.3449e+00  3.1081e-04  2.4199e-05  2.7626e-04
2.3501e+00  2.8192e-04  2.4242e-05  2.7468e-04
2.3553e+00  2.6491e-04  2.4016e-05  2.7313e-04
2.3604e+00  3.2134e-04  2.4132e-05  2.7162e-04
2.3656e+00  2.7728e-04  2.4168e-05  2.7014e-04
2.3707e+00  2.7527e-04  2.4102e-05  2.6869e-04
2.3759e+00  3.0340e-04  2.4060e-05  2.6727e-04
2.3811e+00  2.6766e-04  2.4252e-05  2.6588e-04
2.3862e+00  2.4485e-04  2.3910e-05  2.6453e-04
2.3914e+00  2.6920e-04  2.4015e-05  2.6320e-04
2.3965e+00  3.0166e-04  2.4091e-05  2.6191e-04
2.4017e+00  2.1520e-04  2.3893e-05  2.6064e-04
2.4069e+00  2.5915e-04  2.3937e-05  2.5941e-04
2.4120e+00  2.6082e-04  2.4022e-05  2.5820e-04
2.4172e+00  2.4625e-04  2.3821e-05  2.5702e-04
2.4224e+00  2.4571e-04  2.3979e-05  2.5586e-04
2.4275e+00  2.7589e-04  2.3975e-05  2.5474e-04
2.4327e+00  2.7860e-04  2.3861e-05  2.5364e-04
2.4379e+00  2.8747e-04  2.3715e-05  2.5257e-04
2.4430e+00  2.4572e-04  2.3803e-05  2.5152e-04
2.4482e+00  2.6006e-04  2.3589e-05  2.5050e-04
2.4533e+00  2.2658e-04  2.3724e-05  2.4950e-04
2.4585e+00  2.8169e-04  2.3671e-05  2.4852e-04
2.4637e+00  2.5927e-04  2.3535e-05  2.4757e-04
2.4688e+00  2.2330e-04  2.3568e-05  2.4664e-04
2.4740e+00  2.5137e-04  2.3640e-05  2.4574e-04
2.4791e+00  2.2465e-04  2.3420e-05  2.4485e-04
2.4843e+00  2.2232e-04  2.3522e-05  2.4399e-04
2.4895e+00  2.8684e-04  2.3512e-05  2.4315e-04
2.4946e+00  2.8223e-04  2.3377e-05  2.4232e-04
2.4998e+00  2.3330e-04  2.3474e-05  2.4152e-04
2.5050e+00  2.4895e-04  2.3468e-05  2.4073e-04
2.5101e+00  2.3550e-04  2.3364e-05  2.3996e-04
2.5153e+00  2.4391e-04  2.3456e-05  2.3922e-04
2.5204e+00  2.9215e-04  2.3539e-05  2.3848e-04
2.5256e+00  2.3222e-04  2.3338e-05  2.3776e-04
2.5308e+00  2.7326e-04  2.3366e-05  2.3706e-04
2.5359e+00  2.1504e-04  2.3406e-05  2.3638e-04
2.5411e+00  2.2426e-04  2.3300e-05  2.3571e-04
2.5462e+00  2.5950e-04  2.3386e-05  2.3505e-04
2.5514e+00  2.1552e-04  2.3311e-05  2.3440e-04
2.5566e+00  2.3499e-04  2.3307e-05  2.3377e-04
2.5617e+00  2.1776e-04  2.3370e-05  2.3315e-04
2.5669e+00  2.1762e-04  2.3399e-05  2.3254e-04
2.5720e+00  2.2046e-04  2.3468e-05  2.3194e-04
2.5772e+00  2.2928e-04  2.3869e-05  2.3136e-04
2.5824e+00  2.1438e-04  2.4149e-05  2.3078e-04
2.5875e+00  2.5132e-04  2.4349e-05  2.3021e-04
2.5927e+00  2.3190e-04  2.4382e-05  2.2965e-04
2.5979e+00  2.0093e-04  2.4435e-05  2.2910e-04
2.6030e+00  1.9992e-04  2.3887e-05  2.2855e-04
2.6082e+00  2.0031e-04  2.3901e-05  2.2801e-04
2.6134e+00  2.4236e-04  2.3870e-05  2.2748e-04
2.6185e+00  1.9856e-04  2.3634e-05  2.2695e-04
2.6237e+00  2.2018e-04  2.3673e-05  2.2643e-04
2.6288e+00  1.8844e-04  2.3633e-05  2.2592e-04
2.6340e+00  2.1597e-04  2.3429e-05  2.2540e-04
2.6392e+00  1.9163e-04  2.3537e-05  2.2490e-04
2.6443e+00  2.0828e-04  2.3566e-05  2.2439e-04
2.6495e+00  2.1263e-04  2.3522e-05  2.2389e-04
2.6546e+00  2.1523e-04  2.3585e-05  2.2339e-04
2.6598e+00  2.2337e-04  2.3583e-05  2.2289e-04
2.6650e+00  2.1518e-04  2.3451e-05  2.2239e-04
2.6701e+00  2.0002e-04  2.3493e-05  2.2190e-04
2.6753e+00  2.1166e-04  2.3502e-05  2.2140e-04
2.6804e+00  2.0727e-04  2.3337e-05  2.2090e-04
2.6856e+00  2.2318e-04  2.3491e-05  2.2041e-04
2.6908e+00  2.3121e-04  2.3396e-05  2.1991e-04
2.6959e+00  1.8385e-04  2.3350e-05  2.1941e-04
2.7011e+00  2.4700e-04  2.3472e-05  2.1891e-04
2.7063e+00  2.3954e-04  2.3417e-05  2.1841e-04
2.7114e+00  2.0949e-04  2.3324e-05  2.1791e-04
2.7166e+00  2.0646e-04  2.3358e-05  2.1740e-04
2.7217e+00  2.0801e-04  2.3355e-05  2.1689e-04
2.7269e+00  2.2059e-04  2.3235e-05  2.1638e-04
2.7321e+00  2.1185e-04  2.3398e-05  2.1587e-04
2.7372e+00  2.1773e-04  2.3293e-05  2.1535e-04
2.7424e+00  2.0288e-04  2.3242e-05  2.1482e-04
2.7475e+00  2.4056e-04  2.3326e-05  2.1430e-04
2.7527e+00  2.1041e-04  2.3294e-05  2.1377e-04
2.7579e+00  2.0206e-04  2.3219e-05  2.1323e-04
2.7630e+00  2.2029e-04  2.3198e-05  2.1269e-04
2.7682e+00  2.2050e-04  2.3174e-05  2.1215e-04
2.7734e+00  1.8584e-04  2.3053e-05  2.1160e-04
2.7785e+00  2.0507e-04  2.3192e-05  2.1105e-04
2.7837e+00  2.0559e-04  2.3146e-05  2.1049e-04
2.7889e+00  1.6839e-04  2.3047e-05  2.0992e-04
2.7940e+00  1.9285e-04  2.3145e-05  2.0935e-04
2.7992e+00  2.3569e-04  2.3172e-05  2.0878e-04
2.8043e+00  2.4073e-04  2.2936e-05  2.0820e-04
2.8095e+00  1.9933e-04  2.3093e-05  2.0761e-04
2.8147e+00  2.0419e-04  2.2974e-05  2.0702e-04
2.8198e+00  1.6860e-04  2.2824e-05  2.0642e-04
2.8250e+00  2.3016e-04  2.3035e-05  2.0582e-04
2.8301e+00  1.9782e-04  2.2926e-05  2.0521e-04
2.8353e+00  2.0199e-04  2.2910e-05  2.0460e-04
2.8405e+00  1.9328e-04  2.3038e-05  2.0398e-04
2.8456e+00  2.1774e-04  2.3051e-05  2.0335e-04
2.8508e+00  1.9889e-04  2.2890e-05  2.0273e-04
2.8559e+00  1.7880e-04  2.2986e-05  2.0209e-04
2.8611e+00  2.0378e-04  2.2931e-05  2.0145e-04
2.8663e+00  2.2488e-04  2.2850e-05  2.0080e-04
2.8714e+00  2.1276e-04  2.3031e-05  2.0015e-04
2.8766e+00  1.9465e-04  2.2854e-05  1.9950e-04
2.8818e+00  2.2415e-04  2.2874e-05  1.9884e-04
2.8869e+00  1.8700e-04  2.2863e-05  1.9818e-04
2.8921e+00  2.0182e-04  2.2898e-05  1.9751e-04
2.8972e+00  2.4247e-04  2.2694e-05  1.9683e-04
2.9024e+00  1.8234e-04  2.2807e-05  1.9616e-04
2.9076e+00  2.0983e-04  2.2787e-05  1.9548e-04
2.9127e+00  1.9547e-04  2.2659e-05  1.9479e-04
2.9179e+00  2.2534e-04  2.2885e-05  1.9411e-04
2.9230e+00  1.8818e-04  2.2751e-05  1.9342e-04
2.9282e+00  1.8274e-04  2.2934e-05  1.9272e-04
2.9334e+00  2.1363e-04  2.3420e-05  1.9202e-04
2.9385e+00  1.8816e-04  2.3608e-05  1.9133e-04
2.9437e+00  1.8650e-04  2.3769e-05  1.9062e-04
2.9489e+00  1.8725e-04  2.3992e-05  1.8992e-04
2.9540e+00  2.0627e-04  2.4010e-05  1.8922e-04
2.9592e+00  2.3140e-04  2.4280e-05  1.8851e-04
2.9644e+00  1.6705e-04  2.4413e-05  1.8780e-04
2.9695e+00  2.0250e-04  2.4289e-05  1.8709e-04
2.9747e+00  1.5771e-04  2.4568e-05  1.8638e-04
2.9798e+00  2.1257e-04  2.4804e-05  1.8567e-04
2.9850e+00  1.7389e-04  2.4739e-05  1.8496e-04
2.9902e+00  1.9408e-04  2.4795e-05  1.8425e-04
2.9953e+00  1.8779e-04  2.4705e-05  1.8354e-04
3.0005e+00  1.9430e-04  2.4220e-05  1.8283e-04
creator: GNOM
creator-version: 5.0
real-space-rmin: 0.0000
real-space-rmax: 8.0000
condition-r-min-zero: yes
condition-r-max-zero: yes
real-space-points: 172
first-point: 1
last-point: 455
reciprocal-space-rg: 0.2374E+01
reciprocal-space-I0: 0.1730E-01
real-space-range: 8.0000
real-space-rg: 0.2376E+01
real-space-I0: 0.1730E-01
highest-alpha-theor: 0.2904E+03
current-alpha: 0.1253E+02
total-estimate: 0.8087
creator: out2fit
creator-version: 0.2 (r12314)
parent: TipAS_1.96mgml-1_20degBack_sub_ave_cm-1_divconc_nm-1_merged.out
