1.1469e-01  1.5374e-02  2.3329e-03  1.6227e-02
1.2744e-01  2.1227e-02  1.6934e-03  1.6129e-02
1.4018e-01  1.8746e-02  1.5818e-03  1.6022e-02
1.5292e-01  1.4654e-02  1.3522e-03  1.5905e-02
1.6567e-01  1.6674e-02  1.2243e-03  1.5780e-02
1.7841e-01  1.5679e-02  1.2115e-03  1.5645e-02
1.9115e-01  1.7489e-02  1.0501e-03  1.5503e-02
2.0390e-01  1.5234e-02  1.0578e-03  1.5352e-02
2.1664e-01  1.8043e-02  9.3583e-04  1.5193e-02
2.2938e-01  1.7214e-02  9.1631e-04  1.5028e-02
2.4213e-01  1.4670e-02  8.4109e-04  1.4855e-02
2.5487e-01  1.5096e-02  7.8274e-04  1.4675e-02
2.6761e-01  1.6117e-02  7.5307e-04  1.4489e-02
2.8035e-01  1.4703e-02  6.8489e-04  1.4298e-02
2.9310e-01  1.4152e-02  6.7248e-04  1.4100e-02
3.0584e-01  1.4500e-02  6.1770e-04  1.3898e-02
3.1858e-01  1.4174e-02  5.9438e-04  1.3691e-02
3.3132e-01  1.3578e-02  5.6434e-04  1.3480e-02
3.4407e-01  1.2755e-02  5.2444e-04  1.3264e-02
3.5681e-01  1.3356e-02  5.2893e-04  1.3046e-02
3.6955e-01  1.4100e-02  5.0207e-04  1.2824e-02
3.8230e-01  1.2811e-02  4.8748e-04  1.2599e-02
3.9504e-01  1.1438e-02  4.6615e-04  1.2373e-02
4.0778e-01  1.2773e-02  4.5461e-04  1.2144e-02
4.2052e-01  1.1993e-02  4.5373e-04  1.1914e-02
4.3326e-01  1.1593e-02  4.2329e-04  1.1683e-02
4.4601e-01  1.1605e-02  4.3995e-04  1.1451e-02
4.5875e-01  1.0452e-02  4.1020e-04  1.1219e-02
4.7149e-01  1.0752e-02  4.0795e-04  1.0986e-02
4.8423e-01  1.0320e-02  4.0772e-04  1.0754e-02
4.9697e-01  9.6694e-03  3.8533e-04  1.0523e-02
5.0971e-01  1.0496e-02  3.9430e-04  1.0292e-02
5.2246e-01  9.1770e-03  3.6776e-04  1.0063e-02
5.3520e-01  1.0262e-02  3.7862e-04  9.8356e-03
5.4794e-01  9.7613e-03  3.6689e-04  9.6098e-03
5.6068e-01  9.2680e-03  3.5465e-04  9.3860e-03
5.7342e-01  8.6370e-03  3.5253e-04  9.1645e-03
5.8616e-01  8.7770e-03  3.4323e-04  8.9456e-03
5.9890e-01  8.2821e-03  3.4081e-04  8.7294e-03
6.1164e-01  7.8134e-03  3.3743e-04  8.5161e-03
6.2438e-01  8.1165e-03  3.2112e-04  8.3059e-03
6.3712e-01  7.8498e-03  3.3324e-04  8.0990e-03
6.4986e-01  8.3891e-03  3.1589e-04  7.8955e-03
6.6260e-01  6.2112e-03  3.1262e-04  7.6956e-03
6.7534e-01  7.5667e-03  3.0860e-04  7.4993e-03
6.8808e-01  7.0462e-03  3.0830e-04  7.3067e-03
7.0082e-01  6.8334e-03  3.0513e-04  7.1180e-03
7.1356e-01  6.6386e-03  2.9043e-04  6.9331e-03
7.2630e-01  7.1655e-03  2.9855e-04  6.7523e-03
7.3904e-01  6.3505e-03  2.8679e-04  6.5754e-03
7.5178e-01  6.8874e-03  2.9138e-04  6.4025e-03
7.6451e-01  6.3572e-03  2.8471e-04  6.2336e-03
7.7725e-01  6.4611e-03  2.7774e-04  6.0688e-03
7.8999e-01  5.8522e-03  2.7379e-04  5.9080e-03
8.0273e-01  5.5721e-03  2.6694e-04  5.7512e-03
8.1547e-01  5.3307e-03  2.7010e-04  5.5983e-03
8.2821e-01  5.8300e-03  2.6590e-04  5.4494e-03
8.4094e-01  5.8467e-03  2.6276e-04  5.3044e-03
8.5368e-01  5.0041e-03  2.6225e-04  5.1632e-03
8.6642e-01  4.4457e-03  2.5021e-04  5.0257e-03
8.7916e-01  5.1588e-03  2.5601e-04  4.8919e-03
8.9189e-01  4.8981e-03  2.4768e-04  4.7618e-03
9.1736e-01  4.7797e-03  2.5037e-04  4.5120e-03
9.3010e-01  4.4253e-03  2.4396e-04  4.3923e-03
9.4284e-01  4.2591e-03  2.3986e-04  4.2758e-03
9.5557e-01  4.2104e-03  2.3911e-04  4.1625e-03
9.6831e-01  4.2198e-03  2.3963e-04  4.0523e-03
9.8104e-01  3.7423e-03  2.3217e-04  3.9451e-03
9.9378e-01  4.0935e-03  2.3278e-04  3.8408e-03
1.0080e+00  3.7399e-03  3.1356e-05  3.7274e-03
1.0132e+00  3.7468e-03  3.1414e-05  3.6872e-03
1.0184e+00  3.6874e-03  3.1568e-05  3.6474e-03
1.0235e+00  3.6723e-03  3.1751e-05  3.6081e-03
1.0287e+00  3.6459e-03  3.1361e-05  3.5692e-03
1.0338e+00  3.5881e-03  3.1460e-05  3.5307e-03
1.0390e+00  3.4962e-03  3.1384e-05  3.4926e-03
1.0442e+00  3.4415e-03  3.1151e-05  3.4549e-03
1.0493e+00  3.4468e-03  3.1211e-05  3.4177e-03
1.0545e+00  3.4434e-03  3.1392e-05  3.3808e-03
1.0597e+00  3.3338e-03  3.1142e-05  3.3443e-03
1.0648e+00  3.3652e-03  3.1192e-05  3.3083e-03
1.0700e+00  3.3473e-03  3.1369e-05  3.2726e-03
1.0751e+00  3.2690e-03  3.0915e-05  3.2373e-03
1.0803e+00  3.1984e-03  3.1071e-05  3.2023e-03
1.0855e+00  3.1087e-03  3.1193e-05  3.1677e-03
1.0906e+00  3.1568e-03  3.0848e-05  3.1335e-03
1.0958e+00  3.0996e-03  3.0961e-05  3.0996e-03
1.1010e+00  3.0809e-03  3.1112e-05  3.0661e-03
1.1061e+00  3.0887e-03  3.0706e-05  3.0330e-03
1.1113e+00  2.9503e-03  3.1229e-05  3.0001e-03
1.1164e+00  2.9459e-03  3.1622e-05  2.9676e-03
1.1216e+00  2.8731e-03  3.1699e-05  2.9355e-03
1.1268e+00  2.9222e-03  3.1954e-05  2.9036e-03
1.1319e+00  2.8548e-03  3.2204e-05  2.8721e-03
1.1371e+00  2.8500e-03  3.2089e-05  2.8409e-03
1.1422e+00  2.8861e-03  3.2014e-05  2.8101e-03
1.1474e+00  2.7723e-03  3.2234e-05  2.7795e-03
1.1526e+00  2.7435e-03  3.2191e-05  2.7492e-03
1.1577e+00  2.6928e-03  3.2216e-05  2.7193e-03
1.1629e+00  2.6714e-03  3.2074e-05  2.6896e-03
1.1681e+00  2.6528e-03  3.2004e-05  2.6602e-03
1.1732e+00  2.5992e-03  3.2124e-05  2.6312e-03
1.1784e+00  2.6401e-03  3.1556e-05  2.6023e-03
1.1835e+00  2.5516e-03  3.1084e-05  2.5738e-03
1.1887e+00  2.5811e-03  3.1547e-05  2.5456e-03
1.1939e+00  2.4588e-03  3.1450e-05  2.5177e-03
1.1990e+00  2.4600e-03  3.1104e-05  2.4900e-03
1.2042e+00  2.3932e-03  3.1635e-05  2.4625e-03
1.2093e+00  2.4270e-03  3.1421e-05  2.4354e-03
1.2145e+00  2.4352e-03  3.1238e-05  2.4085e-03
1.2197e+00  2.3741e-03  3.1409e-05  2.3819e-03
1.2248e+00  2.2786e-03  3.1269e-05  2.3555e-03
1.2300e+00  2.2897e-03  3.0973e-05  2.3294e-03
1.2352e+00  2.2264e-03  3.1460e-05  2.3036e-03
1.2403e+00  2.3076e-03  3.1252e-05  2.2780e-03
1.2455e+00  2.2344e-03  3.1124e-05  2.2526e-03
1.2506e+00  2.1809e-03  3.1188e-05  2.2275e-03
1.2558e+00  2.2401e-03  3.1132e-05  2.2026e-03
1.2610e+00  2.1680e-03  3.0990e-05  2.1780e-03
1.2661e+00  2.1062e-03  3.1226e-05  2.1536e-03
1.2713e+00  2.1421e-03  3.0976e-05  2.1295e-03
1.2765e+00  2.0561e-03  3.0790e-05  2.1055e-03
1.2816e+00  2.0454e-03  3.0993e-05  2.0819e-03
1.2868e+00  2.1060e-03  3.0884e-05  2.0584e-03
1.2919e+00  1.9750e-03  3.1438e-05  2.0352e-03
1.2971e+00  2.0332e-03  3.1738e-05  2.0122e-03
1.3023e+00  1.9777e-03  3.1639e-05  1.9894e-03
1.3074e+00  1.9279e-03  3.1932e-05  1.9669e-03
1.3126e+00  1.8205e-03  3.2122e-05  1.9446e-03
1.3177e+00  1.9150e-03  3.2075e-05  1.9225e-03
1.3229e+00  1.8942e-03  3.2279e-05  1.9006e-03
1.3281e+00  1.8862e-03  3.2747e-05  1.8789e-03
1.3332e+00  1.8644e-03  3.2407e-05  1.8575e-03
1.3384e+00  1.7437e-03  3.2838e-05  1.8363e-03
1.3436e+00  1.8413e-03  3.2830e-05  1.8153e-03
1.3487e+00  1.7721e-03  3.2716e-05  1.7945e-03
1.3539e+00  1.7489e-03  3.2812e-05  1.7739e-03
1.3590e+00  1.7195e-03  3.2348e-05  1.7535e-03
1.3642e+00  1.7576e-03  3.2090e-05  1.7334e-03
1.3694e+00  1.7054e-03  3.1623e-05  1.7134e-03
1.3745e+00  1.6535e-03  3.1859e-05  1.6937e-03
1.3797e+00  1.6986e-03  3.1764e-05  1.6741e-03
1.3848e+00  1.6225e-03  3.1442e-05  1.6548e-03
1.3900e+00  1.6193e-03  3.1608e-05  1.6356e-03
1.3952e+00  1.6179e-03  3.1174e-05  1.6167e-03
1.4003e+00  1.6090e-03  3.1294e-05  1.5980e-03
1.4055e+00  1.5807e-03  3.1218e-05  1.5795e-03
1.4107e+00  1.5843e-03  3.1101e-05  1.5612e-03
1.4158e+00  1.5453e-03  3.0888e-05  1.5430e-03
1.4210e+00  1.6107e-03  3.1238e-05  1.5251e-03
1.4261e+00  1.5067e-03  3.0945e-05  1.5074e-03
1.4313e+00  1.5237e-03  3.0823e-05  1.4899e-03
1.4365e+00  1.4940e-03  3.0905e-05  1.4725e-03
1.4416e+00  1.4079e-03  3.0685e-05  1.4554e-03
1.4468e+00  1.4854e-03  3.0621e-05  1.4385e-03
1.4520e+00  1.4753e-03  3.0817e-05  1.4217e-03
1.4571e+00  1.4452e-03  3.0442e-05  1.4052e-03
1.4623e+00  1.4294e-03  3.0392e-05  1.3888e-03
1.4674e+00  1.4298e-03  3.0511e-05  1.3726e-03
1.4726e+00  1.3688e-03  3.0568e-05  1.3567e-03
1.4778e+00  1.3380e-03  3.0184e-05  1.3409e-03
1.4829e+00  1.2870e-03  3.0348e-05  1.3253e-03
1.4881e+00  1.3397e-03  3.0191e-05  1.3098e-03
1.4932e+00  1.3109e-03  3.0131e-05  1.2946e-03
1.4984e+00  1.2529e-03  3.0321e-05  1.2796e-03
1.5036e+00  1.2541e-03  3.0022e-05  1.2647e-03
1.5087e+00  1.2525e-03  2.9953e-05  1.2500e-03
1.5139e+00  1.2682e-03  3.0173e-05  1.2355e-03
1.5191e+00  1.2418e-03  3.0113e-05  1.2212e-03
1.5242e+00  1.2396e-03  3.0025e-05  1.2071e-03
1.5294e+00  1.1899e-03  2.9995e-05  1.1931e-03
1.5345e+00  1.1782e-03  2.9966e-05  1.1793e-03
1.5397e+00  1.1457e-03  2.9744e-05  1.1657e-03
1.5449e+00  1.1890e-03  2.9974e-05  1.1523e-03
1.5500e+00  1.1427e-03  2.9778e-05  1.1390e-03
1.5552e+00  1.1443e-03  2.9677e-05  1.1259e-03
1.5603e+00  1.1266e-03  2.9926e-05  1.1130e-03
1.5655e+00  1.1171e-03  2.9793e-05  1.1002e-03
1.5707e+00  1.0990e-03  2.9468e-05  1.0876e-03
1.5758e+00  1.0860e-03  2.9688e-05  1.0752e-03
1.5810e+00  1.0497e-03  2.9634e-05  1.0630e-03
1.5862e+00  1.0399e-03  2.9474e-05  1.0509e-03
1.5913e+00  1.0250e-03  2.9565e-05  1.0390e-03
1.5965e+00  1.0374e-03  2.9445e-05  1.0272e-03
1.6016e+00  1.0558e-03  2.9344e-05  1.0156e-03
1.6068e+00  1.0270e-03  2.9500e-05  1.0041e-03
1.6120e+00  9.8999e-04  2.9342e-05  9.9284e-04
1.6171e+00  9.8736e-04  2.9257e-05  9.8170e-04
1.6223e+00  9.7889e-04  2.9338e-05  9.7072e-04
1.6275e+00  9.4151e-04  2.9303e-05  9.5988e-04
1.6326e+00  9.4282e-04  2.9080e-05  9.4920e-04
1.6378e+00  9.4591e-04  2.9326e-05  9.3866e-04
1.6429e+00  8.7556e-04  2.9104e-05  9.2827e-04
1.6481e+00  9.0012e-04  2.9072e-05  9.1803e-04
1.6533e+00  9.1279e-04  2.9182e-05  9.0792e-04
1.6584e+00  9.5810e-04  2.9208e-05  8.9796e-04
1.6636e+00  9.2431e-04  2.8923e-05  8.8814e-04
1.6687e+00  8.5973e-04  2.9095e-05  8.7846e-04
1.6739e+00  8.6889e-04  2.9000e-05  8.6891e-04
1.6791e+00  8.7971e-04  2.8767e-05  8.5950e-04
1.6842e+00  8.4578e-04  2.8989e-05  8.5022e-04
1.6894e+00  8.2538e-04  2.8871e-05  8.4108e-04
1.6946e+00  8.1003e-04  2.8761e-05  8.3206e-04
1.6997e+00  8.4422e-04  2.9146e-05  8.2316e-04
1.7049e+00  8.0250e-04  2.8619e-05  8.1440e-04
1.7100e+00  7.8590e-04  2.8676e-05  8.0576e-04
1.7152e+00  8.5379e-04  2.8768e-05  7.9724e-04
1.7204e+00  8.1858e-04  2.8668e-05  7.8884e-04
1.7255e+00  7.2691e-04  2.8506e-05  7.8056e-04
1.7307e+00  7.5492e-04  2.8672e-05  7.7239e-04
1.7358e+00  8.0011e-04  2.8592e-05  7.6434e-04
1.7410e+00  7.9155e-04  2.8422e-05  7.5640e-04
1.7462e+00  7.4130e-04  2.8807e-05  7.4857e-04
1.7513e+00  7.2014e-04  2.8449e-05  7.4086e-04
1.7565e+00  6.9623e-04  2.8266e-05  7.3325e-04
1.7617e+00  7.0398e-04  2.8433e-05  7.2574e-04
1.7668e+00  7.0849e-04  2.8242e-05  7.1834e-04
1.7720e+00  7.0946e-04  2.8223e-05  7.1105e-04
1.7771e+00  6.8044e-04  2.8302e-05  7.0385e-04
1.7823e+00  7.5134e-04  2.8216e-05  6.9675e-04
1.7875e+00  6.5180e-04  2.7981e-05  6.8974e-04
1.7926e+00  6.5490e-04  2.8259e-05  6.8284e-04
1.7978e+00  7.3140e-04  2.7949e-05  6.7602e-04
1.8030e+00  7.0726e-04  2.7748e-05  6.6930e-04
1.8081e+00  6.8394e-04  2.8043e-05  6.6267e-04
1.8133e+00  6.1067e-04  2.7877e-05  6.5612e-04
1.8184e+00  6.9229e-04  2.7792e-05  6.4967e-04
1.8236e+00  6.3330e-04  2.7973e-05  6.4329e-04
1.8288e+00  6.1605e-04  2.7840e-05  6.3700e-04
1.8339e+00  6.1055e-04  2.7775e-05  6.3079e-04
1.8391e+00  6.4563e-04  2.7897e-05  6.2467e-04
1.8442e+00  6.1662e-04  2.7754e-05  6.1862e-04
1.8494e+00  5.9276e-04  2.7519e-05  6.1264e-04
1.8546e+00  6.0404e-04  2.7856e-05  6.0675e-04
1.8597e+00  5.6482e-04  2.7760e-05  6.0092e-04
1.8649e+00  6.3473e-04  2.7536e-05  5.9518e-04
1.8700e+00  6.3479e-04  2.7833e-05  5.8950e-04
1.8752e+00  5.3440e-04  2.7609e-05  5.8389e-04
1.8804e+00  5.3525e-04  2.7544e-05  5.7835e-04
1.8855e+00  5.4837e-04  2.7733e-05  5.7287e-04
1.8907e+00  5.7366e-04  2.7527e-05  5.6747e-04
1.8959e+00  5.3136e-04  2.7397e-05  5.6212e-04
1.9010e+00  5.5248e-04  2.7598e-05  5.5685e-04
1.9062e+00  5.3625e-04  2.7530e-05  5.5163e-04
1.9114e+00  5.3411e-04  2.7330e-05  5.4647e-04
1.9165e+00  5.6572e-04  2.7596e-05  5.4137e-04
1.9217e+00  5.1609e-04  2.7333e-05  5.3634e-04
1.9268e+00  5.3173e-04  2.7484e-05  5.3136e-04
1.9320e+00  5.1513e-04  2.7500e-05  5.2643e-04
1.9372e+00  4.6915e-04  2.7263e-05  5.2156e-04
1.9423e+00  5.2624e-04  2.7252e-05  5.1675e-04
1.9475e+00  5.5119e-04  2.7462e-05  5.1199e-04
1.9526e+00  4.9543e-04  2.7341e-05  5.0728e-04
1.9578e+00  5.0524e-04  2.7211e-05  5.0263e-04
1.9630e+00  5.0459e-04  2.7373e-05  4.9802e-04
1.9681e+00  4.7646e-04  2.7249e-05  4.9347e-04
1.9733e+00  4.9634e-04  2.7191e-05  4.8896e-04
1.9785e+00  4.9346e-04  2.7328e-05  4.8450e-04
1.9836e+00  4.7662e-04  2.7176e-05  4.8009e-04
1.9888e+00  4.8371e-04  2.7046e-05  4.7573e-04
1.9939e+00  4.5481e-04  2.7196e-05  4.7141e-04
1.9991e+00  4.6873e-04  2.7072e-05  4.6714e-04
2.0043e+00  4.8462e-04  2.7024e-05  4.6292e-04
2.0094e+00  4.7338e-04  2.7238e-05  4.5874e-04
2.0146e+00  4.4729e-04  2.7151e-05  4.5460e-04
2.0197e+00  4.4760e-04  2.7041e-05  4.5051e-04
2.0249e+00  4.6045e-04  2.7094e-05  4.4646e-04
2.0301e+00  4.5913e-04  2.7041e-05  4.4245e-04
2.0352e+00  4.2423e-04  2.6845e-05  4.3849e-04
2.0404e+00  4.3498e-04  2.7076e-05  4.3456e-04
2.0455e+00  4.3786e-04  2.6907e-05  4.3068e-04
2.0507e+00  4.2695e-04  2.6859e-05  4.2684e-04
2.0559e+00  3.6497e-04  2.7028e-05  4.2304e-04
2.0610e+00  4.3708e-04  2.6881e-05  4.1928e-04
2.0662e+00  4.2795e-04  2.6951e-05  4.1556e-04
2.0714e+00  3.9005e-04  2.6926e-05  4.1188e-04
2.0765e+00  3.8864e-04  2.6783e-05  4.0824e-04
2.0817e+00  4.3177e-04  2.6740e-05  4.0463e-04
2.0869e+00  4.4917e-04  2.6879e-05  4.0107e-04
2.0920e+00  4.0059e-04  2.6810e-05  3.9755e-04
2.0972e+00  3.5870e-04  2.6729e-05  3.9406e-04
2.1023e+00  3.7916e-04  2.6844e-05  3.9062e-04
2.1075e+00  3.5716e-04  2.6776e-05  3.8721e-04
2.1127e+00  3.5460e-04  2.7381e-05  3.8384e-04
2.1178e+00  3.7672e-04  2.7688e-05  3.8051e-04
2.1230e+00  3.3734e-04  2.7670e-05  3.7722e-04
2.1281e+00  3.4641e-04  2.7961e-05  3.7397e-04
2.1333e+00  3.2988e-04  2.8229e-05  3.7075e-04
2.1385e+00  3.8582e-04  2.8228e-05  3.6757e-04
2.1436e+00  3.6118e-04  2.8550e-05  3.6443e-04
2.1488e+00  3.8841e-04  2.8667e-05  3.6133e-04
2.1540e+00  3.5471e-04  2.8658e-05  3.5827e-04
2.1591e+00  3.6035e-04  2.8828e-05  3.5524e-04
2.1643e+00  3.3436e-04  2.8962e-05  3.5226e-04
2.1694e+00  3.7657e-04  2.8911e-05  3.4931e-04
2.1746e+00  2.9386e-04  2.8780e-05  3.4639e-04
2.1798e+00  3.8173e-04  2.8472e-05  3.4352e-04
2.1849e+00  3.3425e-04  2.8058e-05  3.4069e-04
2.1901e+00  3.2532e-04  2.7869e-05  3.3789e-04
2.1952e+00  3.4643e-04  2.8012e-05  3.3513e-04
2.2004e+00  3.2377e-04  2.7850e-05  3.3241e-04
2.2056e+00  2.9897e-04  2.7550e-05  3.2973e-04
2.2107e+00  3.7213e-04  2.7631e-05  3.2708e-04
2.2159e+00  3.4476e-04  2.7457e-05  3.2448e-04
2.2210e+00  3.0917e-04  2.7178e-05  3.2191e-04
2.2262e+00  3.0717e-04  2.7417e-05  3.1938e-04
2.2314e+00  3.2808e-04  2.7206e-05  3.1688e-04
2.2365e+00  2.9072e-04  2.7274e-05  3.1443e-04
2.2417e+00  2.7640e-04  2.7327e-05  3.1202e-04
2.2469e+00  2.9279e-04  2.7178e-05  3.0964e-04
2.2520e+00  3.3889e-04  2.6941e-05  3.0730e-04
2.2572e+00  3.1309e-04  2.7214e-05  3.0500e-04
2.2624e+00  3.1438e-04  2.6925e-05  3.0273e-04
2.2675e+00  2.7815e-04  2.6895e-05  3.0051e-04
2.2727e+00  2.8377e-04  2.7068e-05  2.9832e-04
2.2778e+00  3.3401e-04  2.6936e-05  2.9617e-04
2.2830e+00  3.1768e-04  2.6944e-05  2.9405e-04
2.2882e+00  2.8441e-04  2.7156e-05  2.9198e-04
2.2933e+00  2.5655e-04  2.6805e-05  2.8994e-04
2.2985e+00  2.7871e-04  2.6835e-05  2.8794e-04
2.3036e+00  2.7074e-04  2.6952e-05  2.8598e-04
2.3088e+00  2.9791e-04  2.6745e-05  2.8405e-04
2.3140e+00  2.6847e-04  2.6650e-05  2.8216e-04
2.3191e+00  2.5838e-04  2.6879e-05  2.8031e-04
2.3243e+00  2.9776e-04  2.6601e-05  2.7849e-04
2.3295e+00  2.6767e-04  2.6779e-05  2.7671e-04
2.3346e+00  3.0138e-04  2.6823e-05  2.7497e-04
2.3398e+00  2.8251e-04  2.6637e-05  2.7326e-04
2.3449e+00  2.9380e-04  2.6647e-05  2.7159e-04
2.3501e+00  2.7694e-04  2.6698e-05  2.6995e-04
2.3553e+00  2.4334e-04  2.6438e-05  2.6835e-04
2.3604e+00  2.6079e-04  2.6566e-05  2.6678e-04
2.3656e+00  2.4436e-04  2.6609e-05  2.6524e-04
2.3707e+00  2.4545e-04  2.6530e-05  2.6375e-04
2.3759e+00  2.8162e-04  2.6511e-05  2.6228e-04
2.3811e+00  3.0174e-04  2.6727e-05  2.6085e-04
2.3862e+00  2.7289e-04  2.6359e-05  2.5945e-04
2.3914e+00  2.2184e-04  2.6440e-05  2.5808e-04
2.3965e+00  2.5959e-04  2.6579e-05  2.5674e-04
2.4017e+00  2.5627e-04  2.6342e-05  2.5544e-04
2.4069e+00  2.7554e-04  2.6386e-05  2.5416e-04
2.4120e+00  2.3523e-04  2.6454e-05  2.5292e-04
2.4172e+00  2.3094e-04  2.6246e-05  2.5171e-04
2.4224e+00  2.5818e-04  2.6415e-05  2.5052e-04
2.4275e+00  2.6533e-04  2.6434e-05  2.4937e-04
2.4327e+00  2.6326e-04  2.6269e-05  2.4825e-04
2.4379e+00  2.5931e-04  2.6141e-05  2.4715e-04
2.4430e+00  2.1852e-04  2.6212e-05  2.4608e-04
2.4482e+00  2.3074e-04  2.5972e-05  2.4504e-04
2.4533e+00  2.3272e-04  2.6155e-05  2.4402e-04
2.4585e+00  2.5234e-04  2.6077e-05  2.4304e-04
2.4637e+00  2.4882e-04  2.5934e-05  2.4207e-04
2.4688e+00  2.2616e-04  2.5930e-05  2.4113e-04
2.4740e+00  2.6138e-04  2.6047e-05  2.4022e-04
2.4791e+00  2.6726e-04  2.5824e-05  2.3932e-04
2.4843e+00  2.3781e-04  2.5940e-05  2.3846e-04
2.4895e+00  2.7760e-04  2.5900e-05  2.3761e-04
2.4946e+00  2.7314e-04  2.5760e-05  2.3678e-04
2.4998e+00  2.7448e-04  2.5876e-05  2.3598e-04
2.5050e+00  2.5984e-04  2.5875e-05  2.3520e-04
2.5101e+00  2.3016e-04  2.5762e-05  2.3443e-04
2.5153e+00  2.7258e-04  2.5864e-05  2.3369e-04
2.5204e+00  2.3243e-04  2.5927e-05  2.3296e-04
2.5256e+00  2.1295e-04  2.5696e-05  2.3226e-04
2.5308e+00  2.2340e-04  2.5732e-05  2.3156e-04
2.5359e+00  2.1715e-04  2.5790e-05  2.3089e-04
2.5411e+00  2.2469e-04  2.5647e-05  2.3023e-04
2.5462e+00  2.1923e-04  2.5763e-05  2.2959e-04
2.5514e+00  2.1345e-04  2.5703e-05  2.2896e-04
2.5566e+00  2.4263e-04  2.5685e-05  2.2834e-04
2.5617e+00  2.3645e-04  2.5756e-05  2.2773e-04
2.5669e+00  2.4430e-04  2.5771e-05  2.2714e-04
2.5720e+00  2.5641e-04  2.5849e-05  2.2657e-04
2.5772e+00  2.3602e-04  2.6309e-05  2.2600e-04
2.5824e+00  1.8650e-04  2.6646e-05  2.2544e-04
2.5875e+00  2.3515e-04  2.6819e-05  2.2489e-04
2.5927e+00  2.4900e-04  2.6888e-05  2.2435e-04
2.5979e+00  2.3229e-04  2.6985e-05  2.2382e-04
2.6030e+00  2.5782e-04  2.6349e-05  2.2330e-04
2.6082e+00  2.5230e-04  2.6374e-05  2.2279e-04
2.6134e+00  2.1487e-04  2.6284e-05  2.2228e-04
2.6185e+00  2.1768e-04  2.6075e-05  2.2178e-04
2.6237e+00  2.0150e-04  2.6063e-05  2.2128e-04
2.6288e+00  1.7843e-04  2.6024e-05  2.2079e-04
2.6340e+00  2.2806e-04  2.5863e-05  2.2030e-04
2.6392e+00  2.3673e-04  2.5968e-05  2.1981e-04
2.6443e+00  1.9162e-04  2.5979e-05  2.1933e-04
2.6495e+00  1.7648e-04  2.5973e-05  2.1885e-04
2.6546e+00  2.3632e-04  2.6034e-05  2.1837e-04
2.6598e+00  1.9772e-04  2.6000e-05  2.1790e-04
2.6650e+00  2.3660e-04  2.5830e-05  2.1742e-04
2.6701e+00  1.8752e-04  2.5904e-05  2.1695e-04
2.6753e+00  2.2019e-04  2.5930e-05  2.1648e-04
2.6804e+00  2.1434e-04  2.5719e-05  2.1600e-04
2.6856e+00  1.9878e-04  2.5896e-05  2.1553e-04
2.6908e+00  2.0946e-04  2.5776e-05  2.1505e-04
2.6959e+00  2.3371e-04  2.5791e-05  2.1457e-04
2.7011e+00  1.9437e-04  2.5873e-05  2.1409e-04
2.7063e+00  2.1522e-04  2.5854e-05  2.1361e-04
2.7114e+00  1.9094e-04  2.5704e-05  2.1312e-04
2.7166e+00  1.7025e-04  2.5720e-05  2.1263e-04
2.7217e+00  2.1188e-04  2.5725e-05  2.1214e-04
2.7269e+00  1.9629e-04  2.5598e-05  2.1164e-04
2.7321e+00  1.9881e-04  2.5785e-05  2.1114e-04
2.7372e+00  1.6055e-04  2.5652e-05  2.1064e-04
2.7424e+00  1.8977e-04  2.5645e-05  2.1012e-04
2.7475e+00  1.7703e-04  2.5710e-05  2.0961e-04
2.7527e+00  1.7000e-04  2.5675e-05  2.0909e-04
2.7579e+00  2.0441e-04  2.5603e-05  2.0856e-04
2.7630e+00  2.1886e-04  2.5601e-05  2.0803e-04
2.7682e+00  1.7283e-04  2.5570e-05  2.0749e-04
2.7734e+00  1.8810e-04  2.5398e-05  2.0695e-04
2.7785e+00  2.3141e-04  2.5607e-05  2.0640e-04
2.7837e+00  1.7584e-04  2.5518e-05  2.0584e-04
2.7889e+00  1.9903e-04  2.5425e-05  2.0528e-04
2.7940e+00  2.0018e-04  2.5517e-05  2.0471e-04
2.7992e+00  1.8964e-04  2.5538e-05  2.0414e-04
2.8043e+00  2.3685e-04  2.5315e-05  2.0356e-04
2.8095e+00  1.8708e-04  2.5453e-05  2.0297e-04
2.8147e+00  2.1454e-04  2.5357e-05  2.0237e-04
2.8198e+00  2.0381e-04  2.5216e-05  2.0177e-04
2.8250e+00  1.8850e-04  2.5399e-05  2.0117e-04
2.8301e+00  2.2538e-04  2.5312e-05  2.0055e-04
2.8353e+00  1.7528e-04  2.5277e-05  1.9993e-04
2.8405e+00  1.9378e-04  2.5410e-05  1.9930e-04
2.8456e+00  2.3511e-04  2.5442e-05  1.9867e-04
2.8508e+00  1.6462e-04  2.5255e-05  1.9803e-04
2.8559e+00  2.0442e-04  2.5383e-05  1.9738e-04
2.8611e+00  2.3947e-04  2.5333e-05  1.9673e-04
2.8663e+00  2.4840e-04  2.5221e-05  1.9608e-04
2.8714e+00  2.0417e-04  2.5444e-05  1.9541e-04
2.8766e+00  2.5229e-04  2.5268e-05  1.9474e-04
2.8818e+00  2.1307e-04  2.5214e-05  1.9407e-04
2.8869e+00  1.8267e-04  2.5264e-05  1.9339e-04
2.8921e+00  2.1845e-04  2.5306e-05  1.9270e-04
2.8972e+00  1.4438e-04  2.5015e-05  1.9201e-04
2.9024e+00  1.7897e-04  2.5157e-05  1.9132e-04
2.9076e+00  1.9300e-04  2.5141e-05  1.9062e-04
2.9127e+00  1.9156e-04  2.5022e-05  1.8992e-04
2.9179e+00  2.0741e-04  2.5255e-05  1.8922e-04
2.9230e+00  1.7367e-04  2.5108e-05  1.8851e-04
2.9282e+00  1.7300e-04  2.5306e-05  1.8779e-04
2.9334e+00  1.7473e-04  2.5822e-05  1.8708e-04
2.9385e+00  1.9668e-04  2.6055e-05  1.8636e-04
2.9437e+00  2.0320e-04  2.6232e-05  1.8564e-04
2.9489e+00  2.0188e-04  2.6492e-05  1.8491e-04
2.9540e+00  2.0772e-04  2.6479e-05  1.8419e-04
2.9592e+00  2.0487e-04  2.6765e-05  1.8346e-04
2.9644e+00  1.8426e-04  2.6966e-05  1.8274e-04
2.9695e+00  1.4239e-04  2.6792e-05  1.8201e-04
2.9747e+00  1.6090e-04  2.7142e-05  1.8128e-04
2.9798e+00  2.0881e-04  2.7394e-05  1.8055e-04
2.9850e+00  1.7551e-04  2.7325e-05  1.7982e-04
2.9902e+00  1.9100e-04  2.7335e-05  1.7909e-04
2.9953e+00  2.2530e-04  2.7266e-05  1.7836e-04
3.0005e+00  1.5506e-04  2.6704e-05  1.7763e-04
creator: GNOM
creator-version: 5.0
real-space-rmin: 0.0000
real-space-rmax: 8.0000
condition-r-min-zero: yes
condition-r-max-zero: yes
real-space-points: 169
first-point: 1
last-point: 456
reciprocal-space-rg: 0.2432E+01
reciprocal-space-I0: 0.1665E-01
real-space-range: 8.0000
real-space-rg: 0.2435E+01
real-space-I0: 0.1665E-01
highest-alpha-theor: 0.2286E+03
current-alpha: 0.6124E+01
total-estimate: 0.7573
creator: out2fit
creator-version: 0.2 (r12314)
parent: TipAS_1.96mgml-1_30deg_sub_ave_cm-1_divconc_nm-1_merged.out
