1.1469e-01  1.6397e-02  2.3424e-03  1.5851e-02
1.2744e-01  1.9711e-02  1.6829e-03  1.5754e-02
1.4018e-01  1.7654e-02  1.5737e-03  1.5648e-02
1.5292e-01  1.5359e-02  1.3578e-03  1.5533e-02
1.6567e-01  1.6426e-02  1.2226e-03  1.5409e-02
1.7841e-01  1.3205e-02  1.1911e-03  1.5277e-02
1.9115e-01  1.7416e-02  1.0498e-03  1.5136e-02
2.0390e-01  1.4658e-02  1.0534e-03  1.4987e-02
2.1664e-01  1.6546e-02  9.2451e-04  1.4830e-02
2.2938e-01  1.5296e-02  9.0111e-04  1.4667e-02
2.4213e-01  1.3889e-02  8.3510e-04  1.4496e-02
2.5487e-01  1.6855e-02  7.9690e-04  1.4318e-02
2.6761e-01  1.6040e-02  7.5261e-04  1.4134e-02
2.8035e-01  1.5086e-02  6.8817e-04  1.3945e-02
2.9310e-01  1.3392e-02  6.6614e-04  1.3750e-02
3.0584e-01  1.4008e-02  6.1362e-04  1.3549e-02
3.1858e-01  1.4158e-02  5.9438e-04  1.3344e-02
3.3132e-01  1.2231e-02  5.5237e-04  1.3135e-02
3.4407e-01  1.3957e-02  5.3504e-04  1.2922e-02
3.5681e-01  1.3141e-02  5.2714e-04  1.2705e-02
3.6955e-01  1.2698e-02  4.8992e-04  1.2485e-02
3.8230e-01  1.1586e-02  4.7668e-04  1.2262e-02
3.9504e-01  1.0990e-02  4.6229e-04  1.2037e-02
4.0778e-01  1.1342e-02  4.4240e-04  1.1810e-02
4.2052e-01  1.2491e-02  4.5825e-04  1.1582e-02
4.3326e-01  1.1384e-02  4.2161e-04  1.1352e-02
4.4601e-01  1.1423e-02  4.3848e-04  1.1121e-02
4.5875e-01  1.0456e-02  4.1032e-04  1.0890e-02
4.7149e-01  1.0315e-02  4.0434e-04  1.0659e-02
4.8423e-01  1.0037e-02  4.0540e-04  1.0428e-02
4.9697e-01  9.6244e-03  3.8505e-04  1.0197e-02
5.0971e-01  9.6299e-03  3.8713e-04  9.9680e-03
5.2246e-01  9.1510e-03  3.6764e-04  9.7396e-03
5.3520e-01  9.3797e-03  3.7144e-04  9.5127e-03
5.4794e-01  9.9260e-03  3.6833e-04  9.2876e-03
5.6068e-01  8.9319e-03  3.5206e-04  9.0644e-03
5.7342e-01  9.0768e-03  3.5623e-04  8.8435e-03
5.8616e-01  8.3668e-03  3.4007e-04  8.6251e-03
5.9890e-01  8.4085e-03  3.4192e-04  8.4094e-03
6.1164e-01  7.4662e-03  3.3469e-04  8.1967e-03
6.2438e-01  8.5762e-03  3.2480e-04  7.9870e-03
6.3712e-01  7.3442e-03  3.2922e-04  7.7806e-03
6.4986e-01  8.2036e-03  3.1456e-04  7.5776e-03
6.6260e-01  6.6773e-03  3.1643e-04  7.3782e-03
6.7534e-01  7.2608e-03  3.0632e-04  7.1824e-03
6.8808e-01  7.0949e-03  3.0875e-04  6.9905e-03
7.0082e-01  6.3765e-03  3.0163e-04  6.8024e-03
7.1356e-01  6.5739e-03  2.9002e-04  6.6184e-03
7.2630e-01  6.7603e-03  2.9550e-04  6.4383e-03
7.3904e-01  6.4638e-03  2.8772e-04  6.2623e-03
7.5178e-01  6.4344e-03  2.8800e-04  6.0905e-03
7.6451e-01  6.1835e-03  2.8347e-04  5.9228e-03
7.7725e-01  6.6336e-03  2.7911e-04  5.7593e-03
7.8999e-01  6.3123e-03  2.7733e-04  5.5999e-03
8.0273e-01  5.3832e-03  2.6560e-04  5.4446e-03
8.1547e-01  5.2163e-03  2.6931e-04  5.2935e-03
8.2821e-01  5.3016e-03  2.6202e-04  5.1465e-03
8.4094e-01  5.5832e-03  2.6087e-04  5.0036e-03
8.5368e-01  4.9996e-03  2.6228e-04  4.8646e-03
8.6642e-01  4.7027e-03  2.5211e-04  4.7296e-03
8.7916e-01  4.9800e-03  2.5475e-04  4.5985e-03
8.9189e-01  4.3920e-03  2.4412e-04  4.4712e-03
9.1736e-01  4.2397e-03  2.4454e-04  4.2277e-03
9.3010e-01  4.3053e-03  2.4383e-04  4.1113e-03
9.4284e-01  3.9860e-03  2.3806e-04  3.9984e-03
9.5557e-01  3.8931e-03  2.3644e-04  3.8889e-03
9.6831e-01  3.8214e-03  2.3552e-04  3.7827e-03
9.8104e-01  3.5553e-03  2.3131e-04  3.6797e-03
9.9378e-01  3.8547e-03  2.3110e-04  3.5798e-03
1.0065e+00  3.4110e-03  2.3305e-04  3.4829e-03
1.0132e+00  3.4182e-03  2.7726e-05  3.4332e-03
1.0184e+00  3.4424e-03  2.7890e-05  3.3954e-03
1.0235e+00  3.3725e-03  2.8022e-05  3.3580e-03
1.0287e+00  3.3471e-03  2.7654e-05  3.3210e-03
1.0338e+00  3.3300e-03  2.7760e-05  3.2845e-03
1.0390e+00  3.2458e-03  2.7739e-05  3.2485e-03
1.0442e+00  3.2325e-03  2.7561e-05  3.2129e-03
1.0493e+00  3.2420e-03  2.7597e-05  3.1777e-03
1.0545e+00  3.1026e-03  2.7692e-05  3.1429e-03
1.0597e+00  3.1021e-03  2.7492e-05  3.1086e-03
1.0648e+00  3.1074e-03  2.7558e-05  3.0747e-03
1.0700e+00  2.9771e-03  2.7671e-05  3.0411e-03
1.0751e+00  3.0054e-03  2.7318e-05  3.0080e-03
1.0803e+00  2.9717e-03  2.7470e-05  2.9753e-03
1.0855e+00  2.9675e-03  2.7593e-05  2.9429e-03
1.0906e+00  2.9144e-03  2.7243e-05  2.9109e-03
1.0958e+00  2.8397e-03  2.7329e-05  2.8793e-03
1.1010e+00  2.8885e-03  2.7496e-05  2.8481e-03
1.1061e+00  2.8726e-03  2.7181e-05  2.8172e-03
1.1113e+00  2.7998e-03  2.7621e-05  2.7867e-03
1.1164e+00  2.7781e-03  2.7965e-05  2.7565e-03
1.1216e+00  2.7535e-03  2.8041e-05  2.7266e-03
1.1268e+00  2.6774e-03  2.8244e-05  2.6972e-03
1.1319e+00  2.6783e-03  2.8464e-05  2.6680e-03
1.1371e+00  2.5857e-03  2.8326e-05  2.6391e-03
1.1422e+00  2.6169e-03  2.8281e-05  2.6106e-03
1.1474e+00  2.6439e-03  2.8502e-05  2.5824e-03
1.1526e+00  2.5333e-03  2.8415e-05  2.5546e-03
1.1577e+00  2.5329e-03  2.8559e-05  2.5270e-03
1.1629e+00  2.4963e-03  2.8404e-05  2.4997e-03
1.1681e+00  2.5070e-03  2.8333e-05  2.4727e-03
1.1732e+00  2.4274e-03  2.8424e-05  2.4460e-03
1.1784e+00  2.4202e-03  2.7888e-05  2.4196e-03
1.1835e+00  2.3652e-03  2.7479e-05  2.3935e-03
1.1887e+00  2.3656e-03  2.7884e-05  2.3677e-03
1.1939e+00  2.3249e-03  2.7809e-05  2.3421e-03
1.1990e+00  2.3026e-03  2.7512e-05  2.3169e-03
1.2042e+00  2.2790e-03  2.7968e-05  2.2918e-03
1.2093e+00  2.2386e-03  2.7813e-05  2.2671e-03
1.2145e+00  2.2527e-03  2.7608e-05  2.2426e-03
1.2197e+00  2.2473e-03  2.7800e-05  2.2184e-03
1.2248e+00  2.1913e-03  2.7668e-05  2.1944e-03
1.2300e+00  2.1751e-03  2.7416e-05  2.1706e-03
1.2352e+00  2.1659e-03  2.7858e-05  2.1471e-03
1.2403e+00  2.1010e-03  2.7612e-05  2.1239e-03
1.2455e+00  2.1088e-03  2.7517e-05  2.1009e-03
1.2506e+00  2.0862e-03  2.7610e-05  2.0781e-03
1.2558e+00  2.0431e-03  2.7546e-05  2.0556e-03
1.2610e+00  2.0321e-03  2.7428e-05  2.0332e-03
1.2661e+00  1.9683e-03  2.7610e-05  2.0111e-03
1.2713e+00  1.9676e-03  2.7397e-05  1.9893e-03
1.2765e+00  1.9211e-03  2.7267e-05  1.9676e-03
1.2816e+00  1.9552e-03  2.7449e-05  1.9462e-03
1.2868e+00  1.9141e-03  2.7288e-05  1.9250e-03
1.2919e+00  1.9132e-03  2.7822e-05  1.9040e-03
1.2971e+00  1.8877e-03  2.8031e-05  1.8832e-03
1.3023e+00  1.8945e-03  2.7976e-05  1.8626e-03
1.3074e+00  1.8364e-03  2.8276e-05  1.8422e-03
1.3126e+00  1.7947e-03  2.8441e-05  1.8220e-03
1.3177e+00  1.8230e-03  2.8347e-05  1.8020e-03
1.3229e+00  1.8129e-03  2.8557e-05  1.7823e-03
1.3281e+00  1.7257e-03  2.8941e-05  1.7627e-03
1.3332e+00  1.7440e-03  2.8699e-05  1.7433e-03
1.3384e+00  1.7269e-03  2.9088e-05  1.7241e-03
1.3436e+00  1.6757e-03  2.8987e-05  1.7051e-03
1.3487e+00  1.6657e-03  2.8962e-05  1.6863e-03
1.3539e+00  1.6386e-03  2.9046e-05  1.6677e-03
1.3590e+00  1.6688e-03  2.8642e-05  1.6492e-03
1.3642e+00  1.5807e-03  2.8366e-05  1.6310e-03
1.3694e+00  1.6100e-03  2.8030e-05  1.6129e-03
1.3745e+00  1.6123e-03  2.8193e-05  1.5950e-03
1.3797e+00  1.5625e-03  2.8133e-05  1.5773e-03
1.3848e+00  1.5820e-03  2.7842e-05  1.5598e-03
1.3900e+00  1.5012e-03  2.7944e-05  1.5424e-03
1.3952e+00  1.5176e-03  2.7575e-05  1.5253e-03
1.4003e+00  1.5186e-03  2.7686e-05  1.5083e-03
1.4055e+00  1.5324e-03  2.7662e-05  1.4914e-03
1.4107e+00  1.4585e-03  2.7515e-05  1.4748e-03
1.4158e+00  1.4781e-03  2.7336e-05  1.4583e-03
1.4210e+00  1.4015e-03  2.7574e-05  1.4420e-03
1.4261e+00  1.4267e-03  2.7409e-05  1.4258e-03
1.4313e+00  1.3934e-03  2.7277e-05  1.4099e-03
1.4365e+00  1.3934e-03  2.7368e-05  1.3940e-03
1.4416e+00  1.4069e-03  2.7191e-05  1.3784e-03
1.4468e+00  1.3855e-03  2.7086e-05  1.3629e-03
1.4520e+00  1.3043e-03  2.7263e-05  1.3476e-03
1.4571e+00  1.3253e-03  2.6935e-05  1.3324e-03
1.4623e+00  1.3235e-03  2.6877e-05  1.3174e-03
1.4674e+00  1.3061e-03  2.6957e-05  1.3026e-03
1.4726e+00  1.3087e-03  2.7044e-05  1.2879e-03
1.4778e+00  1.2660e-03  2.6706e-05  1.2734e-03
1.4829e+00  1.2575e-03  2.6863e-05  1.2591e-03
1.4881e+00  1.2418e-03  2.6723e-05  1.2449e-03
1.4932e+00  1.2471e-03  2.6667e-05  1.2308e-03
1.4984e+00  1.2412e-03  2.6838e-05  1.2170e-03
1.5036e+00  1.2197e-03  2.6592e-05  1.2032e-03
1.5087e+00  1.1756e-03  2.6530e-05  1.1896e-03
1.5139e+00  1.1130e-03  2.6683e-05  1.1762e-03
1.5191e+00  1.1559e-03  2.6637e-05  1.1630e-03
1.5242e+00  1.1481e-03  2.6542e-05  1.1498e-03
1.5294e+00  1.1666e-03  2.6582e-05  1.1369e-03
1.5345e+00  1.1234e-03  2.6547e-05  1.1240e-03
1.5397e+00  1.1001e-03  2.6310e-05  1.1114e-03
1.5449e+00  1.0941e-03  2.6517e-05  1.0988e-03
1.5500e+00  1.0778e-03  2.6377e-05  1.0865e-03
1.5552e+00  1.0878e-03  2.6257e-05  1.0742e-03
1.5603e+00  1.0680e-03  2.6486e-05  1.0621e-03
1.5655e+00  1.0420e-03  2.6359e-05  1.0502e-03
1.5707e+00  1.0428e-03  2.6097e-05  1.0384e-03
1.5758e+00  1.0638e-03  2.6303e-05  1.0267e-03
1.5810e+00  1.0032e-03  2.6213e-05  1.0152e-03
1.5862e+00  9.8730e-04  2.6077e-05  1.0038e-03
1.5913e+00  1.0024e-03  2.6210e-05  9.9260e-04
1.5965e+00  9.9310e-04  2.6061e-05  9.8149e-04
1.6016e+00  8.9570e-04  2.5913e-05  9.7053e-04
1.6068e+00  9.3474e-04  2.6150e-05  9.5970e-04
1.6120e+00  9.9457e-04  2.6000e-05  9.4900e-04
1.6171e+00  9.7125e-04  2.5893e-05  9.3844e-04
1.6223e+00  9.6601e-04  2.5984e-05  9.2802e-04
1.6275e+00  9.2235e-04  2.5939e-05  9.1772e-04
1.6326e+00  8.8832e-04  2.5725e-05  9.0755e-04
1.6378e+00  8.8744e-04  2.5963e-05  8.9751e-04
1.6429e+00  9.1180e-04  2.5766e-05  8.8761e-04
1.6481e+00  8.6958e-04  2.5717e-05  8.7783e-04
1.6533e+00  8.6504e-04  2.5807e-05  8.6817e-04
1.6584e+00  9.2155e-04  2.5852e-05  8.5864e-04
1.6636e+00  9.0421e-04  2.5625e-05  8.4923e-04
1.6687e+00  8.3557e-04  2.5762e-05  8.3995e-04
1.6739e+00  8.3018e-04  2.5662e-05  8.3079e-04
1.6791e+00  8.0483e-04  2.5441e-05  8.2174e-04
1.6842e+00  8.0421e-04  2.5635e-05  8.1282e-04
1.6894e+00  8.3700e-04  2.5605e-05  8.0401e-04
1.6946e+00  7.8452e-04  2.5481e-05  7.9532e-04
1.6997e+00  8.1448e-04  2.5818e-05  7.8675e-04
1.7049e+00  7.9439e-04  2.5369e-05  7.7829e-04
1.7100e+00  7.5784e-04  2.5420e-05  7.6994e-04
1.7152e+00  7.4206e-04  2.5436e-05  7.6170e-04
1.7204e+00  7.7516e-04  2.5392e-05  7.5358e-04
1.7255e+00  7.2912e-04  2.5252e-05  7.4556e-04
1.7307e+00  7.1218e-04  2.5394e-05  7.3765e-04
1.7358e+00  7.2782e-04  2.5277e-05  7.2985e-04
1.7410e+00  7.5266e-04  2.5159e-05  7.2215e-04
1.7462e+00  7.4948e-04  2.5486e-05  7.1455e-04
1.7513e+00  7.4110e-04  2.5176e-05  7.0706e-04
1.7565e+00  6.9841e-04  2.4993e-05  6.9967e-04
1.7617e+00  7.0015e-04  2.5195e-05  6.9237e-04
1.7668e+00  6.7187e-04  2.4996e-05  6.8518e-04
1.7720e+00  6.6575e-04  2.4957e-05  6.7808e-04
1.7771e+00  6.3072e-04  2.5054e-05  6.7108e-04
1.7823e+00  6.8375e-04  2.4973e-05  6.6417e-04
1.7875e+00  6.5255e-04  2.4781e-05  6.5736e-04
1.7926e+00  6.5665e-04  2.5016e-05  6.5063e-04
1.7978e+00  6.3250e-04  2.4764e-05  6.4400e-04
1.8030e+00  6.4782e-04  2.4552e-05  6.3746e-04
1.8081e+00  6.3079e-04  2.4827e-05  6.3100e-04
1.8133e+00  6.4413e-04  2.4692e-05  6.2463e-04
1.8184e+00  5.7078e-04  2.4565e-05  6.1835e-04
1.8236e+00  6.4348e-04  2.4774e-05  6.1215e-04
1.8288e+00  6.2208e-04  2.4636e-05  6.0603e-04
1.8339e+00  6.2288e-04  2.4612e-05  5.9999e-04
1.8391e+00  5.6580e-04  2.4665e-05  5.9404e-04
1.8442e+00  5.8678e-04  2.4610e-05  5.8816e-04
1.8494e+00  5.9508e-04  2.4374e-05  5.8236e-04
1.8546e+00  5.9041e-04  2.4635e-05  5.7663e-04
1.8597e+00  5.4935e-04  2.4575e-05  5.7098e-04
1.8649e+00  5.7981e-04  2.4360e-05  5.6541e-04
1.8700e+00  5.4975e-04  2.4626e-05  5.5990e-04
1.8752e+00  5.3590e-04  2.4460e-05  5.5447e-04
1.8804e+00  5.5520e-04  2.4410e-05  5.4911e-04
1.8855e+00  5.1650e-04  2.4535e-05  5.4382e-04
1.8907e+00  5.1404e-04  2.4340e-05  5.3860e-04
1.8959e+00  5.1888e-04  2.4234e-05  5.3344e-04
1.9010e+00  5.3837e-04  2.4440e-05  5.2835e-04
1.9062e+00  5.1042e-04  2.4379e-05  5.2333e-04
1.9114e+00  4.9667e-04  2.4195e-05  5.1837e-04
1.9165e+00  5.3253e-04  2.4407e-05  5.1346e-04
1.9217e+00  5.1846e-04  2.4211e-05  5.0863e-04
1.9268e+00  5.0928e-04  2.4352e-05  5.0385e-04
1.9320e+00  5.1465e-04  2.4360e-05  4.9913e-04
1.9372e+00  4.4895e-04  2.4132e-05  4.9447e-04
1.9423e+00  5.0338e-04  2.4119e-05  4.8987e-04
1.9475e+00  4.8604e-04  2.4280e-05  4.8533e-04
1.9526e+00  5.0699e-04  2.4182e-05  4.8084e-04
1.9578e+00  5.2183e-04  2.4091e-05  4.7641e-04
1.9630e+00  4.3219e-04  2.4176e-05  4.7203e-04
1.9681e+00  4.8935e-04  2.4159e-05  4.6770e-04
1.9733e+00  4.4085e-04  2.4050e-05  4.6343e-04
1.9785e+00  4.7401e-04  2.4195e-05  4.5921e-04
1.9836e+00  4.5470e-04  2.4065e-05  4.5503e-04
1.9888e+00  4.2148e-04  2.3950e-05  4.5091e-04
1.9939e+00  4.2401e-04  2.4087e-05  4.4684e-04
1.9991e+00  4.8206e-04  2.3957e-05  4.4282e-04
2.0043e+00  4.7236e-04  2.3964e-05  4.3884e-04
2.0094e+00  4.2326e-04  2.4071e-05  4.3492e-04
2.0146e+00  3.9955e-04  2.4007e-05  4.3104e-04
2.0197e+00  4.3662e-04  2.3920e-05  4.2720e-04
2.0249e+00  3.8370e-04  2.3993e-05  4.2341e-04
2.0301e+00  4.4089e-04  2.3945e-05  4.1967e-04
2.0352e+00  3.7967e-04  2.3737e-05  4.1597e-04
2.0404e+00  3.7680e-04  2.3952e-05  4.1231e-04
2.0455e+00  3.6252e-04  2.3802e-05  4.0869e-04
2.0507e+00  3.9049e-04  2.3804e-05  4.0512e-04
2.0559e+00  3.6840e-04  2.3913e-05  4.0160e-04
2.0610e+00  3.5836e-04  2.3752e-05  3.9811e-04
2.0662e+00  3.9307e-04  2.3829e-05  3.9466e-04
2.0714e+00  3.5742e-04  2.3844e-05  3.9126e-04
2.0765e+00  3.9023e-04  2.3685e-05  3.8789e-04
2.0817e+00  3.7560e-04  2.3652e-05  3.8457e-04
2.0869e+00  3.9856e-04  2.3792e-05  3.8128e-04
2.0920e+00  4.1392e-04  2.3718e-05  3.7804e-04
2.0972e+00  4.0519e-04  2.3650e-05  3.7483e-04
2.1023e+00  3.4345e-04  2.3747e-05  3.7166e-04
2.1075e+00  3.6791e-04  2.3727e-05  3.6853e-04
2.1127e+00  3.4290e-04  2.4242e-05  3.6544e-04
2.1178e+00  3.5145e-04  2.4487e-05  3.6238e-04
2.1230e+00  3.6877e-04  2.4517e-05  3.5936e-04
2.1281e+00  3.4238e-04  2.4727e-05  3.5638e-04
2.1333e+00  3.5958e-04  2.4932e-05  3.5344e-04
2.1385e+00  3.6553e-04  2.4921e-05  3.5053e-04
2.1436e+00  3.2583e-04  2.5266e-05  3.4766e-04
2.1488e+00  3.7399e-04  2.5354e-05  3.4482e-04
2.1540e+00  2.8466e-04  2.5340e-05  3.4202e-04
2.1591e+00  3.4800e-04  2.5502e-05  3.3926e-04
2.1643e+00  3.8523e-04  2.5654e-05  3.3653e-04
2.1694e+00  3.0971e-04  2.5580e-05  3.3384e-04
2.1746e+00  2.8681e-04  2.5459e-05  3.3118e-04
2.1798e+00  3.0331e-04  2.5173e-05  3.2855e-04
2.1849e+00  3.5102e-04  2.4834e-05  3.2597e-04
2.1901e+00  3.4872e-04  2.4705e-05  3.2341e-04
2.1952e+00  3.0615e-04  2.4785e-05  3.2089e-04
2.2004e+00  3.2551e-04  2.4647e-05  3.1841e-04
2.2056e+00  3.2904e-04  2.4403e-05  3.1595e-04
2.2107e+00  2.9316e-04  2.4433e-05  3.1353e-04
2.2159e+00  2.7651e-04  2.4289e-05  3.1115e-04
2.2210e+00  2.9800e-04  2.4102e-05  3.0880e-04
2.2262e+00  3.2750e-04  2.4314e-05  3.0648e-04
2.2314e+00  3.0661e-04  2.4054e-05  3.0420e-04
2.2365e+00  2.6643e-04  2.4137e-05  3.0195e-04
2.2417e+00  2.9331e-04  2.4133e-05  2.9973e-04
2.2469e+00  3.1352e-04  2.4075e-05  2.9755e-04
2.2520e+00  2.3238e-04  2.3829e-05  2.9540e-04
2.2572e+00  3.0641e-04  2.4090e-05  2.9328e-04
2.2624e+00  2.7163e-04  2.3803e-05  2.9119e-04
2.2675e+00  3.5656e-04  2.3859e-05  2.8914e-04
2.2727e+00  2.7204e-04  2.3979e-05  2.8712e-04
2.2778e+00  2.5414e-04  2.3786e-05  2.8513e-04
2.2830e+00  2.9409e-04  2.3842e-05  2.8317e-04
2.2882e+00  3.3815e-04  2.4052e-05  2.8124e-04
2.2933e+00  2.5175e-04  2.3721e-05  2.7935e-04
2.2985e+00  2.4507e-04  2.3760e-05  2.7749e-04
2.3036e+00  2.4522e-04  2.3855e-05  2.7565e-04
2.3088e+00  2.8955e-04  2.3650e-05  2.7385e-04
2.3140e+00  2.8775e-04  2.3617e-05  2.7208e-04
2.3191e+00  2.8913e-04  2.3787e-05  2.7034e-04
2.3243e+00  2.6085e-04  2.3540e-05  2.6863e-04
2.3295e+00  2.3713e-04  2.3674e-05  2.6695e-04
2.3346e+00  2.7883e-04  2.3761e-05  2.6531e-04
2.3398e+00  2.7495e-04  2.3584e-05  2.6368e-04
2.3449e+00  2.6691e-04  2.3551e-05  2.6210e-04
2.3501e+00  3.0989e-04  2.3621e-05  2.6053e-04
2.3553e+00  2.7391e-04  2.3406e-05  2.5900e-04
2.3604e+00  2.3013e-04  2.3499e-05  2.5750e-04
2.3656e+00  2.4363e-04  2.3535e-05  2.5603e-04
2.3707e+00  2.6417e-04  2.3507e-05  2.5458e-04
2.3759e+00  2.3297e-04  2.3431e-05  2.5316e-04
2.3811e+00  2.2356e-04  2.3637e-05  2.5177e-04
2.3862e+00  2.7239e-04  2.3303e-05  2.5041e-04
2.3914e+00  2.8352e-04  2.3422e-05  2.4907e-04
2.3965e+00  2.7940e-04  2.3499e-05  2.4776e-04
2.4017e+00  2.7894e-04  2.3322e-05  2.4648e-04
2.4069e+00  2.4866e-04  2.3361e-05  2.4522e-04
2.4120e+00  2.9103e-04  2.3414e-05  2.4399e-04
2.4172e+00  2.6030e-04  2.3208e-05  2.4278e-04
2.4224e+00  1.9815e-04  2.3367e-05  2.4160e-04
2.4275e+00  2.4877e-04  2.3394e-05  2.4044e-04
2.4327e+00  2.3436e-04  2.3219e-05  2.3930e-04
2.4379e+00  2.6513e-04  2.3114e-05  2.3819e-04
2.4430e+00  2.1372e-04  2.3207e-05  2.3711e-04
2.4482e+00  2.4385e-04  2.2981e-05  2.3604e-04
2.4533e+00  2.3574e-04  2.3125e-05  2.3500e-04
2.4585e+00  2.1057e-04  2.3057e-05  2.3398e-04
2.4637e+00  2.3072e-04  2.2949e-05  2.3299e-04
2.4688e+00  2.3094e-04  2.2984e-05  2.3201e-04
2.4740e+00  2.0478e-04  2.3011e-05  2.3105e-04
2.4791e+00  2.0831e-04  2.2813e-05  2.3012e-04
2.4843e+00  2.1704e-04  2.2942e-05  2.2920e-04
2.4895e+00  2.1105e-04  2.2884e-05  2.2831e-04
2.4946e+00  2.2735e-04  2.2767e-05  2.2743e-04
2.4998e+00  2.1307e-04  2.2882e-05  2.2657e-04
2.5050e+00  2.5171e-04  2.2885e-05  2.2573e-04
2.5101e+00  2.3466e-04  2.2781e-05  2.2491e-04
2.5153e+00  2.1446e-04  2.2852e-05  2.2410e-04
2.5204e+00  2.2145e-04  2.2932e-05  2.2331e-04
2.5256e+00  2.7935e-04  2.2761e-05  2.2254e-04
2.5308e+00  2.0825e-04  2.2777e-05  2.2178e-04
2.5359e+00  2.1124e-04  2.2818e-05  2.2104e-04
2.5411e+00  2.4185e-04  2.2715e-05  2.2031e-04
2.5462e+00  2.4296e-04  2.2819e-05  2.1959e-04
2.5514e+00  2.0328e-04  2.2741e-05  2.1889e-04
2.5566e+00  2.1529e-04  2.2732e-05  2.1820e-04
2.5617e+00  1.9248e-04  2.2779e-05  2.1753e-04
2.5669e+00  2.0549e-04  2.2783e-05  2.1686e-04
2.5720e+00  2.0708e-04  2.2876e-05  2.1621e-04
2.5772e+00  2.2784e-04  2.3312e-05  2.1557e-04
2.5824e+00  2.0097e-04  2.3582e-05  2.1494e-04
2.5875e+00  2.2752e-04  2.3724e-05  2.1432e-04
2.5927e+00  1.8253e-04  2.3760e-05  2.1371e-04
2.5979e+00  2.1654e-04  2.3871e-05  2.1311e-04
2.6030e+00  2.6407e-04  2.3350e-05  2.1251e-04
2.6082e+00  2.3673e-04  2.3304e-05  2.1193e-04
2.6134e+00  2.3630e-04  2.3282e-05  2.1135e-04
2.6185e+00  2.3234e-04  2.3075e-05  2.1078e-04
2.6237e+00  1.7478e-04  2.3070e-05  2.1021e-04
2.6288e+00  1.7624e-04  2.3064e-05  2.0965e-04
2.6340e+00  2.0453e-04  2.2856e-05  2.0910e-04
2.6392e+00  2.0914e-04  2.2968e-05  2.0856e-04
2.6443e+00  2.0489e-04  2.2987e-05  2.0801e-04
2.6495e+00  1.8509e-04  2.2966e-05  2.0748e-04
2.6546e+00  2.0212e-04  2.2994e-05  2.0694e-04
2.6598e+00  2.4033e-04  2.3045e-05  2.0641e-04
2.6650e+00  1.7062e-04  2.2843e-05  2.0589e-04
2.6701e+00  1.7848e-04  2.2924e-05  2.0536e-04
2.6753e+00  2.1372e-04  2.2946e-05  2.0484e-04
2.6804e+00  1.9619e-04  2.2771e-05  2.0432e-04
2.6856e+00  1.7416e-04  2.2901e-05  2.0380e-04
2.6908e+00  2.3080e-04  2.2812e-05  2.0329e-04
2.6959e+00  2.1011e-04  2.2801e-05  2.0277e-04
2.7011e+00  2.1362e-04  2.2916e-05  2.0226e-04
2.7063e+00  2.2566e-04  2.2821e-05  2.0174e-04
2.7114e+00  2.0903e-04  2.2756e-05  2.0122e-04
2.7166e+00  1.5623e-04  2.2761e-05  2.0071e-04
2.7217e+00  2.3387e-04  2.2776e-05  2.0019e-04
2.7269e+00  1.9418e-04  2.2681e-05  1.9968e-04
2.7321e+00  2.4123e-04  2.2846e-05  1.9916e-04
2.7372e+00  1.6426e-04  2.2685e-05  1.9864e-04
2.7424e+00  1.7528e-04  2.2670e-05  1.9812e-04
2.7475e+00  1.7587e-04  2.2749e-05  1.9759e-04
2.7527e+00  1.9760e-04  2.2725e-05  1.9707e-04
2.7579e+00  2.0607e-04  2.2658e-05  1.9654e-04
2.7630e+00  1.7349e-04  2.2614e-05  1.9600e-04
2.7682e+00  1.7494e-04  2.2607e-05  1.9547e-04
2.7734e+00  2.1219e-04  2.2517e-05  1.9493e-04
2.7785e+00  1.6710e-04  2.2641e-05  1.9439e-04
2.7837e+00  1.8387e-04  2.2616e-05  1.9385e-04
2.7889e+00  1.7724e-04  2.2478e-05  1.9330e-04
2.7940e+00  2.0790e-04  2.2588e-05  1.9275e-04
2.7992e+00  1.7198e-04  2.2608e-05  1.9220e-04
2.8043e+00  1.8774e-04  2.2396e-05  1.9164e-04
2.8095e+00  2.1203e-04  2.2533e-05  1.9108e-04
2.8147e+00  1.4063e-04  2.2408e-05  1.9051e-04
2.8198e+00  2.0640e-04  2.2298e-05  1.8994e-04
2.8250e+00  1.7058e-04  2.2460e-05  1.8937e-04
2.8301e+00  2.1878e-04  2.2405e-05  1.8879e-04
2.8353e+00  2.0747e-04  2.2349e-05  1.8821e-04
2.8405e+00  1.3104e-04  2.2465e-05  1.8762e-04
2.8456e+00  2.0125e-04  2.2481e-05  1.8703e-04
2.8508e+00  2.1212e-04  2.2344e-05  1.8644e-04
2.8559e+00  1.8004e-04  2.2460e-05  1.8584e-04
2.8611e+00  1.7177e-04  2.2374e-05  1.8524e-04
2.8663e+00  1.5788e-04  2.2292e-05  1.8463e-04
2.8714e+00  1.8681e-04  2.2477e-05  1.8402e-04
2.8766e+00  1.8168e-04  2.2311e-05  1.8340e-04
2.8818e+00  1.9225e-04  2.2339e-05  1.8279e-04
2.8869e+00  1.8062e-04  2.2334e-05  1.8216e-04
2.8921e+00  1.8581e-04  2.2361e-05  1.8154e-04
2.8972e+00  1.8378e-04  2.2142e-05  1.8091e-04
2.9024e+00  1.9967e-04  2.2266e-05  1.8028e-04
2.9076e+00  1.9137e-04  2.2237e-05  1.7964e-04
2.9127e+00  2.0347e-04  2.2130e-05  1.7900e-04
2.9179e+00  1.7597e-04  2.2321e-05  1.7836e-04
2.9230e+00  1.9476e-04  2.2199e-05  1.7771e-04
2.9282e+00  2.1456e-04  2.2394e-05  1.7707e-04
2.9334e+00  1.6044e-04  2.2852e-05  1.7642e-04
2.9385e+00  1.5895e-04  2.3052e-05  1.7576e-04
2.9437e+00  1.7412e-04  2.3183e-05  1.7511e-04
2.9489e+00  1.5755e-04  2.3443e-05  1.7445e-04
2.9540e+00  2.0395e-04  2.3461e-05  1.7379e-04
2.9592e+00  1.7119e-04  2.3666e-05  1.7313e-04
2.9644e+00  1.7871e-04  2.3847e-05  1.7247e-04
2.9695e+00  2.0131e-04  2.3720e-05  1.7181e-04
2.9747e+00  2.1069e-04  2.4002e-05  1.7114e-04
2.9798e+00  1.9809e-04  2.4221e-05  1.7048e-04
2.9850e+00  1.5244e-04  2.4150e-05  1.6981e-04
2.9902e+00  1.2539e-04  2.4193e-05  1.6915e-04
2.9953e+00  1.5977e-04  2.4107e-05  1.6848e-04
creator: GNOM
creator-version: 5.0
real-space-rmin: 0.0000
real-space-rmax: 8.0000
condition-r-min-zero: yes
condition-r-max-zero: yes
real-space-points: 169
first-point: 1
last-point: 455
reciprocal-space-rg: 0.2442E+01
reciprocal-space-I0: 0.1627E-01
real-space-range: 8.0000
real-space-rg: 0.2445E+01
real-space-I0: 0.1627E-01
highest-alpha-theor: 0.2493E+03
current-alpha: 0.1098E+02
total-estimate: 0.8313
creator: out2fit
creator-version: 0.2 (r12314)
parent: TipAS_1.96mgml-1_30degBack_sub_ave_cm-1_divconc_nm-1_merged.out
