1.1469e-01  2.1350e-02  1.8658e-03  1.7794e-02
1.2744e-01  2.0190e-02  1.3091e-03  1.7685e-02
1.4018e-01  1.9599e-02  1.2244e-03  1.7567e-02
1.5292e-01  1.7051e-02  1.0652e-03  1.7438e-02
1.6567e-01  1.8499e-02  9.5562e-04  1.7299e-02
1.7841e-01  1.8064e-02  9.4523e-04  1.7151e-02
1.9115e-01  1.8106e-02  8.3026e-04  1.6993e-02
2.0390e-01  1.8653e-02  8.3658e-04  1.6827e-02
2.1664e-01  1.5801e-02  7.2198e-04  1.6652e-02
2.2938e-01  1.6982e-02  7.1247e-04  1.6469e-02
2.4213e-01  1.6361e-02  6.6040e-04  1.6278e-02
2.5487e-01  1.5876e-02  6.1888e-04  1.6079e-02
2.6761e-01  1.8190e-02  5.9315e-04  1.5874e-02
2.8035e-01  1.4632e-02  5.3580e-04  1.5663e-02
2.9310e-01  1.5598e-02  5.2691e-04  1.5445e-02
3.0584e-01  1.6612e-02  4.9214e-04  1.5222e-02
3.1858e-01  1.5877e-02  4.6958e-04  1.4993e-02
3.3132e-01  1.4808e-02  4.4537e-04  1.4760e-02
3.4407e-01  1.5793e-02  4.2378e-04  1.4522e-02
3.5681e-01  1.4479e-02  4.1427e-04  1.4281e-02
3.6955e-01  1.4309e-02  3.9143e-04  1.4036e-02
3.8230e-01  1.4400e-02  3.8527e-04  1.3789e-02
3.9504e-01  1.3261e-02  3.6815e-04  1.3539e-02
4.0778e-01  1.2146e-02  3.5207e-04  1.3286e-02
4.2052e-01  1.2842e-02  3.6027e-04  1.3033e-02
4.3326e-01  1.3002e-02  3.3681e-04  1.2778e-02
4.4601e-01  1.2197e-02  3.4836e-04  1.2522e-02
4.5875e-01  1.2522e-02  3.2800e-04  1.2266e-02
4.7149e-01  1.1887e-02  3.2520e-04  1.2010e-02
4.8423e-01  1.1527e-02  3.2404e-04  1.1754e-02
4.9697e-01  1.0642e-02  3.0674e-04  1.1499e-02
5.0971e-01  1.1245e-02  3.1197e-04  1.1245e-02
5.2246e-01  1.0639e-02  2.9578e-04  1.0992e-02
5.3520e-01  1.0721e-02  2.9901e-04  1.0742e-02
5.4794e-01  1.0561e-02  2.9154e-04  1.0493e-02
5.6068e-01  9.7403e-03  2.7842e-04  1.0246e-02
5.7342e-01  9.8453e-03  2.8398e-04  1.0002e-02
5.8616e-01  1.0084e-02  2.7120e-04  9.7612e-03
5.9890e-01  9.7599e-03  2.7244e-04  9.5231e-03
6.1164e-01  9.2758e-03  2.6727e-04  9.2883e-03
6.2438e-01  9.2332e-03  2.5634e-04  9.0569e-03
6.3712e-01  8.8956e-03  2.6306e-04  8.8292e-03
6.4986e-01  8.7051e-03  2.4814e-04  8.6052e-03
6.6260e-01  8.4186e-03  2.5266e-04  8.3852e-03
6.7534e-01  8.0300e-03  2.4194e-04  8.1692e-03
6.8808e-01  8.2267e-03  2.4514e-04  7.9573e-03
7.0082e-01  8.0745e-03  2.4261e-04  7.7497e-03
7.1356e-01  7.7110e-03  2.3232e-04  7.5464e-03
7.2630e-01  7.0323e-03  2.3431e-04  7.3474e-03
7.3904e-01  7.1560e-03  2.2674e-04  7.1528e-03
7.5178e-01  6.6856e-03  2.2841e-04  6.9627e-03
7.6451e-01  6.2641e-03  2.2225e-04  6.7770e-03
7.7725e-01  7.1454e-03  2.2215e-04  6.5957e-03
7.8999e-01  6.4742e-03  2.1583e-04  6.4189e-03
8.0273e-01  6.3964e-03  2.1283e-04  6.2464e-03
8.1547e-01  5.6026e-03  2.1021e-04  6.0783e-03
8.2821e-01  5.8805e-03  2.0909e-04  5.9146e-03
8.4094e-01  5.2521e-03  2.0421e-04  5.7550e-03
8.5368e-01  5.1153e-03  2.0685e-04  5.5997e-03
8.6642e-01  5.6046e-03  1.9627e-04  5.4485e-03
8.7916e-01  4.8244e-03  2.0004e-04  5.3014e-03
8.9189e-01  5.1351e-03  1.9241e-04  5.1582e-03
9.0463e-01  5.5254e-03  1.9682e-04  5.0189e-03
9.3010e-01  4.7419e-03  1.9220e-04  4.7515e-03
9.4284e-01  4.7512e-03  1.8971e-04  4.6232e-03
9.5557e-01  4.4688e-03  1.8588e-04  4.4985e-03
9.6831e-01  4.5544e-03  1.8569e-04  4.3771e-03
9.8104e-01  4.4030e-03  1.8468e-04  4.2589e-03
9.9378e-01  4.2708e-03  1.8437e-04  4.1440e-03
1.0132e+00  4.0929e-03  3.0221e-05  3.9745e-03
1.0184e+00  3.9575e-03  3.0340e-05  3.9306e-03
1.0235e+00  3.9657e-03  3.0519e-05  3.8872e-03
1.0287e+00  3.8639e-03  3.0104e-05  3.8443e-03
1.0338e+00  3.8202e-03  3.0226e-05  3.8018e-03
1.0390e+00  3.7967e-03  3.0204e-05  3.7597e-03
1.0442e+00  3.7782e-03  2.9962e-05  3.7181e-03
1.0493e+00  3.7139e-03  3.0008e-05  3.6770e-03
1.0545e+00  3.7259e-03  3.0192e-05  3.6363e-03
1.0597e+00  3.6425e-03  2.9972e-05  3.5960e-03
1.0648e+00  3.5960e-03  2.9970e-05  3.5561e-03
1.0700e+00  3.5152e-03  3.0106e-05  3.5166e-03
1.0751e+00  3.4697e-03  2.9723e-05  3.4776e-03
1.0803e+00  3.4494e-03  2.9881e-05  3.4389e-03
1.0855e+00  3.4095e-03  3.0001e-05  3.4006e-03
1.0906e+00  3.3771e-03  2.9632e-05  3.3628e-03
1.0958e+00  3.3654e-03  2.9763e-05  3.3253e-03
1.1010e+00  3.3213e-03  2.9912e-05  3.2882e-03
1.1061e+00  3.2665e-03  2.9501e-05  3.2515e-03
1.1113e+00  3.2310e-03  3.0074e-05  3.2151e-03
1.1164e+00  3.1264e-03  3.0374e-05  3.1791e-03
1.1216e+00  3.2033e-03  3.0493e-05  3.1435e-03
1.1268e+00  3.1184e-03  3.0702e-05  3.1082e-03
1.1319e+00  3.0821e-03  3.0952e-05  3.0733e-03
1.1371e+00  3.0420e-03  3.0808e-05  3.0387e-03
1.1422e+00  3.0186e-03  3.0711e-05  3.0045e-03
1.1474e+00  2.9744e-03  3.0958e-05  2.9706e-03
1.1526e+00  2.9648e-03  3.0931e-05  2.9370e-03
1.1577e+00  2.9225e-03  3.1006e-05  2.9037e-03
1.1629e+00  2.8051e-03  3.0832e-05  2.8708e-03
1.1681e+00  2.7781e-03  3.0726e-05  2.8382e-03
1.1732e+00  2.7955e-03  3.0857e-05  2.8059e-03
1.1784e+00  2.7830e-03  3.0305e-05  2.7739e-03
1.1835e+00  2.7426e-03  2.9814e-05  2.7422e-03
1.1887e+00  2.6832e-03  3.0230e-05  2.7108e-03
1.1939e+00  2.6222e-03  3.0145e-05  2.6798e-03
1.1990e+00  2.6130e-03  2.9857e-05  2.6490e-03
1.2042e+00  2.6238e-03  3.0338e-05  2.6185e-03
1.2093e+00  2.5753e-03  3.0169e-05  2.5883e-03
1.2145e+00  2.5519e-03  2.9950e-05  2.5584e-03
1.2197e+00  2.5060e-03  3.0148e-05  2.5288e-03
1.2248e+00  2.5096e-03  3.0034e-05  2.4994e-03
1.2300e+00  2.4170e-03  2.9697e-05  2.4704e-03
1.2352e+00  2.4473e-03  3.0228e-05  2.4416e-03
1.2403e+00  2.4029e-03  2.9941e-05  2.4131e-03
1.2455e+00  2.4272e-03  2.9841e-05  2.3848e-03
1.2506e+00  2.3147e-03  2.9919e-05  2.3569e-03
1.2558e+00  2.2768e-03  2.9852e-05  2.3292e-03
1.2610e+00  2.2747e-03  2.9751e-05  2.3017e-03
1.2661e+00  2.1903e-03  2.9976e-05  2.2745e-03
1.2713e+00  2.2616e-03  2.9747e-05  2.2476e-03
1.2765e+00  2.2288e-03  2.9557e-05  2.2210e-03
1.2816e+00  2.1522e-03  2.9721e-05  2.1945e-03
1.2868e+00  2.0768e-03  2.9556e-05  2.1684e-03
1.2919e+00  2.1598e-03  3.0181e-05  2.1425e-03
1.2971e+00  2.1044e-03  3.0416e-05  2.1168e-03
1.3023e+00  2.1080e-03  3.0334e-05  2.0914e-03
1.3074e+00  2.0339e-03  3.0630e-05  2.0663e-03
1.3126e+00  1.9532e-03  3.0800e-05  2.0414e-03
1.3177e+00  1.9765e-03  3.0742e-05  2.0167e-03
1.3229e+00  1.9320e-03  3.0846e-05  1.9923e-03
1.3281e+00  1.9800e-03  3.1330e-05  1.9681e-03
1.3332e+00  1.9723e-03  3.1069e-05  1.9442e-03
1.3384e+00  1.8891e-03  3.1501e-05  1.9205e-03
1.3436e+00  1.8702e-03  3.1425e-05  1.8971e-03
1.3487e+00  1.8607e-03  3.1382e-05  1.8739e-03
1.3539e+00  1.8009e-03  3.1444e-05  1.8509e-03
1.3590e+00  1.8030e-03  3.0998e-05  1.8281e-03
1.3642e+00  1.8164e-03  3.0757e-05  1.8056e-03
1.3694e+00  1.7911e-03  3.0358e-05  1.7834e-03
1.3745e+00  1.7648e-03  3.0520e-05  1.7613e-03
1.3797e+00  1.6891e-03  3.0441e-05  1.7395e-03
1.3848e+00  1.6968e-03  3.0140e-05  1.7179e-03
1.3900e+00  1.6869e-03  3.0284e-05  1.6966e-03
1.3952e+00  1.6857e-03  2.9876e-05  1.6755e-03
1.4003e+00  1.6341e-03  2.9977e-05  1.6546e-03
1.4055e+00  1.6440e-03  2.9937e-05  1.6339e-03
1.4107e+00  1.6428e-03  2.9826e-05  1.6135e-03
1.4158e+00  1.6522e-03  2.9565e-05  1.5933e-03
1.4210e+00  1.6265e-03  2.9882e-05  1.5733e-03
1.4261e+00  1.6008e-03  2.9685e-05  1.5535e-03
1.4313e+00  1.4785e-03  2.9497e-05  1.5340e-03
1.4365e+00  1.4950e-03  2.9611e-05  1.5147e-03
1.4416e+00  1.4932e-03  2.9436e-05  1.4956e-03
1.4468e+00  1.4713e-03  2.9309e-05  1.4767e-03
1.4520e+00  1.4919e-03  2.9486e-05  1.4581e-03
1.4571e+00  1.4535e-03  2.9162e-05  1.4396e-03
1.4623e+00  1.4270e-03  2.9069e-05  1.4214e-03
1.4674e+00  1.3972e-03  2.9175e-05  1.4034e-03
1.4726e+00  1.4086e-03  2.9262e-05  1.3856e-03
1.4778e+00  1.4090e-03  2.8890e-05  1.3681e-03
1.4829e+00  1.3848e-03  2.9050e-05  1.3507e-03
1.4881e+00  1.3670e-03  2.8908e-05  1.3336e-03
1.4932e+00  1.3481e-03  2.8830e-05  1.3167e-03
1.4984e+00  1.2774e-03  2.9019e-05  1.3000e-03
1.5036e+00  1.2910e-03  2.8767e-05  1.2835e-03
1.5087e+00  1.3044e-03  2.8692e-05  1.2672e-03
1.5139e+00  1.1927e-03  2.8854e-05  1.2511e-03
1.5191e+00  1.2166e-03  2.8802e-05  1.2352e-03
1.5242e+00  1.1783e-03  2.8706e-05  1.2196e-03
1.5294e+00  1.2062e-03  2.8717e-05  1.2041e-03
1.5345e+00  1.1742e-03  2.8669e-05  1.1888e-03
1.5397e+00  1.1643e-03  2.8458e-05  1.1738e-03
1.5449e+00  1.1649e-03  2.8731e-05  1.1589e-03
1.5500e+00  1.1667e-03  2.8509e-05  1.1443e-03
1.5552e+00  1.1541e-03  2.8430e-05  1.1298e-03
1.5603e+00  1.1593e-03  2.8671e-05  1.1156e-03
1.5655e+00  1.0838e-03  2.8510e-05  1.1015e-03
1.5707e+00  1.0800e-03  2.8166e-05  1.0876e-03
1.5758e+00  1.0145e-03  2.8449e-05  1.0740e-03
1.5810e+00  1.0694e-03  2.8335e-05  1.0605e-03
1.5862e+00  1.0233e-03  2.8199e-05  1.0472e-03
1.5913e+00  1.0367e-03  2.8323e-05  1.0341e-03
1.5965e+00  1.0538e-03  2.8200e-05  1.0212e-03
1.6016e+00  9.5269e-04  2.8023e-05  1.0085e-03
1.6068e+00  1.0405e-03  2.8249e-05  9.9592e-04
1.6120e+00  9.6874e-04  2.8079e-05  9.8356e-04
1.6171e+00  9.4998e-04  2.7991e-05  9.7138e-04
1.6223e+00  9.3520e-04  2.8087e-05  9.5938e-04
1.6275e+00  9.7909e-04  2.8021e-05  9.4755e-04
1.6326e+00  9.4732e-04  2.7817e-05  9.3590e-04
1.6378e+00  9.0303e-04  2.8080e-05  9.2442e-04
1.6429e+00  9.2727e-04  2.7869e-05  9.1311e-04
1.6481e+00  8.8872e-04  2.7809e-05  9.0197e-04
1.6533e+00  9.0367e-04  2.7922e-05  8.9100e-04
1.6584e+00  9.2266e-04  2.7900e-05  8.8020e-04
1.6636e+00  8.9116e-04  2.7667e-05  8.6956e-04
1.6687e+00  9.1782e-04  2.7880e-05  8.5908e-04
1.6739e+00  8.1410e-04  2.7745e-05  8.4876e-04
1.6791e+00  8.6150e-04  2.7535e-05  8.3860e-04
1.6842e+00  9.0506e-04  2.7757e-05  8.2860e-04
1.6894e+00  8.0395e-04  2.7647e-05  8.1874e-04
1.6946e+00  8.2500e-04  2.7519e-05  8.0904e-04
1.6997e+00  7.9344e-04  2.7905e-05  7.9949e-04
1.7049e+00  8.1545e-04  2.7399e-05  7.9008e-04
1.7100e+00  7.9821e-04  2.7469e-05  7.8082e-04
1.7152e+00  8.0382e-04  2.7500e-05  7.7171e-04
1.7204e+00  7.7079e-04  2.7415e-05  7.6273e-04
1.7255e+00  6.9840e-04  2.7268e-05  7.5389e-04
1.7307e+00  7.9287e-04  2.7427e-05  7.4519e-04
1.7358e+00  7.6550e-04  2.7295e-05  7.3663e-04
1.7410e+00  7.5946e-04  2.7179e-05  7.2819e-04
1.7462e+00  7.1541e-04  2.7563e-05  7.1989e-04
1.7513e+00  6.9955e-04  2.7219e-05  7.1171e-04
1.7565e+00  6.9533e-04  2.7046e-05  7.0366e-04
1.7617e+00  7.1566e-04  2.7247e-05  6.9574e-04
1.7668e+00  7.5154e-04  2.7037e-05  6.8793e-04
1.7720e+00  7.2341e-04  2.6959e-05  6.8025e-04
1.7771e+00  6.9950e-04  2.7069e-05  6.7268e-04
1.7823e+00  6.5885e-04  2.6980e-05  6.6522e-04
1.7875e+00  6.5224e-04  2.6772e-05  6.5788e-04
1.7926e+00  6.6284e-04  2.7042e-05  6.5065e-04
1.7978e+00  6.9972e-04  2.6759e-05  6.4353e-04
1.8030e+00  5.9153e-04  2.6521e-05  6.3651e-04
1.8081e+00  6.4255e-04  2.6806e-05  6.2960e-04
1.8133e+00  6.2882e-04  2.6685e-05  6.2279e-04
1.8184e+00  5.8794e-04  2.6535e-05  6.1609e-04
1.8236e+00  6.0689e-04  2.6730e-05  6.0947e-04
1.8288e+00  6.2780e-04  2.6621e-05  6.0296e-04
1.8339e+00  6.0910e-04  2.6580e-05  5.9654e-04
1.8391e+00  5.5671e-04  2.6624e-05  5.9022e-04
1.8442e+00  5.4464e-04  2.6550e-05  5.8398e-04
1.8494e+00  5.6023e-04  2.6304e-05  5.7783e-04
1.8546e+00  5.3509e-04  2.6618e-05  5.7177e-04
1.8597e+00  5.7370e-04  2.6557e-05  5.6580e-04
1.8649e+00  5.3392e-04  2.6282e-05  5.5990e-04
1.8700e+00  5.4603e-04  2.6581e-05  5.5409e-04
1.8752e+00  5.5407e-04  2.6417e-05  5.4836e-04
1.8804e+00  5.3761e-04  2.6360e-05  5.4271e-04
1.8855e+00  5.4301e-04  2.6546e-05  5.3713e-04
1.8907e+00  4.7036e-04  2.6328e-05  5.3163e-04
1.8959e+00  5.4126e-04  2.6211e-05  5.2620e-04
1.9010e+00  5.3772e-04  2.6407e-05  5.2084e-04
1.9062e+00  4.8895e-04  2.6296e-05  5.1555e-04
1.9114e+00  4.7138e-04  2.6153e-05  5.1033e-04
1.9165e+00  4.5256e-04  2.6358e-05  5.0517e-04
1.9217e+00  4.4223e-04  2.6146e-05  5.0008e-04
1.9268e+00  4.6774e-04  2.6277e-05  4.9506e-04
1.9320e+00  4.6088e-04  2.6277e-05  4.9010e-04
1.9372e+00  4.9234e-04  2.6064e-05  4.8519e-04
1.9423e+00  4.6779e-04  2.6044e-05  4.8035e-04
1.9475e+00  4.6226e-04  2.6212e-05  4.7557e-04
1.9526e+00  4.6065e-04  2.6093e-05  4.7084e-04
1.9578e+00  4.8202e-04  2.6013e-05  4.6617e-04
1.9630e+00  4.5129e-04  2.6137e-05  4.6156e-04
1.9681e+00  4.5595e-04  2.6055e-05  4.5700e-04
1.9733e+00  4.7553e-04  2.6003e-05  4.5249e-04
1.9785e+00  4.3608e-04  2.6147e-05  4.4804e-04
1.9836e+00  4.5056e-04  2.6017e-05  4.4363e-04
1.9888e+00  4.2741e-04  2.5854e-05  4.3928e-04
1.9939e+00  4.3451e-04  2.6003e-05  4.3497e-04
1.9991e+00  3.9824e-04  2.5855e-05  4.3071e-04
2.0043e+00  4.4141e-04  2.5858e-05  4.2650e-04
2.0094e+00  4.1517e-04  2.6024e-05  4.2234e-04
2.0146e+00  4.1794e-04  2.5928e-05  4.1822e-04
2.0197e+00  3.8970e-04  2.5823e-05  4.1415e-04
2.0249e+00  4.0858e-04  2.5864e-05  4.1012e-04
2.0301e+00  4.2770e-04  2.5838e-05  4.0614e-04
2.0352e+00  3.7152e-04  2.5648e-05  4.0220e-04
2.0404e+00  4.0112e-04  2.5881e-05  3.9830e-04
2.0455e+00  3.3299e-04  2.5715e-05  3.9444e-04
2.0507e+00  3.6394e-04  2.5703e-05  3.9063e-04
2.0559e+00  3.7378e-04  2.5845e-05  3.8685e-04
2.0610e+00  4.1872e-04  2.5684e-05  3.8312e-04
2.0662e+00  3.7319e-04  2.5704e-05  3.7942e-04
2.0714e+00  3.4235e-04  2.5745e-05  3.7577e-04
2.0765e+00  3.4580e-04  2.5603e-05  3.7216e-04
2.0817e+00  3.9819e-04  2.5561e-05  3.6858e-04
2.0869e+00  3.5788e-04  2.5692e-05  3.6504e-04
2.0920e+00  3.5812e-04  2.5620e-05  3.6155e-04
2.0972e+00  3.3997e-04  2.5514e-05  3.5809e-04
2.1023e+00  3.0491e-04  2.5624e-05  3.5466e-04
2.1075e+00  3.4405e-04  2.5607e-05  3.5128e-04
2.1127e+00  3.2878e-04  2.6183e-05  3.4793e-04
2.1178e+00  3.1580e-04  2.6451e-05  3.4462e-04
2.1230e+00  3.6372e-04  2.6463e-05  3.4135e-04
2.1281e+00  3.3375e-04  2.6710e-05  3.3812e-04
2.1333e+00  3.1139e-04  2.6915e-05  3.3492e-04
2.1385e+00  3.7588e-04  2.6951e-05  3.3176e-04
2.1436e+00  3.6244e-04  2.7281e-05  3.2864e-04
2.1488e+00  3.2354e-04  2.7345e-05  3.2555e-04
2.1540e+00  3.2710e-04  2.7372e-05  3.2250e-04
2.1591e+00  3.6257e-04  2.7566e-05  3.1949e-04
2.1643e+00  2.9847e-04  2.7657e-05  3.1651e-04
2.1694e+00  2.9486e-04  2.7576e-05  3.1357e-04
2.1746e+00  2.8703e-04  2.7494e-05  3.1067e-04
2.1798e+00  2.2619e-04  2.7200e-05  3.0780e-04
2.1849e+00  2.7522e-04  2.6825e-05  3.0497e-04
2.1901e+00  2.9727e-04  2.6634e-05  3.0218e-04
2.1952e+00  3.2089e-04  2.6805e-05  2.9942e-04
2.2004e+00  3.1813e-04  2.6622e-05  2.9671e-04
2.2056e+00  2.7311e-04  2.6322e-05  2.9402e-04
2.2107e+00  2.6161e-04  2.6379e-05  2.9138e-04
2.2159e+00  2.8805e-04  2.6219e-05  2.8877e-04
2.2210e+00  2.5818e-04  2.6031e-05  2.8620e-04
2.2262e+00  2.6937e-04  2.6193e-05  2.8367e-04
2.2314e+00  2.9618e-04  2.5996e-05  2.8117e-04
2.2365e+00  2.6226e-04  2.6062e-05  2.7871e-04
2.2417e+00  2.8527e-04  2.6101e-05  2.7629e-04
2.2469e+00  2.4870e-04  2.5950e-05  2.7390e-04
2.2520e+00  2.7539e-04  2.5759e-05  2.7155e-04
2.2572e+00  2.7808e-04  2.5959e-05  2.6924e-04
2.2624e+00  2.7021e-04  2.5739e-05  2.6697e-04
2.2675e+00  2.9883e-04  2.5735e-05  2.6473e-04
2.2727e+00  2.6743e-04  2.5902e-05  2.6253e-04
2.2778e+00  2.5640e-04  2.5691e-05  2.6037e-04
2.2830e+00  2.7335e-04  2.5738e-05  2.5824e-04
2.2882e+00  2.9354e-04  2.5949e-05  2.5616e-04
2.2933e+00  2.1565e-04  2.5631e-05  2.5411e-04
2.2985e+00  2.9337e-04  2.5711e-05  2.5209e-04
2.3036e+00  2.2033e-04  2.5760e-05  2.5012e-04
2.3088e+00  2.3794e-04  2.5550e-05  2.4818e-04
2.3140e+00  2.2466e-04  2.5514e-05  2.4627e-04
2.3191e+00  2.1983e-04  2.5684e-05  2.4440e-04
2.3243e+00  2.1922e-04  2.5398e-05  2.4257e-04
2.3295e+00  2.0515e-04  2.5584e-05  2.4078e-04
2.3346e+00  1.9523e-04  2.5624e-05  2.3902e-04
2.3398e+00  2.4125e-04  2.5450e-05  2.3730e-04
2.3449e+00  2.4129e-04  2.5419e-05  2.3561e-04
2.3501e+00  2.1787e-04  2.5499e-05  2.3396e-04
2.3553e+00  2.3043e-04  2.5267e-05  2.3235e-04
2.3604e+00  2.1560e-04  2.5376e-05  2.3077e-04
2.3656e+00  2.4636e-04  2.5451e-05  2.2922e-04
2.3707e+00  2.5726e-04  2.5367e-05  2.2771e-04
2.3759e+00  1.6730e-04  2.5283e-05  2.2623e-04
2.3811e+00  2.4737e-04  2.5529e-05  2.2479e-04
2.3862e+00  2.2224e-04  2.5170e-05  2.2338e-04
2.3914e+00  2.4458e-04  2.5286e-05  2.2200e-04
2.3965e+00  2.2986e-04  2.5377e-05  2.2066e-04
2.4017e+00  2.4240e-04  2.5173e-05  2.1935e-04
2.4069e+00  2.1830e-04  2.5213e-05  2.1807e-04
2.4120e+00  2.3073e-04  2.5265e-05  2.1682e-04
2.4172e+00  2.4221e-04  2.5085e-05  2.1561e-04
2.4224e+00  1.6607e-04  2.5216e-05  2.1442e-04
2.4275e+00  2.3810e-04  2.5264e-05  2.1327e-04
2.4327e+00  1.7842e-04  2.5053e-05  2.1214e-04
2.4379e+00  2.3020e-04  2.4947e-05  2.1105e-04
2.4430e+00  2.0579e-04  2.5061e-05  2.0998e-04
2.4482e+00  2.1682e-04  2.4831e-05  2.0894e-04
2.4533e+00  2.3339e-04  2.4986e-05  2.0793e-04
2.4585e+00  2.0614e-04  2.4909e-05  2.0695e-04
2.4637e+00  1.9172e-04  2.4760e-05  2.0599e-04
2.4688e+00  2.1270e-04  2.4785e-05  2.0506e-04
2.4740e+00  2.0502e-04  2.4855e-05  2.0416e-04
2.4791e+00  2.1002e-04  2.4629e-05  2.0328e-04
2.4843e+00  1.4344e-04  2.4773e-05  2.0242e-04
2.4895e+00  2.2353e-04  2.4719e-05  2.0159e-04
2.4946e+00  2.1571e-04  2.4586e-05  2.0078e-04
2.4998e+00  2.2944e-04  2.4731e-05  1.9999e-04
2.5050e+00  1.9390e-04  2.4739e-05  1.9923e-04
2.5101e+00  2.0871e-04  2.4596e-05  1.9848e-04
2.5153e+00  2.2167e-04  2.4661e-05  1.9776e-04
2.5204e+00  1.7294e-04  2.4747e-05  1.9706e-04
2.5256e+00  1.9983e-04  2.4547e-05  1.9637e-04
2.5308e+00  2.0693e-04  2.4606e-05  1.9571e-04
2.5359e+00  1.8628e-04  2.4666e-05  1.9506e-04
2.5411e+00  2.1002e-04  2.4498e-05  1.9442e-04
2.5462e+00  2.2169e-04  2.4624e-05  1.9381e-04
2.5514e+00  1.5090e-04  2.4535e-05  1.9321e-04
2.5566e+00  1.4885e-04  2.4513e-05  1.9262e-04
2.5617e+00  2.2573e-04  2.4608e-05  1.9205e-04
2.5669e+00  2.0981e-04  2.4616e-05  1.9150e-04
2.5720e+00  1.6672e-04  2.4682e-05  1.9095e-04
2.5772e+00  2.0696e-04  2.5150e-05  1.9042e-04
2.5824e+00  1.8526e-04  2.5453e-05  1.8990e-04
2.5875e+00  2.5173e-04  2.5631e-05  1.8939e-04
2.5927e+00  2.0193e-04  2.5680e-05  1.8889e-04
2.5979e+00  1.8748e-04  2.5776e-05  1.8840e-04
2.6030e+00  1.6356e-04  2.5157e-05  1.8791e-04
2.6082e+00  2.2568e-04  2.5175e-05  1.8744e-04
2.6134e+00  2.0862e-04  2.5152e-05  1.8697e-04
2.6185e+00  2.2500e-04  2.4892e-05  1.8651e-04
2.6237e+00  2.1642e-04  2.4924e-05  1.8606e-04
2.6288e+00  1.5046e-04  2.4872e-05  1.8561e-04
2.6340e+00  1.9478e-04  2.4695e-05  1.8516e-04
2.6392e+00  1.3445e-04  2.4806e-05  1.8473e-04
2.6443e+00  1.9448e-04  2.4810e-05  1.8429e-04
2.6495e+00  1.8282e-04  2.4788e-05  1.8385e-04
2.6546e+00  1.9695e-04  2.4839e-05  1.8342e-04
2.6598e+00  1.6161e-04  2.4838e-05  1.8299e-04
2.6650e+00  1.6982e-04  2.4687e-05  1.8257e-04
2.6701e+00  1.6399e-04  2.4765e-05  1.8214e-04
2.6753e+00  2.4636e-04  2.4779e-05  1.8171e-04
2.6804e+00  2.0866e-04  2.4596e-05  1.8128e-04
2.6856e+00  1.4984e-04  2.4713e-05  1.8085e-04
2.6908e+00  1.7952e-04  2.4617e-05  1.8042e-04
2.6959e+00  2.0695e-04  2.4608e-05  1.7999e-04
2.7011e+00  1.3865e-04  2.4704e-05  1.7955e-04
2.7063e+00  1.5408e-04  2.4657e-05  1.7912e-04
2.7114e+00  1.6520e-04  2.4567e-05  1.7867e-04
2.7166e+00  1.6190e-04  2.4581e-05  1.7823e-04
2.7217e+00  1.9500e-04  2.4583e-05  1.7778e-04
2.7269e+00  1.7023e-04  2.4478e-05  1.7733e-04
2.7321e+00  1.6413e-04  2.4646e-05  1.7687e-04
2.7372e+00  1.7535e-04  2.4528e-05  1.7641e-04
2.7424e+00  1.7871e-04  2.4480e-05  1.7594e-04
2.7475e+00  1.5046e-04  2.4541e-05  1.7546e-04
2.7527e+00  1.8247e-04  2.4523e-05  1.7498e-04
2.7579e+00  1.6229e-04  2.4441e-05  1.7449e-04
2.7630e+00  1.4835e-04  2.4414e-05  1.7400e-04
2.7682e+00  1.7821e-04  2.4427e-05  1.7350e-04
2.7734e+00  1.6129e-04  2.4276e-05  1.7299e-04
2.7785e+00  1.7147e-04  2.4430e-05  1.7248e-04
2.7837e+00  1.6356e-04  2.4371e-05  1.7196e-04
2.7889e+00  1.4234e-04  2.4273e-05  1.7143e-04
2.7940e+00  1.7876e-04  2.4406e-05  1.7089e-04
2.7992e+00  1.7064e-04  2.4402e-05  1.7035e-04
2.8043e+00  1.6533e-04  2.4161e-05  1.6980e-04
2.8095e+00  2.0684e-04  2.4338e-05  1.6924e-04
2.8147e+00  1.4985e-04  2.4185e-05  1.6867e-04
2.8198e+00  1.6511e-04  2.4085e-05  1.6809e-04
2.8250e+00  1.5345e-04  2.4231e-05  1.6751e-04
2.8301e+00  1.4677e-04  2.4150e-05  1.6692e-04
2.8353e+00  1.5620e-04  2.4110e-05  1.6632e-04
2.8405e+00  1.6396e-04  2.4245e-05  1.6572e-04
2.8456e+00  1.6760e-04  2.4294e-05  1.6510e-04
2.8508e+00  1.4653e-04  2.4107e-05  1.6448e-04
2.8559e+00  1.5169e-04  2.4220e-05  1.6385e-04
2.8611e+00  1.7790e-04  2.4139e-05  1.6321e-04
2.8663e+00  1.6841e-04  2.4067e-05  1.6257e-04
2.8714e+00  1.6369e-04  2.4263e-05  1.6192e-04
2.8766e+00  1.5058e-04  2.4070e-05  1.6126e-04
2.8818e+00  1.5273e-04  2.4092e-05  1.6059e-04
2.8869e+00  1.3255e-04  2.4068e-05  1.5992e-04
2.8921e+00  1.7061e-04  2.4115e-05  1.5924e-04
2.8972e+00  1.5408e-04  2.3860e-05  1.5856e-04
2.9024e+00  1.8055e-04  2.4015e-05  1.5787e-04
2.9076e+00  1.8840e-04  2.3988e-05  1.5717e-04
2.9127e+00  9.0620e-05  2.3864e-05  1.5647e-04
2.9179e+00  1.6833e-04  2.4108e-05  1.5576e-04
2.9230e+00  1.8860e-04  2.3973e-05  1.5505e-04
2.9282e+00  2.1267e-04  2.4195e-05  1.5434e-04
2.9334e+00  1.2315e-04  2.4640e-05  1.5362e-04
2.9385e+00  1.8455e-04  2.4873e-05  1.5289e-04
2.9437e+00  1.0826e-04  2.5000e-05  1.5216e-04
2.9489e+00  1.4782e-04  2.5275e-05  1.5143e-04
2.9540e+00  1.6402e-04  2.5311e-05  1.5070e-04
2.9592e+00  1.7497e-04  2.5563e-05  1.4996e-04
2.9644e+00  1.3921e-04  2.5742e-05  1.4922e-04
2.9695e+00  1.8503e-04  2.5579e-05  1.4848e-04
2.9747e+00  1.3797e-04  2.5883e-05  1.4774e-04
2.9798e+00  1.4227e-04  2.6121e-05  1.4699e-04
2.9850e+00  1.2946e-04  2.6036e-05  1.4625e-04
2.9902e+00  1.6987e-04  2.6106e-05  1.4550e-04
2.9953e+00  1.0011e-04  2.5975e-05  1.4476e-04
3.0005e+00  1.5768e-04  2.5517e-05  1.4401e-04
creator: GNOM
creator-version: 5.0
real-space-rmin: 0.0000
real-space-rmax: 8.0000
condition-r-min-zero: yes
condition-r-max-zero: yes
real-space-points: 172
first-point: 1
last-point: 455
reciprocal-space-rg: 0.2441E+01
reciprocal-space-I0: 0.1826E-01
real-space-range: 8.0000
real-space-rg: 0.2443E+01
real-space-I0: 0.1826E-01
highest-alpha-theor: 0.2354E+03
current-alpha: 0.1945E+02
total-estimate: 0.8155
creator: out2fit
creator-version: 0.2 (r12314)
parent: TipAS_1.96mgml-1_20deg_sub_ave_cm-1_divconc_nm-1_merged.out
