1.1469e-01  1.7026e-02  2.4120e-03  1.8084e-02
1.2744e-01  2.0719e-02  1.6827e-03  1.7979e-02
1.4018e-01  2.0771e-02  1.5858e-03  1.7865e-02
1.5292e-01  1.7663e-02  1.3713e-03  1.7740e-02
1.6567e-01  1.7964e-02  1.2381e-03  1.7605e-02
1.7841e-01  1.6040e-02  1.2248e-03  1.7462e-02
1.9115e-01  1.7705e-02  1.0690e-03  1.7309e-02
2.0390e-01  1.7399e-02  1.0702e-03  1.7148e-02
2.1664e-01  1.7164e-02  9.5084e-04  1.6978e-02
2.2938e-01  1.6892e-02  9.2389e-04  1.6800e-02
2.4213e-01  1.7386e-02  8.6915e-04  1.6615e-02
2.5487e-01  1.7564e-02  8.0463e-04  1.6423e-02
2.6761e-01  1.6009e-02  7.6828e-04  1.6223e-02
2.8035e-01  1.6190e-02  6.9750e-04  1.6018e-02
2.9310e-01  1.5658e-02  6.8354e-04  1.5806e-02
3.0584e-01  1.6698e-02  6.4594e-04  1.5588e-02
3.1858e-01  1.6322e-02  6.0755e-04  1.5366e-02
3.3132e-01  1.5943e-02  5.8521e-04  1.5138e-02
3.4407e-01  1.5606e-02  5.4848e-04  1.4906e-02
3.5681e-01  1.5360e-02  5.4576e-04  1.4671e-02
3.6955e-01  1.5582e-02  5.1455e-04  1.4431e-02
3.8230e-01  1.4989e-02  5.0232e-04  1.4189e-02
3.9504e-01  1.3417e-02  4.7861e-04  1.3944e-02
4.0778e-01  1.3700e-02  4.6566e-04  1.3697e-02
4.2052e-01  1.3614e-02  4.7301e-04  1.3448e-02
4.3326e-01  1.3670e-02  4.4385e-04  1.3197e-02
4.4601e-01  1.3167e-02  4.5806e-04  1.2946e-02
4.5875e-01  1.2729e-02  4.2892e-04  1.2693e-02
4.7149e-01  1.2448e-02  4.2210e-04  1.2441e-02
4.8423e-01  1.2076e-02  4.2086e-04  1.2188e-02
4.9697e-01  1.1700e-02  4.0161e-04  1.1936e-02
5.0971e-01  1.0801e-02  3.9731e-04  1.1685e-02
5.2246e-01  1.1194e-02  3.8302e-04  1.1434e-02
5.3520e-01  1.2347e-02  3.9305e-04  1.1185e-02
5.4794e-01  1.0252e-02  3.7710e-04  1.0938e-02
5.6068e-01  1.0624e-02  3.6569e-04  1.0692e-02
5.7342e-01  1.0409e-02  3.7041e-04  1.0449e-02
5.8616e-01  9.8866e-03  3.5250e-04  1.0208e-02
5.9890e-01  1.0492e-02  3.5564e-04  9.9694e-03
6.1164e-01  9.6732e-03  3.5127e-04  9.7339e-03
6.2438e-01  8.1270e-03  3.3131e-04  9.5014e-03
6.3712e-01  9.1125e-03  3.4327e-04  9.2721e-03
6.4986e-01  8.4604e-03  3.2167e-04  9.0463e-03
6.6260e-01  8.4465e-03  3.2846e-04  8.8239e-03
6.7534e-01  7.9483e-03  3.1674e-04  8.6052e-03
6.8808e-01  7.6433e-03  3.1645e-04  8.3902e-03
7.0082e-01  8.4441e-03  3.1741e-04  8.1791e-03
7.1356e-01  7.3339e-03  2.9736e-04  7.9719e-03
7.2630e-01  7.7821e-03  3.0361e-04  7.7687e-03
7.3904e-01  8.1196e-03  2.9754e-04  7.5696e-03
7.5178e-01  6.9385e-03  2.9630e-04  7.3746e-03
7.6451e-01  7.8351e-03  2.9391e-04  7.1837e-03
7.7725e-01  7.2376e-03  2.8869e-04  6.9969e-03
7.8999e-01  6.1170e-03  2.8088e-04  6.8143e-03
8.0273e-01  7.4812e-03  2.7839e-04  6.6358e-03
8.1547e-01  6.7532e-03  2.7888e-04  6.4614e-03
8.2821e-01  5.7486e-03  2.7072e-04  6.2911e-03
8.4094e-01  5.9144e-03  2.6636e-04  6.1248e-03
8.5368e-01  5.8413e-03  2.7174e-04  5.9626e-03
8.6642e-01  5.4319e-03  2.5457e-04  5.8043e-03
8.7916e-01  4.8876e-03  2.5775e-04  5.6499e-03
8.9189e-01  5.5958e-03  2.5106e-04  5.4993e-03
9.0463e-01  5.4506e-03  2.5624e-04  5.3525e-03
9.3010e-01  5.1119e-03  2.5108e-04  5.0698e-03
9.4284e-01  5.0456e-03  2.4592e-04  4.9338e-03
9.5557e-01  4.9366e-03  2.4426e-04  4.8013e-03
9.6831e-01  4.6479e-03  2.4172e-04  4.6721e-03
9.8104e-01  4.6511e-03  2.3985e-04  4.5462e-03
9.9378e-01  4.5239e-03  2.3701e-04  4.4234e-03
1.0132e+00  4.3164e-03  3.2914e-05  4.2422e-03
1.0184e+00  4.2598e-03  3.3049e-05  4.1952e-03
1.0235e+00  4.2563e-03  3.3293e-05  4.1487e-03
1.0287e+00  4.1412e-03  3.2868e-05  4.1027e-03
1.0338e+00  4.0852e-03  3.2949e-05  4.0571e-03
1.0390e+00  4.0755e-03  3.2920e-05  4.0120e-03
1.0442e+00  4.0196e-03  3.2659e-05  3.9674e-03
1.0493e+00  4.0045e-03  3.2687e-05  3.9232e-03
1.0545e+00  3.9430e-03  3.2862e-05  3.8795e-03
1.0597e+00  3.8683e-03  3.2669e-05  3.8362e-03
1.0648e+00  3.8507e-03  3.2692e-05  3.7933e-03
1.0700e+00  3.7805e-03  3.2833e-05  3.7509e-03
1.0751e+00  3.6868e-03  3.2363e-05  3.7089e-03
1.0803e+00  3.6753e-03  3.2562e-05  3.6673e-03
1.0855e+00  3.5870e-03  3.2674e-05  3.6262e-03
1.0906e+00  3.5801e-03  3.2267e-05  3.5854e-03
1.0958e+00  3.5799e-03  3.2415e-05  3.5451e-03
1.1010e+00  3.5716e-03  3.2594e-05  3.5052e-03
1.1061e+00  3.4510e-03  3.2129e-05  3.4656e-03
1.1113e+00  3.5006e-03  3.2767e-05  3.4265e-03
1.1164e+00  3.3923e-03  3.3081e-05  3.3877e-03
1.1216e+00  3.3227e-03  3.3193e-05  3.3494e-03
1.1268e+00  3.3457e-03  3.3433e-05  3.3114e-03
1.1319e+00  3.2555e-03  3.3687e-05  3.2738e-03
1.1371e+00  3.2438e-03  3.3578e-05  3.2365e-03
1.1422e+00  3.2085e-03  3.3463e-05  3.1996e-03
1.1474e+00  3.1413e-03  3.3717e-05  3.1631e-03
1.1526e+00  3.1039e-03  3.3661e-05  3.1270e-03
1.1577e+00  3.1379e-03  3.3784e-05  3.0912e-03
1.1629e+00  3.1014e-03  3.3625e-05  3.0557e-03
1.1681e+00  2.9923e-03  3.3518e-05  3.0206e-03
1.1732e+00  2.9832e-03  3.3614e-05  2.9858e-03
1.1784e+00  2.9354e-03  3.2984e-05  2.9514e-03
1.1835e+00  2.8814e-03  3.2479e-05  2.9173e-03
1.1887e+00  2.8434e-03  3.2985e-05  2.8836e-03
1.1939e+00  2.8072e-03  3.2856e-05  2.8502e-03
1.1990e+00  2.8116e-03  3.2490e-05  2.8171e-03
1.2042e+00  2.7341e-03  3.3062e-05  2.7843e-03
1.2093e+00  2.7583e-03  3.2863e-05  2.7519e-03
1.2145e+00  2.6999e-03  3.2614e-05  2.7197e-03
1.2197e+00  2.6729e-03  3.2831e-05  2.6879e-03
1.2248e+00  2.6505e-03  3.2690e-05  2.6564e-03
1.2300e+00  2.6087e-03  3.2411e-05  2.6252e-03
1.2352e+00  2.5682e-03  3.2894e-05  2.5944e-03
1.2403e+00  2.5688e-03  3.2598e-05  2.5638e-03
1.2455e+00  2.5562e-03  3.2505e-05  2.5335e-03
1.2506e+00  2.4993e-03  3.2619e-05  2.5035e-03
1.2558e+00  2.4523e-03  3.2518e-05  2.4738e-03
1.2610e+00  2.3492e-03  3.2318e-05  2.4444e-03
1.2661e+00  2.3262e-03  3.2624e-05  2.4153e-03
1.2713e+00  2.3912e-03  3.2377e-05  2.3865e-03
1.2765e+00  2.3721e-03  3.2170e-05  2.3580e-03
1.2816e+00  2.2977e-03  3.2391e-05  2.3298e-03
1.2868e+00  2.2832e-03  3.2201e-05  2.3018e-03
1.2919e+00  2.2349e-03  3.2831e-05  2.2742e-03
1.2971e+00  2.2208e-03  3.3104e-05  2.2468e-03
1.3023e+00  2.2192e-03  3.2985e-05  2.2197e-03
1.3074e+00  2.1942e-03  3.3403e-05  2.1928e-03
1.3126e+00  2.1278e-03  3.3595e-05  2.1663e-03
1.3177e+00  2.1101e-03  3.3443e-05  2.1400e-03
1.3229e+00  2.0620e-03  3.3636e-05  2.1140e-03
1.3281e+00  2.0215e-03  3.4108e-05  2.0882e-03
1.3332e+00  1.9711e-03  3.3788e-05  2.0628e-03
1.3384e+00  2.0487e-03  3.4309e-05  2.0376e-03
1.3436e+00  2.0342e-03  3.4255e-05  2.0126e-03
1.3487e+00  1.9722e-03  3.4137e-05  1.9880e-03
1.3539e+00  1.8777e-03  3.4259e-05  1.9635e-03
1.3590e+00  1.8795e-03  3.3752e-05  1.9394e-03
1.3642e+00  1.8793e-03  3.3463e-05  1.9155e-03
1.3694e+00  1.9068e-03  3.3048e-05  1.8919e-03
1.3745e+00  1.8604e-03  3.3236e-05  1.8685e-03
1.3797e+00  1.8531e-03  3.3141e-05  1.8454e-03
1.3848e+00  1.7791e-03  3.2782e-05  1.8225e-03
1.3900e+00  1.7776e-03  3.2958e-05  1.7999e-03
1.3952e+00  1.7802e-03  3.2523e-05  1.7775e-03
1.4003e+00  1.7249e-03  3.2580e-05  1.7554e-03
1.4055e+00  1.7245e-03  3.2622e-05  1.7336e-03
1.4107e+00  1.7562e-03  3.2440e-05  1.7120e-03
1.4158e+00  1.6884e-03  3.2185e-05  1.6906e-03
1.4210e+00  1.6845e-03  3.2521e-05  1.6695e-03
1.4261e+00  1.6545e-03  3.2314e-05  1.6486e-03
1.4313e+00  1.6816e-03  3.2133e-05  1.6280e-03
1.4365e+00  1.5808e-03  3.2228e-05  1.6076e-03
1.4416e+00  1.5751e-03  3.2017e-05  1.5874e-03
1.4468e+00  1.6113e-03  3.1887e-05  1.5675e-03
1.4520e+00  1.5230e-03  3.2099e-05  1.5478e-03
1.4571e+00  1.5047e-03  3.1758e-05  1.5284e-03
1.4623e+00  1.4822e-03  3.1626e-05  1.5092e-03
1.4674e+00  1.4875e-03  3.1796e-05  1.4903e-03
1.4726e+00  1.4590e-03  3.1829e-05  1.4715e-03
1.4778e+00  1.4911e-03  3.1470e-05  1.4530e-03
1.4829e+00  1.4209e-03  3.1630e-05  1.4348e-03
1.4881e+00  1.4146e-03  3.1415e-05  1.4167e-03
1.4932e+00  1.4299e-03  3.1386e-05  1.3989e-03
1.4984e+00  1.3965e-03  3.1589e-05  1.3813e-03
1.5036e+00  1.3681e-03  3.1284e-05  1.3640e-03
1.5087e+00  1.3469e-03  3.1227e-05  1.3468e-03
1.5139e+00  1.3805e-03  3.1499e-05  1.3299e-03
1.5191e+00  1.2860e-03  3.1362e-05  1.3132e-03
1.5242e+00  1.2724e-03  3.1247e-05  1.2967e-03
1.5294e+00  1.3185e-03  3.1239e-05  1.2805e-03
1.5345e+00  1.2879e-03  3.1221e-05  1.2644e-03
1.5397e+00  1.2351e-03  3.0989e-05  1.2486e-03
1.5449e+00  1.2650e-03  3.1246e-05  1.2330e-03
1.5500e+00  1.2666e-03  3.1023e-05  1.2175e-03
1.5552e+00  1.2033e-03  3.0935e-05  1.2024e-03
1.5603e+00  1.2130e-03  3.1173e-05  1.1874e-03
1.5655e+00  1.2049e-03  3.1072e-05  1.1726e-03
1.5707e+00  1.1737e-03  3.0696e-05  1.1580e-03
1.5758e+00  1.1002e-03  3.0954e-05  1.1436e-03
1.5810e+00  1.1546e-03  3.0886e-05  1.1294e-03
1.5862e+00  1.1542e-03  3.0707e-05  1.1154e-03
1.5913e+00  1.1461e-03  3.0797e-05  1.1016e-03
1.5965e+00  1.1207e-03  3.0684e-05  1.0880e-03
1.6016e+00  1.0784e-03  3.0524e-05  1.0746e-03
1.6068e+00  1.0309e-03  3.0758e-05  1.0614e-03
1.6120e+00  1.0281e-03  3.0558e-05  1.0484e-03
1.6171e+00  1.0889e-03  3.0486e-05  1.0356e-03
1.6223e+00  1.0356e-03  3.0556e-05  1.0229e-03
1.6275e+00  1.0049e-03  3.0507e-05  1.0105e-03
1.6326e+00  9.9032e-04  3.0302e-05  9.9818e-04
1.6378e+00  1.0046e-03  3.0557e-05  9.8607e-04
1.6429e+00  9.7349e-04  3.0301e-05  9.7414e-04
1.6481e+00  9.9894e-04  3.0311e-05  9.6238e-04
1.6533e+00  9.6453e-04  3.0403e-05  9.5080e-04
1.6584e+00  9.5275e-04  3.0364e-05  9.3939e-04
1.6636e+00  1.0021e-03  3.0119e-05  9.2814e-04
1.6687e+00  8.9390e-04  3.0313e-05  9.1706e-04
1.6739e+00  9.1710e-04  3.0166e-05  9.0615e-04
1.6791e+00  9.0785e-04  2.9928e-05  8.9540e-04
1.6842e+00  9.4089e-04  3.0174e-05  8.8480e-04
1.6894e+00  9.4120e-04  3.0103e-05  8.7437e-04
1.6946e+00  8.5631e-04  2.9934e-05  8.6409e-04
1.6997e+00  8.6370e-04  3.0351e-05  8.5395e-04
1.7049e+00  8.7176e-04  2.9816e-05  8.4398e-04
1.7100e+00  8.2482e-04  2.9854e-05  8.3415e-04
1.7152e+00  8.0993e-04  2.9887e-05  8.2447e-04
1.7204e+00  8.4605e-04  2.9866e-05  8.1494e-04
1.7255e+00  8.2494e-04  2.9699e-05  8.0554e-04
1.7307e+00  7.5636e-04  2.9820e-05  7.9629e-04
1.7358e+00  7.8211e-04  2.9728e-05  7.8717e-04
1.7410e+00  7.7907e-04  2.9559e-05  7.7819e-04
1.7462e+00  8.0903e-04  3.0009e-05  7.6934e-04
1.7513e+00  7.5525e-04  2.9595e-05  7.6062e-04
1.7565e+00  7.7177e-04  2.9409e-05  7.5203e-04
1.7617e+00  7.3536e-04  2.9600e-05  7.4357e-04
1.7668e+00  7.3589e-04  2.9431e-05  7.3524e-04
1.7720e+00  7.6733e-04  2.9352e-05  7.2702e-04
1.7771e+00  7.4746e-04  2.9481e-05  7.1893e-04
1.7823e+00  7.1893e-04  2.9350e-05  7.1096e-04
1.7875e+00  7.1863e-04  2.9115e-05  7.0310e-04
1.7926e+00  7.0510e-04  2.9424e-05  6.9535e-04
1.7978e+00  6.1195e-04  2.9086e-05  6.8772e-04
1.8030e+00  7.1066e-04  2.8871e-05  6.8020e-04
1.8081e+00  6.5798e-04  2.9203e-05  6.7278e-04
1.8133e+00  6.3813e-04  2.8986e-05  6.6548e-04
1.8184e+00  6.6898e-04  2.8909e-05  6.5828e-04
1.8236e+00  6.6353e-04  2.9105e-05  6.5117e-04
1.8288e+00  6.4963e-04  2.8956e-05  6.4417e-04
1.8339e+00  6.1679e-04  2.8884e-05  6.3727e-04
1.8391e+00  6.0232e-04  2.9026e-05  6.3046e-04
1.8442e+00  6.0786e-04  2.8897e-05  6.2375e-04
1.8494e+00  6.2035e-04  2.8665e-05  6.1713e-04
1.8546e+00  5.4080e-04  2.8957e-05  6.1061e-04
1.8597e+00  5.6935e-04  2.8851e-05  6.0417e-04
1.8649e+00  5.9086e-04  2.8624e-05  5.9782e-04
1.8700e+00  5.7217e-04  2.8929e-05  5.9156e-04
1.8752e+00  5.9324e-04  2.8730e-05  5.8537e-04
1.8804e+00  5.7602e-04  2.8654e-05  5.7928e-04
1.8855e+00  5.6884e-04  2.8882e-05  5.7326e-04
1.8907e+00  5.8490e-04  2.8657e-05  5.6732e-04
1.8959e+00  5.8317e-04  2.8531e-05  5.6146e-04
1.9010e+00  5.3982e-04  2.8721e-05  5.5568e-04
1.9062e+00  5.1917e-04  2.8649e-05  5.4997e-04
1.9114e+00  5.1021e-04  2.8403e-05  5.4434e-04
1.9165e+00  4.8853e-04  2.8712e-05  5.3878e-04
1.9217e+00  4.8932e-04  2.8453e-05  5.3329e-04
1.9268e+00  4.9409e-04  2.8581e-05  5.2786e-04
1.9320e+00  5.0122e-04  2.8601e-05  5.2251e-04
1.9372e+00  4.7753e-04  2.8363e-05  5.1722e-04
1.9423e+00  4.8069e-04  2.8292e-05  5.1200e-04
1.9475e+00  5.1360e-04  2.8513e-05  5.0685e-04
1.9526e+00  5.0102e-04  2.8381e-05  5.0175e-04
1.9578e+00  5.0683e-04  2.8307e-05  4.9672e-04
1.9630e+00  4.4559e-04  2.8447e-05  4.9175e-04
1.9681e+00  4.9096e-04  2.8354e-05  4.8685e-04
1.9733e+00  4.7620e-04  2.8269e-05  4.8199e-04
1.9785e+00  4.5722e-04  2.8412e-05  4.7720e-04
1.9836e+00  4.5647e-04  2.8273e-05  4.7247e-04
1.9888e+00  4.7599e-04  2.8153e-05  4.6779e-04
1.9939e+00  4.7143e-04  2.8303e-05  4.6317e-04
1.9991e+00  4.1926e-04  2.8136e-05  4.5861e-04
2.0043e+00  4.7171e-04  2.8142e-05  4.5409e-04
2.0094e+00  5.0475e-04  2.8324e-05  4.4963e-04
2.0146e+00  4.2077e-04  2.8223e-05  4.4523e-04
2.0197e+00  4.4996e-04  2.8085e-05  4.4088e-04
2.0249e+00  4.4336e-04  2.8171e-05  4.3657e-04
2.0301e+00  4.1245e-04  2.8098e-05  4.3232e-04
2.0352e+00  4.0897e-04  2.7934e-05  4.2812e-04
2.0404e+00  4.2659e-04  2.8179e-05  4.2397e-04
2.0455e+00  4.0460e-04  2.7987e-05  4.1986e-04
2.0507e+00  4.1636e-04  2.7923e-05  4.1581e-04
2.0559e+00  3.9931e-04  2.8121e-05  4.1180e-04
2.0610e+00  3.4092e-04  2.7894e-05  4.0784e-04
2.0662e+00  4.3681e-04  2.7996e-05  4.0393e-04
2.0714e+00  3.4763e-04  2.8026e-05  4.0007e-04
2.0765e+00  3.7871e-04  2.7853e-05  3.9625e-04
2.0817e+00  3.5717e-04  2.7823e-05  3.9248e-04
2.0869e+00  3.9135e-04  2.7950e-05  3.8875e-04
2.0920e+00  4.0264e-04  2.7841e-05  3.8508e-04
2.0972e+00  3.1447e-04  2.7762e-05  3.8144e-04
2.1023e+00  4.3733e-04  2.7933e-05  3.7785e-04
2.1075e+00  4.0997e-04  2.7861e-05  3.7431e-04
2.1127e+00  3.9960e-04  2.8481e-05  3.7081e-04
2.1178e+00  2.9903e-04  2.8772e-05  3.6735e-04
2.1230e+00  4.1430e-04  2.8804e-05  3.6394e-04
2.1281e+00  3.6960e-04  2.9062e-05  3.6057e-04
2.1333e+00  3.3451e-04  2.9310e-05  3.5725e-04
2.1385e+00  3.2932e-04  2.9297e-05  3.5397e-04
2.1436e+00  3.7075e-04  2.9701e-05  3.5073e-04
2.1488e+00  3.4452e-04  2.9753e-05  3.4754e-04
2.1540e+00  3.2783e-04  2.9750e-05  3.4439e-04
2.1591e+00  3.5179e-04  2.9984e-05  3.4128e-04
2.1643e+00  2.8207e-04  3.0093e-05  3.3822e-04
2.1694e+00  3.4834e-04  3.0058e-05  3.3520e-04
2.1746e+00  3.0325e-04  2.9912e-05  3.3223e-04
2.1798e+00  3.3166e-04  2.9624e-05  3.2929e-04
2.1849e+00  3.6078e-04  2.9191e-05  3.2640e-04
2.1901e+00  2.9920e-04  2.8959e-05  3.2355e-04
2.1952e+00  2.4309e-04  2.9107e-05  3.2075e-04
2.2004e+00  2.9339e-04  2.8936e-05  3.1799e-04
2.2056e+00  2.8664e-04  2.8647e-05  3.1527e-04
2.2107e+00  3.1894e-04  2.8719e-05  3.1259e-04
2.2159e+00  3.1788e-04  2.8534e-05  3.0995e-04
2.2210e+00  3.1035e-04  2.8304e-05  3.0736e-04
2.2262e+00  3.5489e-04  2.8541e-05  3.0481e-04
2.2314e+00  2.7080e-04  2.8257e-05  3.0230e-04
2.2365e+00  2.6184e-04  2.8331e-05  2.9983e-04
2.2417e+00  2.9908e-04  2.8388e-05  2.9741e-04
2.2469e+00  2.3617e-04  2.8276e-05  2.9503e-04
2.2520e+00  2.8000e-04  2.7993e-05  2.9269e-04
2.2572e+00  3.1304e-04  2.8257e-05  2.9039e-04
2.2624e+00  3.2836e-04  2.7981e-05  2.8813e-04
2.2675e+00  2.8761e-04  2.7940e-05  2.8591e-04
2.2727e+00  3.0906e-04  2.8164e-05  2.8374e-04
2.2778e+00  3.1542e-04  2.7958e-05  2.8161e-04
2.2830e+00  2.7038e-04  2.7972e-05  2.7951e-04
2.2882e+00  3.0655e-04  2.8217e-05  2.7746e-04
2.2933e+00  2.7514e-04  2.7892e-05  2.7545e-04
2.2985e+00  3.0783e-04  2.7911e-05  2.7348e-04
2.3036e+00  2.5844e-04  2.8045e-05  2.7155e-04
2.3088e+00  2.5743e-04  2.7780e-05  2.6966e-04
2.3140e+00  2.7120e-04  2.7715e-05  2.6780e-04
2.3191e+00  2.8316e-04  2.7922e-05  2.6599e-04
2.3243e+00  2.4084e-04  2.7630e-05  2.6422e-04
2.3295e+00  2.8682e-04  2.7826e-05  2.6248e-04
2.3346e+00  2.9397e-04  2.7901e-05  2.6079e-04
2.3398e+00  2.5212e-04  2.7693e-05  2.5913e-04
2.3449e+00  2.6825e-04  2.7685e-05  2.5751e-04
2.3501e+00  2.5771e-04  2.7760e-05  2.5593e-04
2.3553e+00  2.2678e-04  2.7466e-05  2.5438e-04
2.3604e+00  2.9631e-04  2.7591e-05  2.5287e-04
2.3656e+00  2.5215e-04  2.7669e-05  2.5140e-04
2.3707e+00  2.3517e-04  2.7581e-05  2.4996e-04
2.3759e+00  2.4546e-04  2.7527e-05  2.4856e-04
2.3811e+00  2.1892e-04  2.7719e-05  2.4720e-04
2.3862e+00  2.9728e-04  2.7373e-05  2.4587e-04
2.3914e+00  2.6900e-04  2.7494e-05  2.4457e-04
2.3965e+00  2.9637e-04  2.7613e-05  2.4331e-04
2.4017e+00  2.2979e-04  2.7352e-05  2.4208e-04
2.4069e+00  2.3598e-04  2.7395e-05  2.4088e-04
2.4120e+00  2.4130e-04  2.7477e-05  2.3971e-04
2.4172e+00  2.2344e-04  2.7231e-05  2.3858e-04
2.4224e+00  2.2886e-04  2.7419e-05  2.3747e-04
2.4275e+00  2.7374e-04  2.7429e-05  2.3640e-04
2.4327e+00  2.3158e-04  2.7260e-05  2.3536e-04
2.4379e+00  1.9618e-04  2.7148e-05  2.3434e-04
2.4430e+00  2.3212e-04  2.7222e-05  2.3336e-04
2.4482e+00  1.9340e-04  2.6963e-05  2.3240e-04
2.4533e+00  2.0051e-04  2.7161e-05  2.3147e-04
2.4585e+00  2.2655e-04  2.7111e-05  2.3056e-04
2.4637e+00  2.2951e-04  2.6911e-05  2.2969e-04
2.4688e+00  1.9962e-04  2.6960e-05  2.2883e-04
2.4740e+00  2.0061e-04  2.7001e-05  2.2800e-04
2.4791e+00  2.6209e-04  2.6753e-05  2.2720e-04
2.4843e+00  2.5595e-04  2.6944e-05  2.2642e-04
2.4895e+00  2.2935e-04  2.6920e-05  2.2566e-04
2.4946e+00  2.3921e-04  2.6722e-05  2.2492e-04
2.4998e+00  2.2677e-04  2.6856e-05  2.2421e-04
2.5050e+00  2.3571e-04  2.6859e-05  2.2351e-04
2.5101e+00  2.4748e-04  2.6754e-05  2.2284e-04
2.5153e+00  2.3166e-04  2.6823e-05  2.2218e-04
2.5204e+00  2.0588e-04  2.6921e-05  2.2154e-04
2.5256e+00  1.9002e-04  2.6678e-05  2.2092e-04
2.5308e+00  2.6807e-04  2.6748e-05  2.2032e-04
2.5359e+00  2.6212e-04  2.6809e-05  2.1973e-04
2.5411e+00  1.8808e-04  2.6641e-05  2.1916e-04
2.5462e+00  2.1595e-04  2.6773e-05  2.1860e-04
2.5514e+00  2.1552e-04  2.6703e-05  2.1805e-04
2.5566e+00  2.2993e-04  2.6710e-05  2.1752e-04
2.5617e+00  1.9876e-04  2.6752e-05  2.1700e-04
2.5669e+00  1.9369e-04  2.6746e-05  2.1649e-04
2.5720e+00  2.5665e-04  2.6865e-05  2.1600e-04
2.5772e+00  2.1165e-04  2.7349e-05  2.1551e-04
2.5824e+00  2.3015e-04  2.7668e-05  2.1503e-04
2.5875e+00  2.3433e-04  2.7833e-05  2.1457e-04
2.5927e+00  1.9683e-04  2.7906e-05  2.1410e-04
2.5979e+00  1.9382e-04  2.7987e-05  2.1365e-04
2.6030e+00  2.1396e-04  2.7384e-05  2.1321e-04
2.6082e+00  2.1071e-04  2.7381e-05  2.1276e-04
2.6134e+00  1.7852e-04  2.7296e-05  2.1233e-04
2.6185e+00  1.8122e-04  2.7057e-05  2.1190e-04
2.6237e+00  2.0331e-04  2.7079e-05  2.1147e-04
2.6288e+00  2.1105e-04  2.7037e-05  2.1105e-04
2.6340e+00  1.4945e-04  2.6808e-05  2.1063e-04
2.6392e+00  2.3309e-04  2.6978e-05  2.1021e-04
2.6443e+00  2.1933e-04  2.7008e-05  2.0980e-04
2.6495e+00  2.2598e-04  2.6953e-05  2.0938e-04
2.6546e+00  2.1203e-04  2.7010e-05  2.0897e-04
2.6598e+00  2.3175e-04  2.6988e-05  2.0855e-04
2.6650e+00  2.0126e-04  2.6819e-05  2.0813e-04
2.6701e+00  1.6360e-04  2.6875e-05  2.0772e-04
2.6753e+00  1.7460e-04  2.6888e-05  2.0730e-04
2.6804e+00  1.8449e-04  2.6718e-05  2.0688e-04
2.6856e+00  2.2593e-04  2.6874e-05  2.0645e-04
2.6908e+00  2.1636e-04  2.6797e-05  2.0603e-04
2.6959e+00  1.8605e-04  2.6740e-05  2.0560e-04
2.7011e+00  2.2948e-04  2.6868e-05  2.0516e-04
2.7063e+00  2.1180e-04  2.6815e-05  2.0472e-04
2.7114e+00  1.6567e-04  2.6664e-05  2.0428e-04
2.7166e+00  2.2488e-04  2.6730e-05  2.0383e-04
2.7217e+00  2.2700e-04  2.6713e-05  2.0337e-04
2.7269e+00  2.1376e-04  2.6594e-05  2.0291e-04
2.7321e+00  2.1611e-04  2.6770e-05  2.0245e-04
2.7372e+00  1.5889e-04  2.6643e-05  2.0197e-04
2.7424e+00  1.7703e-04  2.6618e-05  2.0149e-04
2.7475e+00  2.5386e-04  2.6687e-05  2.0101e-04
2.7527e+00  2.1366e-04  2.6693e-05  2.0051e-04
2.7579e+00  2.5542e-04  2.6586e-05  2.0001e-04
2.7630e+00  2.0647e-04  2.6558e-05  1.9950e-04
2.7682e+00  1.8593e-04  2.6537e-05  1.9899e-04
2.7734e+00  1.6555e-04  2.6378e-05  1.9846e-04
2.7785e+00  1.7979e-04  2.6517e-05  1.9793e-04
2.7837e+00  2.1751e-04  2.6490e-05  1.9739e-04
2.7889e+00  2.0467e-04  2.6404e-05  1.9684e-04
2.7940e+00  1.8997e-04  2.6498e-05  1.9628e-04
2.7992e+00  1.7504e-04  2.6520e-05  1.9572e-04
2.8043e+00  2.2148e-04  2.6274e-05  1.9514e-04
2.8095e+00  1.9796e-04  2.6435e-05  1.9456e-04
2.8147e+00  1.3274e-04  2.6264e-05  1.9397e-04
2.8198e+00  1.5068e-04  2.6133e-05  1.9337e-04
2.8250e+00  1.8980e-04  2.6333e-05  1.9276e-04
2.8301e+00  1.7526e-04  2.6242e-05  1.9214e-04
2.8353e+00  1.9610e-04  2.6223e-05  1.9152e-04
2.8405e+00  1.4951e-04  2.6354e-05  1.9089e-04
2.8456e+00  1.6002e-04  2.6356e-05  1.9024e-04
2.8508e+00  1.8347e-04  2.6212e-05  1.8960e-04
2.8559e+00  1.8513e-04  2.6336e-05  1.8894e-04
2.8611e+00  1.8140e-04  2.6258e-05  1.8828e-04
2.8663e+00  2.1444e-04  2.6151e-05  1.8760e-04
2.8714e+00  1.8464e-04  2.6382e-05  1.8692e-04
2.8766e+00  2.2495e-04  2.6160e-05  1.8624e-04
2.8818e+00  1.9583e-04  2.6168e-05  1.8555e-04
2.8869e+00  1.6862e-04  2.6206e-05  1.8485e-04
2.8921e+00  1.9567e-04  2.6204e-05  1.8414e-04
2.8972e+00  1.9351e-04  2.5962e-05  1.8343e-04
2.9024e+00  2.1050e-04  2.6114e-05  1.8271e-04
2.9076e+00  1.7260e-04  2.6070e-05  1.8199e-04
2.9127e+00  1.2781e-04  2.5923e-05  1.8126e-04
2.9179e+00  1.8678e-04  2.6209e-05  1.8053e-04
2.9230e+00  1.7587e-04  2.6055e-05  1.7979e-04
2.9282e+00  1.7455e-04  2.6277e-05  1.7904e-04
2.9334e+00  1.9353e-04  2.6782e-05  1.7830e-04
2.9385e+00  2.1539e-04  2.7032e-05  1.7755e-04
2.9437e+00  1.3528e-04  2.7182e-05  1.7679e-04
2.9489e+00  1.4475e-04  2.7447e-05  1.7604e-04
2.9540e+00  2.0896e-04  2.7475e-05  1.7528e-04
2.9592e+00  2.4339e-04  2.7790e-05  1.7452e-04
2.9644e+00  1.6137e-04  2.7933e-05  1.7375e-04
2.9695e+00  1.6990e-04  2.7774e-05  1.7299e-04
2.9747e+00  2.1146e-04  2.8167e-05  1.7222e-04
2.9798e+00  1.6752e-04  2.8367e-05  1.7145e-04
2.9850e+00  1.6447e-04  2.8261e-05  1.7068e-04
2.9902e+00  1.5638e-04  2.8353e-05  1.6991e-04
2.9953e+00  2.2299e-04  2.8284e-05  1.6914e-04
3.0005e+00  2.0094e-04  2.7719e-05  1.6838e-04
creator: GNOM
creator-version: 5.0
real-space-rmin: 0.0000
real-space-rmax: 8.0000
condition-r-min-zero: yes
condition-r-max-zero: yes
real-space-points: 178
first-point: 1
last-point: 455
reciprocal-space-rg: 0.2381E+01
reciprocal-space-I0: 0.1854E-01
real-space-range: 8.0000
real-space-rg: 0.2384E+01
real-space-I0: 0.1854E-01
highest-alpha-theor: 0.1635E+03
current-alpha: 0.1142E+02
total-estimate: 0.6666
creator: out2fit
creator-version: 0.2 (r12314)
parent: TipAS_1.96mgml-1_15deg_sub_ave_cm-1_divconc_nm-1_merged.out
