1.1469e-01  2.6207e-02  2.3846e-03  1.6787e-02
1.2744e-01  1.6568e-02  1.6772e-03  1.6688e-02
1.4018e-01  1.8306e-02  1.5803e-03  1.6581e-02
1.5292e-01  1.8318e-02  1.3794e-03  1.6463e-02
1.6567e-01  1.5857e-02  1.2280e-03  1.6337e-02
1.7841e-01  1.7221e-02  1.2191e-03  1.6202e-02
1.9115e-01  1.5604e-02  1.0607e-03  1.6059e-02
2.0390e-01  1.3724e-02  1.0441e-03  1.5907e-02
2.1664e-01  1.9225e-02  9.4511e-04  1.5748e-02
2.2938e-01  1.6492e-02  9.0864e-04  1.5581e-02
2.4213e-01  1.5915e-02  8.5142e-04  1.5407e-02
2.5487e-01  1.6935e-02  7.9743e-04  1.5226e-02
2.6761e-01  1.5638e-02  7.5408e-04  1.5038e-02
2.8035e-01  1.5260e-02  6.9559e-04  1.4845e-02
2.9310e-01  1.5069e-02  6.7344e-04  1.4646e-02
3.0584e-01  1.5821e-02  6.3041e-04  1.4442e-02
3.1858e-01  1.5169e-02  5.9187e-04  1.4233e-02
3.3132e-01  1.5093e-02  5.7657e-04  1.4019e-02
3.4407e-01  1.3941e-02  5.2907e-04  1.3801e-02
3.5681e-01  1.3975e-02  5.3494e-04  1.3580e-02
3.6955e-01  1.3316e-02  4.9934e-04  1.3355e-02
3.8230e-01  1.3766e-02  4.9521e-04  1.3128e-02
3.9504e-01  1.2686e-02  4.7478e-04  1.2898e-02
4.0778e-01  1.3029e-02  4.5549e-04  1.2666e-02
4.2052e-01  1.1670e-02  4.5722e-04  1.2432e-02
4.3326e-01  1.1449e-02  4.3176e-04  1.2197e-02
4.4601e-01  1.1399e-02  4.4271e-04  1.1961e-02
4.5875e-01  1.1349e-02  4.1900e-04  1.1724e-02
4.7149e-01  1.0507e-02  4.1012e-04  1.1487e-02
4.8423e-01  1.0462e-02  4.1596e-04  1.1250e-02
4.9697e-01  1.0697e-02  3.9317e-04  1.1014e-02
5.0971e-01  1.1260e-02  3.9795e-04  1.0778e-02
5.2246e-01  1.0350e-02  3.7334e-04  1.0543e-02
5.3520e-01  1.0408e-02  3.7937e-04  1.0310e-02
5.4794e-01  9.3927e-03  3.7371e-04  1.0078e-02
5.6068e-01  1.0121e-02  3.5970e-04  9.8481e-03
5.7342e-01  9.1600e-03  3.5961e-04  9.6202e-03
5.8616e-01  9.3484e-03  3.4517e-04  9.3946e-03
5.9890e-01  8.7655e-03  3.4446e-04  9.1716e-03
6.1164e-01  8.6941e-03  3.3793e-04  8.9513e-03
6.2438e-01  8.6133e-03  3.2680e-04  8.7339e-03
6.3712e-01  8.2863e-03  3.3668e-04  8.5196e-03
6.4986e-01  7.9129e-03  3.1505e-04  8.3085e-03
6.6260e-01  7.6290e-03  3.1897e-04  8.1009e-03
6.7534e-01  7.5627e-03  3.1025e-04  7.8967e-03
6.8808e-01  7.6368e-03  3.1115e-04  7.6961e-03
7.0082e-01  8.0656e-03  3.1185e-04  7.4993e-03
7.1356e-01  6.9544e-03  2.9347e-04  7.3062e-03
7.2630e-01  7.0396e-03  3.0016e-04  7.1170e-03
7.3904e-01  6.8751e-03  2.9055e-04  6.9317e-03
7.5178e-01  6.6944e-03  2.9297e-04  6.7502e-03
7.6451e-01  6.8991e-03  2.8469e-04  6.5728e-03
7.7725e-01  6.0732e-03  2.7799e-04  6.3993e-03
7.8999e-01  6.6479e-03  2.7928e-04  6.2298e-03
8.0273e-01  5.6400e-03  2.6645e-04  6.0643e-03
8.1547e-01  6.2096e-03  2.7487e-04  5.9027e-03
8.2821e-01  6.0952e-03  2.6951e-04  5.7450e-03
8.4094e-01  5.4251e-03  2.6237e-04  5.5912e-03
8.5368e-01  5.9860e-03  2.6955e-04  5.4413e-03
8.6642e-01  5.5793e-03  2.5533e-04  5.2952e-03
8.7916e-01  6.0994e-03  2.5892e-04  5.1528e-03
8.9189e-01  5.3325e-03  2.4870e-04  5.0140e-03
9.1736e-01  4.6432e-03  2.4819e-04  4.7473e-03
9.3010e-01  4.8422e-03  2.4952e-04  4.6192e-03
9.4284e-01  4.2243e-03  2.4090e-04  4.4944e-03
9.5557e-01  4.3565e-03  2.3816e-04  4.3730e-03
9.6831e-01  4.4539e-03  2.3866e-04  4.2547e-03
9.8104e-01  4.1502e-03  2.3660e-04  4.1396e-03
9.9378e-01  4.1274e-03  2.3451e-04  4.0276e-03
1.0065e+00  3.9886e-03  2.3670e-04  3.9184e-03
1.0132e+00  3.9162e-03  3.1056e-05  3.8623e-03
1.0184e+00  3.7751e-03  3.1142e-05  3.8195e-03
1.0235e+00  3.7601e-03  3.1337e-05  3.7771e-03
1.0287e+00  3.7583e-03  3.0981e-05  3.7352e-03
1.0338e+00  3.7084e-03  3.1096e-05  3.6938e-03
1.0390e+00  3.6658e-03  3.1063e-05  3.6528e-03
1.0442e+00  3.6182e-03  3.0829e-05  3.6122e-03
1.0493e+00  3.5993e-03  3.0832e-05  3.5721e-03
1.0545e+00  3.5666e-03  3.1038e-05  3.5324e-03
1.0597e+00  3.5397e-03  3.0829e-05  3.4931e-03
1.0648e+00  3.4839e-03  3.0849e-05  3.4542e-03
1.0700e+00  3.4323e-03  3.0984e-05  3.4157e-03
1.0751e+00  3.4051e-03  3.0597e-05  3.3776e-03
1.0803e+00  3.3832e-03  3.0755e-05  3.3400e-03
1.0855e+00  3.3000e-03  3.0863e-05  3.3027e-03
1.0906e+00  3.2650e-03  3.0488e-05  3.2658e-03
1.0958e+00  3.2583e-03  3.0631e-05  3.2293e-03
1.1010e+00  3.2275e-03  3.0788e-05  3.1932e-03
1.1061e+00  3.1906e-03  3.0366e-05  3.1574e-03
1.1113e+00  3.1566e-03  3.0944e-05  3.1220e-03
1.1164e+00  3.0821e-03  3.1281e-05  3.0870e-03
1.1216e+00  3.0219e-03  3.1364e-05  3.0523e-03
1.1268e+00  2.9803e-03  3.1555e-05  3.0180e-03
1.1319e+00  3.0345e-03  3.1898e-05  2.9840e-03
1.1371e+00  2.9532e-03  3.1749e-05  2.9504e-03
1.1422e+00  2.9077e-03  3.1590e-05  2.9171e-03
1.1474e+00  2.8604e-03  3.1841e-05  2.8842e-03
1.1526e+00  2.8424e-03  3.1820e-05  2.8516e-03
1.1577e+00  2.7738e-03  3.1859e-05  2.8193e-03
1.1629e+00  2.7843e-03  3.1765e-05  2.7874e-03
1.1681e+00  2.7435e-03  3.1651e-05  2.7558e-03
1.1732e+00  2.7192e-03  3.1786e-05  2.7244e-03
1.1784e+00  2.7305e-03  3.1244e-05  2.6935e-03
1.1835e+00  2.6363e-03  3.0725e-05  2.6628e-03
1.1887e+00  2.5910e-03  3.1210e-05  2.6324e-03
1.1939e+00  2.6213e-03  3.1105e-05  2.6023e-03
1.1990e+00  2.5319e-03  3.0719e-05  2.5725e-03
1.2042e+00  2.5149e-03  3.1217e-05  2.5431e-03
1.2093e+00  2.4895e-03  3.1069e-05  2.5139e-03
1.2145e+00  2.4540e-03  3.0850e-05  2.4850e-03
1.2197e+00  2.4248e-03  3.1013e-05  2.4564e-03
1.2248e+00  2.4011e-03  3.0943e-05  2.4281e-03
1.2300e+00  2.3815e-03  3.0594e-05  2.4000e-03
1.2352e+00  2.3369e-03  3.1101e-05  2.3722e-03
1.2403e+00  2.3633e-03  3.0855e-05  2.3448e-03
1.2455e+00  2.3128e-03  3.0774e-05  2.3175e-03
1.2506e+00  2.2959e-03  3.0845e-05  2.2906e-03
1.2558e+00  2.2455e-03  3.0767e-05  2.2639e-03
1.2610e+00  2.3187e-03  3.0668e-05  2.2375e-03
1.2661e+00  2.2342e-03  3.0912e-05  2.2114e-03
1.2713e+00  2.2059e-03  3.0614e-05  2.1855e-03
1.2765e+00  2.1493e-03  3.0458e-05  2.1599e-03
1.2816e+00  2.0969e-03  3.0655e-05  2.1345e-03
1.2868e+00  2.1163e-03  3.0482e-05  2.1094e-03
1.2919e+00  2.0736e-03  3.1062e-05  2.0845e-03
1.2971e+00  2.0501e-03  3.1365e-05  2.0599e-03
1.3023e+00  2.0400e-03  3.1250e-05  2.0355e-03
1.3074e+00  1.9813e-03  3.1581e-05  2.0114e-03
1.3126e+00  1.9664e-03  3.1795e-05  1.9875e-03
1.3177e+00  1.9676e-03  3.1684e-05  1.9639e-03
1.3229e+00  1.8831e-03  3.1878e-05  1.9405e-03
1.3281e+00  1.9119e-03  3.2293e-05  1.9174e-03
1.3332e+00  1.8389e-03  3.2022e-05  1.8944e-03
1.3384e+00  1.8377e-03  3.2508e-05  1.8718e-03
1.3436e+00  1.8774e-03  3.2470e-05  1.8493e-03
1.3487e+00  1.7944e-03  3.2360e-05  1.8271e-03
1.3539e+00  1.7553e-03  3.2454e-05  1.8051e-03
1.3590e+00  1.8029e-03  3.1996e-05  1.7834e-03
1.3642e+00  1.7777e-03  3.1682e-05  1.7619e-03
1.3694e+00  1.6459e-03  3.1221e-05  1.7406e-03
1.3745e+00  1.6920e-03  3.1447e-05  1.7195e-03
1.3797e+00  1.6875e-03  3.1399e-05  1.6987e-03
1.3848e+00  1.7191e-03  3.1087e-05  1.6781e-03
1.3900e+00  1.6715e-03  3.1210e-05  1.6577e-03
1.3952e+00  1.5901e-03  3.0796e-05  1.6375e-03
1.4003e+00  1.6247e-03  3.0926e-05  1.6175e-03
1.4055e+00  1.6104e-03  3.0848e-05  1.5978e-03
1.4107e+00  1.5915e-03  3.0751e-05  1.5783e-03
1.4158e+00  1.5695e-03  3.0490e-05  1.5590e-03
1.4210e+00  1.5816e-03  3.0890e-05  1.5399e-03
1.4261e+00  1.4931e-03  3.0602e-05  1.5210e-03
1.4313e+00  1.5408e-03  3.0480e-05  1.5023e-03
1.4365e+00  1.4721e-03  3.0543e-05  1.4839e-03
1.4416e+00  1.4840e-03  3.0360e-05  1.4656e-03
1.4468e+00  1.4690e-03  3.0277e-05  1.4476e-03
1.4520e+00  1.3654e-03  3.0428e-05  1.4298e-03
1.4571e+00  1.4613e-03  3.0069e-05  1.4122e-03
1.4623e+00  1.4020e-03  3.0020e-05  1.3947e-03
1.4674e+00  1.3765e-03  3.0126e-05  1.3775e-03
1.4726e+00  1.3504e-03  3.0190e-05  1.3605e-03
1.4778e+00  1.3207e-03  2.9824e-05  1.3437e-03
1.4829e+00  1.3070e-03  2.9984e-05  1.3271e-03
1.4881e+00  1.3269e-03  2.9840e-05  1.3107e-03
1.4932e+00  1.2377e-03  2.9712e-05  1.2945e-03
1.4984e+00  1.2699e-03  2.9948e-05  1.2784e-03
1.5036e+00  1.3026e-03  2.9703e-05  1.2626e-03
1.5087e+00  1.3013e-03  2.9587e-05  1.2470e-03
1.5139e+00  1.1874e-03  2.9801e-05  1.2316e-03
1.5191e+00  1.2454e-03  2.9771e-05  1.2163e-03
1.5242e+00  1.2409e-03  2.9655e-05  1.2013e-03
1.5294e+00  1.1755e-03  2.9662e-05  1.1864e-03
1.5345e+00  1.1347e-03  2.9609e-05  1.1717e-03
1.5397e+00  1.1793e-03  2.9415e-05  1.1572e-03
1.5449e+00  1.1554e-03  2.9649e-05  1.1429e-03
1.5500e+00  1.1613e-03  2.9448e-05  1.1288e-03
1.5552e+00  1.1105e-03  2.9339e-05  1.1148e-03
1.5603e+00  1.0899e-03  2.9557e-05  1.1011e-03
1.5655e+00  1.1142e-03  2.9479e-05  1.0875e-03
1.5707e+00  1.1198e-03  2.9138e-05  1.0741e-03
1.5758e+00  1.1089e-03  2.9382e-05  1.0608e-03
1.5810e+00  1.0308e-03  2.9320e-05  1.0478e-03
1.5862e+00  1.0107e-03  2.9078e-05  1.0349e-03
1.5913e+00  1.0174e-03  2.9215e-05  1.0222e-03
1.5965e+00  9.7636e-04  2.9120e-05  1.0097e-03
1.6016e+00  1.0091e-03  2.8940e-05  9.9728e-04
1.6068e+00  1.0465e-03  2.9204e-05  9.8508e-04
1.6120e+00  9.9977e-04  2.9042e-05  9.7303e-04
1.6171e+00  9.3076e-04  2.8919e-05  9.6115e-04
1.6223e+00  9.7222e-04  2.9003e-05  9.4944e-04
1.6275e+00  9.7091e-04  2.8972e-05  9.3788e-04
1.6326e+00  9.3429e-04  2.8737e-05  9.2648e-04
1.6378e+00  9.1804e-04  2.8980e-05  9.1524e-04
1.6429e+00  9.1160e-04  2.8749e-05  9.0416e-04
1.6481e+00  8.6455e-04  2.8732e-05  8.9322e-04
1.6533e+00  8.9704e-04  2.8836e-05  8.8244e-04
1.6584e+00  8.7175e-04  2.8803e-05  8.7181e-04
1.6636e+00  8.7017e-04  2.8579e-05  8.6133e-04
1.6687e+00  8.8728e-04  2.8786e-05  8.5100e-04
1.6739e+00  8.5804e-04  2.8645e-05  8.4081e-04
1.6791e+00  8.1961e-04  2.8408e-05  8.3076e-04
1.6842e+00  8.1582e-04  2.8641e-05  8.2085e-04
1.6894e+00  7.6884e-04  2.8547e-05  8.1109e-04
1.6946e+00  7.7974e-04  2.8451e-05  8.0146e-04
1.6997e+00  8.1256e-04  2.8837e-05  7.9196e-04
1.7049e+00  8.2072e-04  2.8306e-05  7.8261e-04
1.7100e+00  7.5274e-04  2.8353e-05  7.7338e-04
1.7152e+00  7.3933e-04  2.8384e-05  7.6428e-04
1.7204e+00  7.7473e-04  2.8335e-05  7.5532e-04
1.7255e+00  7.3347e-04  2.8161e-05  7.4648e-04
1.7307e+00  7.7463e-04  2.8356e-05  7.3776e-04
1.7358e+00  7.3781e-04  2.8178e-05  7.2917e-04
1.7410e+00  7.1457e-04  2.8074e-05  7.2070e-04
1.7462e+00  7.3958e-04  2.8447e-05  7.1235e-04
1.7513e+00  7.2954e-04  2.8126e-05  7.0412e-04
1.7565e+00  6.7849e-04  2.7918e-05  6.9600e-04
1.7617e+00  7.1836e-04  2.8157e-05  6.8800e-04
1.7668e+00  7.2328e-04  2.7924e-05  6.8011e-04
1.7720e+00  7.1436e-04  2.7837e-05  6.7233e-04
1.7771e+00  6.6149e-04  2.8013e-05  6.6466e-04
1.7823e+00  6.3092e-04  2.7837e-05  6.5710e-04
1.7875e+00  6.1646e-04  2.7633e-05  6.4964e-04
1.7926e+00  6.4020e-04  2.7922e-05  6.4229e-04
1.7978e+00  6.2357e-04  2.7617e-05  6.3504e-04
1.8030e+00  6.2073e-04  2.7410e-05  6.2789e-04
1.8081e+00  6.4863e-04  2.7720e-05  6.2084e-04
1.8133e+00  6.0138e-04  2.7542e-05  6.1388e-04
1.8184e+00  6.4191e-04  2.7450e-05  6.0703e-04
1.8236e+00  6.2607e-04  2.7629e-05  6.0026e-04
1.8288e+00  5.9664e-04  2.7481e-05  5.9359e-04
1.8339e+00  5.8346e-04  2.7460e-05  5.8701e-04
1.8391e+00  5.5524e-04  2.7541e-05  5.8052e-04
1.8442e+00  5.4557e-04  2.7407e-05  5.7411e-04
1.8494e+00  5.5826e-04  2.7188e-05  5.6779e-04
1.8546e+00  5.6631e-04  2.7537e-05  5.6156e-04
1.8597e+00  5.8443e-04  2.7436e-05  5.5541e-04
1.8649e+00  5.1659e-04  2.7148e-05  5.4934e-04
1.8700e+00  5.3085e-04  2.7464e-05  5.4335e-04
1.8752e+00  5.3676e-04  2.7287e-05  5.3743e-04
1.8804e+00  5.3520e-04  2.7236e-05  5.3160e-04
1.8855e+00  4.6582e-04  2.7377e-05  5.2585e-04
1.8907e+00  5.1753e-04  2.7237e-05  5.2016e-04
1.8959e+00  4.9702e-04  2.7087e-05  5.1455e-04
1.9010e+00  5.5032e-04  2.7297e-05  5.0902e-04
1.9062e+00  4.4721e-04  2.7156e-05  5.0355e-04
1.9114e+00  5.2228e-04  2.6993e-05  4.9815e-04
1.9165e+00  4.8528e-04  2.7278e-05  4.9282e-04
1.9217e+00  4.7649e-04  2.6999e-05  4.8756e-04
1.9268e+00  5.0343e-04  2.7190e-05  4.8237e-04
1.9320e+00  4.8781e-04  2.7178e-05  4.7724e-04
1.9372e+00  4.7885e-04  2.6943e-05  4.7217e-04
1.9423e+00  5.1471e-04  2.6935e-05  4.6717e-04
1.9475e+00  4.4278e-04  2.7098e-05  4.6223e-04
1.9526e+00  4.6104e-04  2.6970e-05  4.5735e-04
1.9578e+00  4.1041e-04  2.6883e-05  4.5252e-04
1.9630e+00  4.4346e-04  2.6995e-05  4.4776e-04
1.9681e+00  4.1825e-04  2.6882e-05  4.4306e-04
1.9733e+00  4.4614e-04  2.6852e-05  4.3841e-04
1.9785e+00  4.0432e-04  2.7006e-05  4.3382e-04
1.9836e+00  4.0268e-04  2.6885e-05  4.2929e-04
1.9888e+00  4.3280e-04  2.6747e-05  4.2480e-04
1.9939e+00  4.3364e-04  2.6880e-05  4.2038e-04
1.9991e+00  3.8950e-04  2.6732e-05  4.1600e-04
2.0043e+00  4.5632e-04  2.6742e-05  4.1168e-04
2.0094e+00  3.9332e-04  2.6897e-05  4.0741e-04
2.0146e+00  3.6915e-04  2.6785e-05  4.0320e-04
2.0197e+00  3.8332e-04  2.6665e-05  3.9903e-04
2.0249e+00  3.7384e-04  2.6733e-05  3.9491e-04
2.0301e+00  3.5999e-04  2.6713e-05  3.9084e-04
2.0352e+00  3.8360e-04  2.6511e-05  3.8682e-04
2.0404e+00  3.5609e-04  2.6771e-05  3.8285e-04
2.0455e+00  3.6811e-04  2.6575e-05  3.7892e-04
2.0507e+00  3.6856e-04  2.6534e-05  3.7505e-04
2.0559e+00  3.6738e-04  2.6684e-05  3.7121e-04
2.0610e+00  3.4188e-04  2.6558e-05  3.6743e-04
2.0662e+00  3.4453e-04  2.6587e-05  3.6369e-04
2.0714e+00  3.6472e-04  2.6616e-05  3.5999e-04
2.0765e+00  4.1034e-04  2.6449e-05  3.5635e-04
2.0817e+00  3.2439e-04  2.6361e-05  3.5274e-04
2.0869e+00  3.3166e-04  2.6531e-05  3.4918e-04
2.0920e+00  3.0610e-04  2.6472e-05  3.4566e-04
2.0972e+00  3.8094e-04  2.6380e-05  3.4219e-04
2.1023e+00  3.4450e-04  2.6510e-05  3.3876e-04
2.1075e+00  3.0004e-04  2.6468e-05  3.3538e-04
2.1127e+00  3.0733e-04  2.7066e-05  3.3203e-04
2.1178e+00  3.2761e-04  2.7348e-05  3.2873e-04
2.1230e+00  2.8091e-04  2.7328e-05  3.2547e-04
2.1281e+00  3.1251e-04  2.7617e-05  3.2225e-04
2.1333e+00  3.2203e-04  2.7839e-05  3.1908e-04
2.1385e+00  3.3578e-04  2.7854e-05  3.1594e-04
2.1436e+00  3.6793e-04  2.8236e-05  3.1285e-04
2.1488e+00  2.9144e-04  2.8297e-05  3.0980e-04
2.1540e+00  3.0453e-04  2.8293e-05  3.0679e-04
2.1591e+00  2.8001e-04  2.8465e-05  3.0382e-04
2.1643e+00  2.7108e-04  2.8606e-05  3.0089e-04
2.1694e+00  3.0607e-04  2.8529e-05  2.9800e-04
2.1746e+00  2.9783e-04  2.8432e-05  2.9515e-04
2.1798e+00  2.8691e-04  2.8132e-05  2.9234e-04
2.1849e+00  2.7175e-04  2.7729e-05  2.8957e-04
2.1901e+00  2.7371e-04  2.7520e-05  2.8684e-04
2.1952e+00  2.7917e-04  2.7666e-05  2.8415e-04
2.2004e+00  2.3559e-04  2.7514e-05  2.8150e-04
2.2056e+00  2.7643e-04  2.7210e-05  2.7888e-04
2.2107e+00  2.8776e-04  2.7291e-05  2.7631e-04
2.2159e+00  3.4785e-04  2.7101e-05  2.7378e-04
2.2210e+00  2.5008e-04  2.6862e-05  2.7129e-04
2.2262e+00  2.9079e-04  2.7114e-05  2.6883e-04
2.2314e+00  2.3334e-04  2.6859e-05  2.6641e-04
2.2365e+00  3.2284e-04  2.6962e-05  2.6403e-04
2.2417e+00  2.3553e-04  2.6956e-05  2.6169e-04
2.2469e+00  2.1984e-04  2.6846e-05  2.5939e-04
2.2520e+00  2.5469e-04  2.6602e-05  2.5712e-04
2.2572e+00  2.0996e-04  2.6845e-05  2.5489e-04
2.2624e+00  2.9275e-04  2.6586e-05  2.5270e-04
2.2675e+00  2.4754e-04  2.6587e-05  2.5055e-04
2.2727e+00  2.3553e-04  2.6735e-05  2.4844e-04
2.2778e+00  3.0517e-04  2.6602e-05  2.4636e-04
2.2830e+00  2.6919e-04  2.6615e-05  2.4431e-04
2.2882e+00  2.5558e-04  2.6832e-05  2.4231e-04
2.2933e+00  2.4917e-04  2.6493e-05  2.4034e-04
2.2985e+00  1.8892e-04  2.6488e-05  2.3841e-04
2.3036e+00  2.9186e-04  2.6656e-05  2.3651e-04
2.3088e+00  3.0327e-04  2.6419e-05  2.3464e-04
2.3140e+00  2.4150e-04  2.6362e-05  2.3282e-04
2.3191e+00  2.8292e-04  2.6552e-05  2.3102e-04
2.3243e+00  2.4518e-04  2.6288e-05  2.2927e-04
2.3295e+00  2.5222e-04  2.6449e-05  2.2754e-04
2.3346e+00  2.3846e-04  2.6492e-05  2.2585e-04
2.3398e+00  2.5723e-04  2.6326e-05  2.2420e-04
2.3449e+00  2.1127e-04  2.6309e-05  2.2258e-04
2.3501e+00  1.8547e-04  2.6363e-05  2.2099e-04
2.3553e+00  2.1260e-04  2.6102e-05  2.1943e-04
2.3604e+00  1.9298e-04  2.6232e-05  2.1790e-04
2.3656e+00  2.2279e-04  2.6308e-05  2.1641e-04
2.3707e+00  1.8120e-04  2.6194e-05  2.1495e-04
2.3759e+00  2.5109e-04  2.6153e-05  2.1352e-04
2.3811e+00  1.8343e-04  2.6376e-05  2.1212e-04
2.3862e+00  2.4782e-04  2.6037e-05  2.1075e-04
2.3914e+00  1.8557e-04  2.6117e-05  2.0941e-04
2.3965e+00  1.9442e-04  2.6227e-05  2.0810e-04
2.4017e+00  2.2205e-04  2.6028e-05  2.0682e-04
2.4069e+00  1.9991e-04  2.6061e-05  2.0557e-04
2.4120e+00  1.8835e-04  2.6141e-05  2.0434e-04
2.4172e+00  2.3897e-04  2.5915e-05  2.0315e-04
2.4224e+00  1.9876e-04  2.6088e-05  2.0198e-04
2.4275e+00  2.0046e-04  2.6084e-05  2.0083e-04
2.4327e+00  2.0940e-04  2.5938e-05  1.9971e-04
2.4379e+00  2.3445e-04  2.5831e-05  1.9862e-04
2.4430e+00  1.7300e-04  2.5905e-05  1.9756e-04
2.4482e+00  2.2274e-04  2.5688e-05  1.9651e-04
2.4533e+00  1.7324e-04  2.5810e-05  1.9550e-04
2.4585e+00  1.8045e-04  2.5740e-05  1.9450e-04
2.4637e+00  1.7750e-04  2.5604e-05  1.9353e-04
2.4688e+00  2.0391e-04  2.5665e-05  1.9258e-04
2.4740e+00  1.7876e-04  2.5710e-05  1.9165e-04
2.4791e+00  2.1074e-04  2.5478e-05  1.9075e-04
2.4843e+00  2.0158e-04  2.5627e-05  1.8986e-04
2.4895e+00  2.0955e-04  2.5575e-05  1.8899e-04
2.4946e+00  2.3629e-04  2.5449e-05  1.8815e-04
2.4998e+00  2.1893e-04  2.5519e-05  1.8732e-04
2.5050e+00  1.9041e-04  2.5560e-05  1.8651e-04
2.5101e+00  1.6199e-04  2.5418e-05  1.8572e-04
2.5153e+00  1.8167e-04  2.5495e-05  1.8494e-04
2.5204e+00  1.6516e-04  2.5597e-05  1.8419e-04
2.5256e+00  1.6792e-04  2.5409e-05  1.8344e-04
2.5308e+00  1.9328e-04  2.5437e-05  1.8272e-04
2.5359e+00  1.7968e-04  2.5491e-05  1.8201e-04
2.5411e+00  1.9214e-04  2.5343e-05  1.8131e-04
2.5462e+00  1.5076e-04  2.5455e-05  1.8063e-04
2.5514e+00  1.6121e-04  2.5364e-05  1.7996e-04
2.5566e+00  1.8591e-04  2.5359e-05  1.7930e-04
2.5617e+00  1.7206e-04  2.5430e-05  1.7865e-04
2.5669e+00  1.9234e-04  2.5449e-05  1.7802e-04
2.5720e+00  1.2171e-04  2.5538e-05  1.7739e-04
2.5772e+00  1.6256e-04  2.5979e-05  1.7678e-04
2.5824e+00  1.9131e-04  2.6288e-05  1.7617e-04
2.5875e+00  1.9075e-04  2.6470e-05  1.7558e-04
2.5927e+00  1.8185e-04  2.6545e-05  1.7499e-04
2.5979e+00  1.6212e-04  2.6630e-05  1.7442e-04
2.6030e+00  1.3314e-04  2.6048e-05  1.7384e-04
2.6082e+00  1.8340e-04  2.6016e-05  1.7328e-04
2.6134e+00  1.5356e-04  2.5989e-05  1.7273e-04
2.6185e+00  1.3336e-04  2.5725e-05  1.7217e-04
2.6237e+00  1.9784e-04  2.5775e-05  1.7163e-04
2.6288e+00  2.1053e-04  2.5728e-05  1.7109e-04
2.6340e+00  1.6316e-04  2.5531e-05  1.7055e-04
2.6392e+00  1.6832e-04  2.5652e-05  1.7002e-04
2.6443e+00  1.6908e-04  2.5693e-05  1.6949e-04
2.6495e+00  1.8262e-04  2.5623e-05  1.6897e-04
2.6546e+00  1.8139e-04  2.5683e-05  1.6845e-04
2.6598e+00  1.6121e-04  2.5663e-05  1.6793e-04
2.6650e+00  1.7988e-04  2.5533e-05  1.6741e-04
2.6701e+00  1.3432e-04  2.5578e-05  1.6690e-04
2.6753e+00  1.8358e-04  2.5607e-05  1.6638e-04
2.6804e+00  1.4861e-04  2.5397e-05  1.6587e-04
2.6856e+00  2.2411e-04  2.5562e-05  1.6536e-04
2.6908e+00  1.5714e-04  2.5473e-05  1.6485e-04
2.6959e+00  1.1731e-04  2.5443e-05  1.6433e-04
2.7011e+00  1.6299e-04  2.5537e-05  1.6382e-04
2.7063e+00  1.6179e-04  2.5511e-05  1.6331e-04
2.7114e+00  1.7062e-04  2.5380e-05  1.6280e-04
2.7166e+00  1.2802e-04  2.5417e-05  1.6228e-04
2.7217e+00  1.7920e-04  2.5426e-05  1.6176e-04
2.7269e+00  1.3709e-04  2.5298e-05  1.6125e-04
2.7321e+00  1.3836e-04  2.5460e-05  1.6073e-04
2.7372e+00  1.4292e-04  2.5351e-05  1.6020e-04
2.7424e+00  1.6413e-04  2.5319e-05  1.5968e-04
2.7475e+00  1.1404e-04  2.5390e-05  1.5915e-04
2.7527e+00  1.6507e-04  2.5383e-05  1.5863e-04
2.7579e+00  1.8762e-04  2.5294e-05  1.5810e-04
2.7630e+00  1.4558e-04  2.5286e-05  1.5756e-04
2.7682e+00  1.5274e-04  2.5231e-05  1.5703e-04
2.7734e+00  1.5283e-04  2.5092e-05  1.5648e-04
2.7785e+00  1.6042e-04  2.5252e-05  1.5594e-04
2.7837e+00  1.0560e-04  2.5211e-05  1.5540e-04
2.7889e+00  9.6453e-05  2.5074e-05  1.5485e-04
2.7940e+00  1.5636e-04  2.5227e-05  1.5430e-04
2.7992e+00  1.0264e-04  2.5220e-05  1.5374e-04
2.8043e+00  1.5625e-04  2.4997e-05  1.5318e-04
2.8095e+00  1.3495e-04  2.5164e-05  1.5262e-04
2.8147e+00  1.4660e-04  2.4996e-05  1.5206e-04
2.8198e+00  1.3809e-04  2.4894e-05  1.5149e-04
2.8250e+00  1.6501e-04  2.5066e-05  1.5092e-04
2.8301e+00  1.6307e-04  2.4982e-05  1.5035e-04
2.8353e+00  1.2287e-04  2.4957e-05  1.4977e-04
2.8405e+00  1.4240e-04  2.5080e-05  1.4919e-04
2.8456e+00  1.6824e-04  2.5088e-05  1.4861e-04
2.8508e+00  1.6114e-04  2.4950e-05  1.4803e-04
2.8559e+00  1.7390e-04  2.5047e-05  1.4744e-04
2.8611e+00  1.5607e-04  2.5006e-05  1.4685e-04
2.8663e+00  1.5371e-04  2.4890e-05  1.4626e-04
2.8714e+00  1.3253e-04  2.5106e-05  1.4567e-04
2.8766e+00  2.0351e-04  2.4916e-05  1.4507e-04
2.8818e+00  1.6207e-04  2.4927e-05  1.4448e-04
2.8869e+00  1.4118e-04  2.4924e-05  1.4388e-04
2.8921e+00  1.6381e-04  2.4957e-05  1.4328e-04
2.8972e+00  1.2591e-04  2.4688e-05  1.4268e-04
2.9024e+00  1.3475e-04  2.4862e-05  1.4207e-04
2.9076e+00  2.1583e-04  2.4860e-05  1.4147e-04
2.9127e+00  1.5783e-04  2.4699e-05  1.4087e-04
2.9179e+00  1.6803e-04  2.4926e-05  1.4027e-04
2.9230e+00  1.2595e-04  2.4758e-05  1.3966e-04
2.9282e+00  1.5085e-04  2.4995e-05  1.3906e-04
2.9334e+00  9.5462e-05  2.5505e-05  1.3846e-04
2.9385e+00  1.3583e-04  2.5735e-05  1.3786e-04
2.9437e+00  1.5171e-04  2.5913e-05  1.3726e-04
2.9489e+00  1.2261e-04  2.6156e-05  1.3666e-04
2.9540e+00  1.2976e-04  2.6162e-05  1.3606e-04
2.9592e+00  1.3121e-04  2.6445e-05  1.3546e-04
2.9644e+00  1.2579e-04  2.6622e-05  1.3487e-04
2.9695e+00  1.4985e-04  2.6468e-05  1.3427e-04
2.9747e+00  1.5335e-04  2.6775e-05  1.3368e-04
2.9798e+00  1.6412e-04  2.7027e-05  1.3310e-04
2.9850e+00  1.3515e-04  2.6931e-05  1.3251e-04
2.9902e+00  1.2048e-04  2.7011e-05  1.3193e-04
2.9953e+00  1.1803e-04  2.6891e-05  1.3135e-04
3.0005e+00  1.2376e-04  2.6373e-05  1.3077e-04
creator: GNOM
creator-version: 5.0
real-space-rmin: 0.0000
real-space-rmax: 8.0000
condition-r-min-zero: yes
condition-r-max-zero: yes
real-space-points: 167
first-point: 1
last-point: 456
reciprocal-space-rg: 0.2395E+01
reciprocal-space-I0: 0.1721E-01
real-space-range: 8.0000
real-space-rg: 0.2398E+01
real-space-I0: 0.1721E-01
highest-alpha-theor: 0.3719E+03
current-alpha: 0.6870E+01
total-estimate: 0.7113
creator: out2fit
creator-version: 0.2 (r12314)
parent: TipAS_1.96mgml-1_25deg_sub_ave_cm-1_divconc_nm-1_merged.out
