1.1469e-01  2.3860e-02  2.4574e-03  1.8851e-02
1.2744e-01  1.7959e-02  1.7027e-03  1.8742e-02
1.4018e-01  1.8858e-02  1.6005e-03  1.8622e-02
1.5292e-01  1.9437e-02  1.3897e-03  1.8492e-02
1.6567e-01  1.9635e-02  1.2557e-03  1.8352e-02
1.7841e-01  1.6883e-02  1.2426e-03  1.8203e-02
1.9115e-01  1.7124e-02  1.0769e-03  1.8044e-02
2.0390e-01  1.8515e-02  1.0877e-03  1.7875e-02
2.1664e-01  1.8124e-02  9.5105e-04  1.7698e-02
2.2938e-01  1.7768e-02  9.2248e-04  1.7513e-02
2.4213e-01  1.8861e-02  8.6077e-04  1.7319e-02
2.5487e-01  1.7504e-02  8.0833e-04  1.7118e-02
2.6761e-01  1.7902e-02  7.7429e-04  1.6910e-02
2.8035e-01  1.7114e-02  7.0143e-04  1.6694e-02
2.9310e-01  1.7403e-02  6.9469e-04  1.6473e-02
3.0584e-01  1.7094e-02  6.4609e-04  1.6245e-02
3.1858e-01  1.6883e-02  6.1203e-04  1.6012e-02
3.3132e-01  1.5546e-02  5.9005e-04  1.5774e-02
3.4407e-01  1.5106e-02  5.4998e-04  1.5531e-02
3.5681e-01  1.5594e-02  5.4745e-04  1.5283e-02
3.6955e-01  1.5454e-02  5.1947e-04  1.5032e-02
3.8230e-01  1.5025e-02  5.0312e-04  1.4778e-02
3.9504e-01  1.4880e-02  4.8943e-04  1.4520e-02
4.0778e-01  1.4957e-02  4.7500e-04  1.4261e-02
4.2052e-01  1.3754e-02  4.7722e-04  1.3998e-02
4.3326e-01  1.2554e-02  4.4102e-04  1.3735e-02
4.4601e-01  1.3556e-02  4.5843e-04  1.3470e-02
4.5875e-01  1.2918e-02  4.3528e-04  1.3204e-02
4.7149e-01  1.3076e-02  4.3127e-04  1.2937e-02
4.8423e-01  1.2845e-02  4.2755e-04  1.2671e-02
4.9697e-01  1.2570e-02  4.0714e-04  1.2405e-02
5.0971e-01  1.1473e-02  4.0753e-04  1.2139e-02
5.2246e-01  1.2552e-02  3.9540e-04  1.1874e-02
5.3520e-01  1.1709e-02  3.9024e-04  1.1611e-02
5.4794e-01  1.1466e-02  3.8570e-04  1.1349e-02
5.6068e-01  1.1740e-02  3.7116e-04  1.1089e-02
5.7342e-01  9.9194e-03  3.7307e-04  1.0831e-02
5.8616e-01  1.0275e-02  3.5664e-04  1.0575e-02
5.9890e-01  9.2976e-03  3.5214e-04  1.0322e-02
6.1164e-01  1.0145e-02  3.5120e-04  1.0072e-02
6.2438e-01  9.0537e-03  3.3829e-04  9.8255e-03
6.3712e-01  9.1056e-03  3.4602e-04  9.5820e-03
6.4986e-01  9.2709e-03  3.2650e-04  9.3420e-03
6.6260e-01  8.7713e-03  3.3254e-04  9.1056e-03
6.7534e-01  8.7583e-03  3.2180e-04  8.8730e-03
6.8808e-01  8.8919e-03  3.2527e-04  8.6443e-03
7.0082e-01  8.7181e-03  3.1832e-04  8.4197e-03
7.1356e-01  7.8096e-03  3.0287e-04  8.1993e-03
7.2630e-01  7.9757e-03  3.1002e-04  7.9831e-03
7.3904e-01  7.7416e-03  2.9921e-04  7.7712e-03
7.5178e-01  7.7852e-03  3.0111e-04  7.5636e-03
7.6451e-01  6.4120e-03  2.8915e-04  7.3605e-03
7.7725e-01  7.1990e-03  2.9129e-04  7.1619e-03
7.8999e-01  6.9676e-03  2.8838e-04  6.9676e-03
8.0273e-01  7.0438e-03  2.7949e-04  6.7779e-03
8.1547e-01  6.7244e-03  2.7947e-04  6.5926e-03
8.2821e-01  5.9163e-03  2.7228e-04  6.4118e-03
8.4094e-01  6.3677e-03  2.7210e-04  6.2354e-03
8.5368e-01  6.2888e-03  2.7674e-04  6.0633e-03
8.6642e-01  5.7367e-03  2.5835e-04  5.8956e-03
8.7916e-01  6.1074e-03  2.6238e-04  5.7322e-03
8.9189e-01  5.6496e-03  2.5487e-04  5.5731e-03
9.1736e-01  5.2892e-03  2.5434e-04  5.2671e-03
9.3010e-01  4.7038e-03  2.4768e-04  5.1202e-03
9.4284e-01  4.9522e-03  2.4652e-04  4.9772e-03
9.5557e-01  5.0861e-03  2.4719e-04  4.8381e-03
9.6831e-01  4.7457e-03  2.4497e-04  4.7028e-03
9.8104e-01  5.0786e-03  2.4321e-04  4.5711e-03
9.9378e-01  4.7085e-03  2.4105e-04  4.4430e-03
1.0065e+00  4.2632e-03  2.3820e-04  4.3185e-03
1.0132e+00  4.3275e-03  3.2321e-05  4.2544e-03
1.0184e+00  4.2454e-03  3.2436e-05  4.2056e-03
1.0235e+00  4.1976e-03  3.2677e-05  4.1573e-03
1.0287e+00  4.1440e-03  3.2270e-05  4.1096e-03
1.0338e+00  4.0154e-03  3.2359e-05  4.0624e-03
1.0390e+00  4.0418e-03  3.2352e-05  4.0157e-03
1.0442e+00  4.0167e-03  3.2113e-05  3.9696e-03
1.0493e+00  3.9819e-03  3.2101e-05  3.9239e-03
1.0545e+00  3.8939e-03  3.2271e-05  3.8788e-03
1.0597e+00  3.8389e-03  3.2029e-05  3.8342e-03
1.0648e+00  3.8421e-03  3.2077e-05  3.7901e-03
1.0700e+00  3.7117e-03  3.2253e-05  3.7464e-03
1.0751e+00  3.7165e-03  3.1827e-05  3.7032e-03
1.0803e+00  3.7530e-03  3.2054e-05  3.6606e-03
1.0855e+00  3.6276e-03  3.2137e-05  3.6184e-03
1.0906e+00  3.6040e-03  3.1722e-05  3.5766e-03
1.0958e+00  3.5117e-03  3.1872e-05  3.5353e-03
1.1010e+00  3.4880e-03  3.2047e-05  3.4945e-03
1.1061e+00  3.4804e-03  3.1573e-05  3.4541e-03
1.1113e+00  3.4298e-03  3.2175e-05  3.4141e-03
1.1164e+00  3.4633e-03  3.2519e-05  3.3746e-03
1.1216e+00  3.2671e-03  3.2659e-05  3.3356e-03
1.1268e+00  3.3909e-03  3.2925e-05  3.2969e-03
1.1319e+00  3.2489e-03  3.3130e-05  3.2587e-03
1.1371e+00  3.1456e-03  3.2961e-05  3.2209e-03
1.1422e+00  3.1269e-03  3.2915e-05  3.1835e-03
1.1474e+00  3.1437e-03  3.3176e-05  3.1465e-03
1.1526e+00  3.1511e-03  3.3159e-05  3.1099e-03
1.1577e+00  3.0851e-03  3.3200e-05  3.0737e-03
1.1629e+00  2.9984e-03  3.3059e-05  3.0379e-03
1.1681e+00  3.0185e-03  3.2986e-05  3.0025e-03
1.1732e+00  2.9604e-03  3.3072e-05  2.9675e-03
1.1784e+00  2.9014e-03  3.2476e-05  2.9328e-03
1.1835e+00  2.8930e-03  3.1996e-05  2.8985e-03
1.1887e+00  2.8324e-03  3.2375e-05  2.8646e-03
1.1939e+00  2.7944e-03  3.2363e-05  2.8311e-03
1.1990e+00  2.8095e-03  3.2025e-05  2.7979e-03
1.2042e+00  2.7911e-03  3.2523e-05  2.7650e-03
1.2093e+00  2.6800e-03  3.2296e-05  2.7326e-03
1.2145e+00  2.6638e-03  3.2105e-05  2.7004e-03
1.2197e+00  2.6894e-03  3.2305e-05  2.6686e-03
1.2248e+00  2.6061e-03  3.2165e-05  2.6372e-03
1.2300e+00  2.5843e-03  3.1891e-05  2.6061e-03
1.2352e+00  2.5893e-03  3.2417e-05  2.5753e-03
1.2403e+00  2.5250e-03  3.2130e-05  2.5448e-03
1.2455e+00  2.4949e-03  3.1967e-05  2.5147e-03
1.2506e+00  2.4179e-03  3.2127e-05  2.4849e-03
1.2558e+00  2.4124e-03  3.1989e-05  2.4554e-03
1.2610e+00  2.4110e-03  3.1917e-05  2.4263e-03
1.2661e+00  2.3837e-03  3.2173e-05  2.3974e-03
1.2713e+00  2.3979e-03  3.1885e-05  2.3689e-03
1.2765e+00  2.3304e-03  3.1739e-05  2.3406e-03
1.2816e+00  2.3071e-03  3.1888e-05  2.3127e-03
1.2868e+00  2.2534e-03  3.1731e-05  2.2851e-03
1.2919e+00  2.2036e-03  3.2353e-05  2.2577e-03
1.2971e+00  2.2151e-03  3.2596e-05  2.2307e-03
1.3023e+00  2.2527e-03  3.2511e-05  2.2039e-03
1.3074e+00  2.1468e-03  3.2857e-05  2.1775e-03
1.3126e+00  2.1331e-03  3.3061e-05  2.1513e-03
1.3177e+00  2.1008e-03  3.3000e-05  2.1254e-03
1.3229e+00  2.0794e-03  3.3174e-05  2.0998e-03
1.3281e+00  2.0755e-03  3.3644e-05  2.0745e-03
1.3332e+00  2.0590e-03  3.3366e-05  2.0494e-03
1.3384e+00  2.0269e-03  3.3840e-05  2.0246e-03
1.3436e+00  1.9817e-03  3.3763e-05  2.0001e-03
1.3487e+00  2.0105e-03  3.3672e-05  1.9759e-03
1.3539e+00  1.9420e-03  3.3777e-05  1.9519e-03
1.3590e+00  1.9416e-03  3.3300e-05  1.9282e-03
1.3642e+00  1.9003e-03  3.2991e-05  1.9048e-03
1.3694e+00  1.8699e-03  3.2565e-05  1.8816e-03
1.3745e+00  1.8284e-03  3.2734e-05  1.8587e-03
1.3797e+00  1.7557e-03  3.2633e-05  1.8361e-03
1.3848e+00  1.7957e-03  3.2379e-05  1.8136e-03
1.3900e+00  1.7632e-03  3.2506e-05  1.7915e-03
1.3952e+00  1.7993e-03  3.2073e-05  1.7696e-03
1.4003e+00  1.7416e-03  3.2165e-05  1.7480e-03
1.4055e+00  1.8166e-03  3.2145e-05  1.7266e-03
1.4107e+00  1.7297e-03  3.2004e-05  1.7054e-03
1.4158e+00  1.6765e-03  3.1737e-05  1.6845e-03
1.4210e+00  1.6550e-03  3.2110e-05  1.6639e-03
1.4261e+00  1.6546e-03  3.1854e-05  1.6435e-03
1.4313e+00  1.5923e-03  3.1688e-05  1.6233e-03
1.4365e+00  1.5855e-03  3.1778e-05  1.6033e-03
1.4416e+00  1.5572e-03  3.1584e-05  1.5836e-03
1.4468e+00  1.5303e-03  3.1510e-05  1.5642e-03
1.4520e+00  1.5456e-03  3.1679e-05  1.5450e-03
1.4571e+00  1.5328e-03  3.1327e-05  1.5260e-03
1.4623e+00  1.4542e-03  3.1219e-05  1.5072e-03
1.4674e+00  1.5064e-03  3.1346e-05  1.4886e-03
1.4726e+00  1.4617e-03  3.1436e-05  1.4703e-03
1.4778e+00  1.4258e-03  3.1082e-05  1.4522e-03
1.4829e+00  1.4379e-03  3.1210e-05  1.4344e-03
1.4881e+00  1.4413e-03  3.1058e-05  1.4167e-03
1.4932e+00  1.3965e-03  3.1003e-05  1.3993e-03
1.4984e+00  1.4232e-03  3.1152e-05  1.3821e-03
1.5036e+00  1.3625e-03  3.0909e-05  1.3651e-03
1.5087e+00  1.3593e-03  3.0834e-05  1.3483e-03
1.5139e+00  1.2877e-03  3.0994e-05  1.3318e-03
1.5191e+00  1.3626e-03  3.0989e-05  1.3154e-03
1.5242e+00  1.3046e-03  3.0875e-05  1.2993e-03
1.5294e+00  1.3230e-03  3.0880e-05  1.2834e-03
1.5345e+00  1.2593e-03  3.0843e-05  1.2677e-03
1.5397e+00  1.2486e-03  3.0640e-05  1.2522e-03
1.5449e+00  1.2146e-03  3.0878e-05  1.2369e-03
1.5500e+00  1.2693e-03  3.0644e-05  1.2218e-03
1.5552e+00  1.2335e-03  3.0531e-05  1.2069e-03
1.5603e+00  1.1827e-03  3.0759e-05  1.1921e-03
1.5655e+00  1.1990e-03  3.0656e-05  1.1776e-03
1.5707e+00  1.1198e-03  3.0264e-05  1.1633e-03
1.5758e+00  1.1669e-03  3.0556e-05  1.1492e-03
1.5810e+00  1.1234e-03  3.0512e-05  1.1353e-03
1.5862e+00  1.0876e-03  3.0317e-05  1.1216e-03
1.5913e+00  1.1715e-03  3.0422e-05  1.1080e-03
1.5965e+00  1.1108e-03  3.0359e-05  1.0947e-03
1.6016e+00  1.1019e-03  3.0164e-05  1.0815e-03
1.6068e+00  1.1104e-03  3.0372e-05  1.0685e-03
1.6120e+00  1.0646e-03  3.0173e-05  1.0557e-03
1.6171e+00  1.1008e-03  3.0108e-05  1.0431e-03
1.6223e+00  1.0432e-03  3.0175e-05  1.0306e-03
1.6275e+00  1.0458e-03  3.0178e-05  1.0184e-03
1.6326e+00  9.4853e-04  2.9884e-05  1.0063e-03
1.6378e+00  9.7918e-04  3.0214e-05  9.9435e-04
1.6429e+00  9.9482e-04  2.9942e-05  9.8260e-04
1.6481e+00  9.2695e-04  2.9919e-05  9.7102e-04
1.6533e+00  9.9776e-04  3.0016e-05  9.5960e-04
1.6584e+00  9.7089e-04  2.9971e-05  9.4835e-04
1.6636e+00  9.9731e-04  2.9804e-05  9.3726e-04
1.6687e+00  9.5776e-04  2.9951e-05  9.2634e-04
1.6739e+00  8.9009e-04  2.9830e-05  9.1557e-04
1.6791e+00  9.1126e-04  2.9614e-05  9.0496e-04
1.6842e+00  9.3200e-04  2.9826e-05  8.9451e-04
1.6894e+00  9.3511e-04  2.9746e-05  8.8421e-04
1.6946e+00  8.4258e-04  2.9619e-05  8.7406e-04
1.6997e+00  8.5729e-04  2.9987e-05  8.6406e-04
1.7049e+00  8.5544e-04  2.9455e-05  8.5421e-04
1.7100e+00  8.9410e-04  2.9497e-05  8.4451e-04
1.7152e+00  8.3507e-04  2.9567e-05  8.3495e-04
1.7204e+00  8.2733e-04  2.9463e-05  8.2553e-04
1.7255e+00  8.6071e-04  2.9350e-05  8.1625e-04
1.7307e+00  8.3374e-04  2.9460e-05  8.0711e-04
1.7358e+00  8.0337e-04  2.9356e-05  7.9810e-04
1.7410e+00  7.2990e-04  2.9216e-05  7.8923e-04
1.7462e+00  8.0197e-04  2.9647e-05  7.8049e-04
1.7513e+00  7.7545e-04  2.9266e-05  7.7189e-04
1.7565e+00  8.0464e-04  2.9058e-05  7.6341e-04
1.7617e+00  7.5547e-04  2.9255e-05  7.5505e-04
1.7668e+00  7.9752e-04  2.9059e-05  7.4683e-04
1.7720e+00  7.5038e-04  2.8989e-05  7.3872e-04
1.7771e+00  7.3570e-04  2.9127e-05  7.3074e-04
1.7823e+00  7.2428e-04  2.9006e-05  7.2287e-04
1.7875e+00  7.1995e-04  2.8781e-05  7.1512e-04
1.7926e+00  6.7977e-04  2.9088e-05  7.0748e-04
1.7978e+00  6.6552e-04  2.8749e-05  6.9996e-04
1.8030e+00  6.9687e-04  2.8548e-05  6.9255e-04
1.8081e+00  6.7668e-04  2.8854e-05  6.8525e-04
1.8133e+00  7.0383e-04  2.8674e-05  6.7806e-04
1.8184e+00  6.6318e-04  2.8550e-05  6.7097e-04
1.8236e+00  6.1706e-04  2.8757e-05  6.6399e-04
1.8288e+00  6.2190e-04  2.8596e-05  6.5711e-04
1.8339e+00  6.6983e-04  2.8588e-05  6.5033e-04
1.8391e+00  5.6751e-04  2.8654e-05  6.4365e-04
1.8442e+00  6.2197e-04  2.8546e-05  6.3707e-04
1.8494e+00  6.3138e-04  2.8331e-05  6.3058e-04
1.8546e+00  6.1930e-04  2.8650e-05  6.2418e-04
1.8597e+00  6.1683e-04  2.8546e-05  6.1788e-04
1.8649e+00  6.2436e-04  2.8299e-05  6.1167e-04
1.8700e+00  5.8920e-04  2.8611e-05  6.0555e-04
1.8752e+00  6.0118e-04  2.8422e-05  5.9951e-04
1.8804e+00  6.3775e-04  2.8359e-05  5.9356e-04
1.8855e+00  5.6964e-04  2.8540e-05  5.8770e-04
1.8907e+00  6.0770e-04  2.8344e-05  5.8192e-04
1.8959e+00  5.6508e-04  2.8186e-05  5.7622e-04
1.9010e+00  5.7178e-04  2.8412e-05  5.7059e-04
1.9062e+00  5.3611e-04  2.8338e-05  5.6505e-04
1.9114e+00  5.6174e-04  2.8114e-05  5.5959e-04
1.9165e+00  5.5653e-04  2.8376e-05  5.5419e-04
1.9217e+00  5.0150e-04  2.8148e-05  5.4888e-04
1.9268e+00  5.8470e-04  2.8283e-05  5.4364e-04
1.9320e+00  4.9608e-04  2.8271e-05  5.3846e-04
1.9372e+00  4.7924e-04  2.8034e-05  5.3336e-04
1.9423e+00  5.0877e-04  2.8018e-05  5.2833e-04
1.9475e+00  5.3311e-04  2.8172e-05  5.2337e-04
1.9526e+00  4.9207e-04  2.8058e-05  5.1847e-04
1.9578e+00  4.8078e-04  2.7957e-05  5.1364e-04
1.9630e+00  4.8731e-04  2.8125e-05  5.0887e-04
1.9681e+00  4.8479e-04  2.8035e-05  5.0417e-04
1.9733e+00  4.7059e-04  2.7960e-05  4.9953e-04
1.9785e+00  4.8502e-04  2.8119e-05  4.9495e-04
1.9836e+00  4.6755e-04  2.7972e-05  4.9043e-04
1.9888e+00  4.4682e-04  2.7841e-05  4.8597e-04
1.9939e+00  5.2051e-04  2.7988e-05  4.8157e-04
1.9991e+00  4.5034e-04  2.7825e-05  4.7723e-04
2.0043e+00  4.6917e-04  2.7854e-05  4.7294e-04
2.0094e+00  4.6042e-04  2.8009e-05  4.6871e-04
2.0146e+00  4.7387e-04  2.7901e-05  4.6453e-04
2.0197e+00  5.2044e-04  2.7783e-05  4.6041e-04
2.0249e+00  4.2730e-04  2.7866e-05  4.5634e-04
2.0301e+00  4.2746e-04  2.7771e-05  4.5233e-04
2.0352e+00  4.6594e-04  2.7594e-05  4.4836e-04
2.0404e+00  4.4342e-04  2.7823e-05  4.4445e-04
2.0455e+00  4.5085e-04  2.7689e-05  4.4059e-04
2.0507e+00  3.9944e-04  2.7612e-05  4.3677e-04
2.0559e+00  4.3572e-04  2.7807e-05  4.3301e-04
2.0610e+00  4.0605e-04  2.7623e-05  4.2930e-04
2.0662e+00  4.1595e-04  2.7711e-05  4.2563e-04
2.0714e+00  3.6860e-04  2.7692e-05  4.2201e-04
2.0765e+00  3.8777e-04  2.7521e-05  4.1844e-04
2.0817e+00  4.6369e-04  2.7470e-05  4.1491e-04
2.0869e+00  3.6830e-04  2.7657e-05  4.1143e-04
2.0920e+00  3.9785e-04  2.7549e-05  4.0800e-04
2.0972e+00  4.1900e-04  2.7464e-05  4.0461e-04
2.1023e+00  3.5146e-04  2.7601e-05  4.0126e-04
2.1075e+00  4.2998e-04  2.7593e-05  3.9796e-04
2.1127e+00  3.6659e-04  2.8157e-05  3.9470e-04
2.1178e+00  4.1169e-04  2.8472e-05  3.9149e-04
2.1230e+00  3.9044e-04  2.8489e-05  3.8832e-04
2.1281e+00  3.7319e-04  2.8736e-05  3.8519e-04
2.1333e+00  4.3033e-04  2.8987e-05  3.8211e-04
2.1385e+00  3.8102e-04  2.8982e-05  3.7906e-04
2.1436e+00  3.8152e-04  2.9367e-05  3.7606e-04
2.1488e+00  3.4869e-04  2.9459e-05  3.7310e-04
2.1540e+00  4.0486e-04  2.9420e-05  3.7018e-04
2.1591e+00  3.4464e-04  2.9601e-05  3.6730e-04
2.1643e+00  3.5830e-04  2.9787e-05  3.6446e-04
2.1694e+00  3.5653e-04  2.9706e-05  3.6167e-04
2.1746e+00  3.7291e-04  2.9572e-05  3.5891e-04
2.1798e+00  4.0870e-04  2.9242e-05  3.5619e-04
2.1849e+00  3.7715e-04  2.8875e-05  3.5351e-04
2.1901e+00  3.5319e-04  2.8641e-05  3.5087e-04
2.1952e+00  3.0841e-04  2.8818e-05  3.4827e-04
2.2004e+00  3.2046e-04  2.8612e-05  3.4571e-04
2.2056e+00  3.7506e-04  2.8336e-05  3.4319e-04
2.2107e+00  3.2955e-04  2.8401e-05  3.4071e-04
2.2159e+00  3.5492e-04  2.8232e-05  3.3826e-04
2.2210e+00  3.2833e-04  2.8038e-05  3.3585e-04
2.2262e+00  3.4011e-04  2.8205e-05  3.3348e-04
2.2314e+00  2.7347e-04  2.7967e-05  3.3115e-04
2.2365e+00  3.6113e-04  2.8050e-05  3.2886e-04
2.2417e+00  3.2702e-04  2.8106e-05  3.2660e-04
2.2469e+00  3.1003e-04  2.7928e-05  3.2438e-04
2.2520e+00  2.9830e-04  2.7711e-05  3.2220e-04
2.2572e+00  3.0404e-04  2.7932e-05  3.2005e-04
2.2624e+00  3.2994e-04  2.7658e-05  3.1794e-04
2.2675e+00  3.0405e-04  2.7666e-05  3.1587e-04
2.2727e+00  3.5281e-04  2.7834e-05  3.1383e-04
2.2778e+00  3.0081e-04  2.7673e-05  3.1183e-04
2.2830e+00  2.8718e-04  2.7701e-05  3.0986e-04
2.2882e+00  3.1204e-04  2.7917e-05  3.0793e-04
2.2933e+00  3.3431e-04  2.7591e-05  3.0603e-04
2.2985e+00  3.1585e-04  2.7620e-05  3.0417e-04
2.3036e+00  3.3579e-04  2.7689e-05  3.0235e-04
2.3088e+00  3.3883e-04  2.7509e-05  3.0055e-04
2.3140e+00  2.8727e-04  2.7449e-05  2.9880e-04
2.3191e+00  3.3978e-04  2.7642e-05  2.9707e-04
2.3243e+00  3.1291e-04  2.7364e-05  2.9538e-04
2.3295e+00  2.9437e-04  2.7538e-05  2.9372e-04
2.3346e+00  3.0753e-04  2.7603e-05  2.9210e-04
2.3398e+00  3.2593e-04  2.7390e-05  2.9051e-04
2.3449e+00  3.1306e-04  2.7402e-05  2.8895e-04
2.3501e+00  2.7220e-04  2.7439e-05  2.8743e-04
2.3553e+00  3.0038e-04  2.7180e-05  2.8593e-04
2.3604e+00  2.5981e-04  2.7329e-05  2.8447e-04
2.3656e+00  3.1078e-04  2.7368e-05  2.8303e-04
2.3707e+00  3.0564e-04  2.7291e-05  2.8163e-04
2.3759e+00  2.8002e-04  2.7203e-05  2.8026e-04
2.3811e+00  2.9387e-04  2.7432e-05  2.7892e-04
2.3862e+00  2.9123e-04  2.7076e-05  2.7761e-04
2.3914e+00  2.2167e-04  2.7178e-05  2.7633e-04
2.3965e+00  2.6536e-04  2.7273e-05  2.7507e-04
2.4017e+00  2.8992e-04  2.7079e-05  2.7384e-04
2.4069e+00  2.9508e-04  2.7075e-05  2.7265e-04
2.4120e+00  2.5583e-04  2.7176e-05  2.7148e-04
2.4172e+00  2.5361e-04  2.6963e-05  2.7034e-04
2.4224e+00  2.6555e-04  2.7151e-05  2.6922e-04
2.4275e+00  2.1091e-04  2.7130e-05  2.6813e-04
2.4327e+00  2.8686e-04  2.6999e-05  2.6706e-04
2.4379e+00  3.0850e-04  2.6827e-05  2.6603e-04
2.4430e+00  2.5343e-04  2.6946e-05  2.6501e-04
2.4482e+00  3.0178e-04  2.6711e-05  2.6402e-04
2.4533e+00  2.3668e-04  2.6845e-05  2.6305e-04
2.4585e+00  2.4973e-04  2.6800e-05  2.6211e-04
2.4637e+00  2.6770e-04  2.6630e-05  2.6119e-04
2.4688e+00  2.6223e-04  2.6670e-05  2.6029e-04
2.4740e+00  2.4722e-04  2.6739e-05  2.5942e-04
2.4791e+00  3.0047e-04  2.6495e-05  2.5856e-04
2.4843e+00  2.7622e-04  2.6633e-05  2.5773e-04
2.4895e+00  2.8638e-04  2.6582e-05  2.5691e-04
2.4946e+00  2.2158e-04  2.6463e-05  2.5612e-04
2.4998e+00  2.5043e-04  2.6580e-05  2.5534e-04
2.5050e+00  2.2431e-04  2.6583e-05  2.5459e-04
2.5101e+00  2.4528e-04  2.6436e-05  2.5385e-04
2.5153e+00  2.7466e-04  2.6533e-05  2.5313e-04
2.5204e+00  2.4439e-04  2.6639e-05  2.5242e-04
2.5256e+00  2.0004e-04  2.6409e-05  2.5173e-04
2.5308e+00  2.8009e-04  2.6423e-05  2.5106e-04
2.5359e+00  2.5545e-04  2.6533e-05  2.5040e-04
2.5411e+00  2.3621e-04  2.6365e-05  2.4976e-04
2.5462e+00  3.0534e-04  2.6484e-05  2.4913e-04
2.5514e+00  2.9417e-04  2.6403e-05  2.4851e-04
2.5566e+00  2.3639e-04  2.6388e-05  2.4791e-04
2.5617e+00  2.6137e-04  2.6425e-05  2.4732e-04
2.5669e+00  2.8212e-04  2.6466e-05  2.4674e-04
2.5720e+00  2.4988e-04  2.6560e-05  2.4617e-04
2.5772e+00  2.6599e-04  2.7033e-05  2.4561e-04
2.5824e+00  2.5700e-04  2.7363e-05  2.4506e-04
2.5875e+00  1.7352e-04  2.7496e-05  2.4453e-04
2.5927e+00  2.0052e-04  2.7615e-05  2.4400e-04
2.5979e+00  2.8710e-04  2.7661e-05  2.4348e-04
2.6030e+00  2.3441e-04  2.7074e-05  2.4296e-04
2.6082e+00  2.0565e-04  2.7052e-05  2.4246e-04
2.6134e+00  2.0635e-04  2.6995e-05  2.4196e-04
2.6185e+00  2.2334e-04  2.6748e-05  2.4147e-04
2.6237e+00  2.1035e-04  2.6755e-05  2.4098e-04
2.6288e+00  2.1442e-04  2.6744e-05  2.4050e-04
2.6340e+00  1.8141e-04  2.6516e-05  2.4002e-04
2.6392e+00  2.4937e-04  2.6683e-05  2.3955e-04
2.6443e+00  2.2569e-04  2.6676e-05  2.3908e-04
2.6495e+00  2.1569e-04  2.6648e-05  2.3862e-04
2.6546e+00  2.2834e-04  2.6696e-05  2.3816e-04
2.6598e+00  2.5951e-04  2.6733e-05  2.3770e-04
2.6650e+00  1.9575e-04  2.6516e-05  2.3724e-04
2.6701e+00  2.1103e-04  2.6557e-05  2.3678e-04
2.6753e+00  2.4405e-04  2.6597e-05  2.3633e-04
2.6804e+00  1.9668e-04  2.6413e-05  2.3588e-04
2.6856e+00  2.2581e-04  2.6547e-05  2.3542e-04
2.6908e+00  2.5372e-04  2.6446e-05  2.3497e-04
2.6959e+00  1.9757e-04  2.6423e-05  2.3452e-04
2.7011e+00  2.2209e-04  2.6561e-05  2.3406e-04
2.7063e+00  2.5888e-04  2.6514e-05  2.3361e-04
2.7114e+00  2.1012e-04  2.6405e-05  2.3315e-04
2.7166e+00  2.6850e-04  2.6439e-05  2.3269e-04
2.7217e+00  2.1440e-04  2.6410e-05  2.3223e-04
2.7269e+00  2.1982e-04  2.6323e-05  2.3177e-04
2.7321e+00  1.7872e-04  2.6458e-05  2.3130e-04
2.7372e+00  2.6016e-04  2.6338e-05  2.3083e-04
2.7424e+00  2.5831e-04  2.6288e-05  2.3036e-04
2.7475e+00  2.2470e-04  2.6391e-05  2.2989e-04
2.7527e+00  1.9685e-04  2.6352e-05  2.2941e-04
2.7579e+00  2.4130e-04  2.6302e-05  2.2893e-04
2.7630e+00  2.3736e-04  2.6262e-05  2.2844e-04
2.7682e+00  2.2942e-04  2.6243e-05  2.2795e-04
2.7734e+00  2.2612e-04  2.6119e-05  2.2746e-04
2.7785e+00  2.5527e-04  2.6263e-05  2.2696e-04
2.7837e+00  2.2762e-04  2.6202e-05  2.2645e-04
2.7889e+00  2.2413e-04  2.6071e-05  2.2594e-04
2.7940e+00  2.2278e-04  2.6221e-05  2.2543e-04
2.7992e+00  2.2191e-04  2.6248e-05  2.2491e-04
2.8043e+00  2.2384e-04  2.5976e-05  2.2439e-04
2.8095e+00  2.6162e-04  2.6124e-05  2.2386e-04
2.8147e+00  2.1999e-04  2.5986e-05  2.2333e-04
2.8198e+00  1.8191e-04  2.5846e-05  2.2279e-04
2.8250e+00  2.2565e-04  2.6047e-05  2.2225e-04
2.8301e+00  2.6714e-04  2.5966e-05  2.2170e-04
2.8353e+00  2.2424e-04  2.5941e-05  2.2114e-04
2.8405e+00  2.3487e-04  2.6048e-05  2.2058e-04
2.8456e+00  2.0313e-04  2.6084e-05  2.2002e-04
2.8508e+00  2.1649e-04  2.5909e-05  2.1945e-04
2.8559e+00  2.6312e-04  2.6053e-05  2.1887e-04
2.8611e+00  2.3475e-04  2.5946e-05  2.1829e-04
2.8663e+00  1.8021e-04  2.5854e-05  2.1771e-04
2.8714e+00  1.9133e-04  2.6074e-05  2.1712e-04
2.8766e+00  2.4284e-04  2.5876e-05  2.1652e-04
2.8818e+00  2.3470e-04  2.5865e-05  2.1592e-04
2.8869e+00  2.2133e-04  2.5892e-05  2.1532e-04
2.8921e+00  2.3425e-04  2.5926e-05  2.1471e-04
2.8972e+00  1.9610e-04  2.5651e-05  2.1410e-04
2.9024e+00  2.0714e-04  2.5812e-05  2.1348e-04
2.9076e+00  2.0641e-04  2.5781e-05  2.1286e-04
2.9127e+00  2.1762e-04  2.5638e-05  2.1223e-04
2.9179e+00  2.8050e-04  2.5884e-05  2.1160e-04
2.9230e+00  1.8985e-04  2.5759e-05  2.1097e-04
2.9282e+00  2.0481e-04  2.5975e-05  2.1033e-04
2.9334e+00  2.4405e-04  2.6462e-05  2.0970e-04
2.9385e+00  1.8628e-04  2.6718e-05  2.0905e-04
2.9437e+00  2.3708e-04  2.6906e-05  2.0841e-04
2.9489e+00  2.0874e-04  2.7141e-05  2.0776e-04
2.9540e+00  1.7697e-04  2.7147e-05  2.0711e-04
2.9592e+00  1.9650e-04  2.7450e-05  2.0646e-04
2.9644e+00  1.6998e-04  2.7629e-05  2.0580e-04
2.9695e+00  2.2119e-04  2.7536e-05  2.0514e-04
2.9747e+00  1.9332e-04  2.7811e-05  2.0449e-04
2.9798e+00  2.4531e-04  2.8019e-05  2.0383e-04
2.9850e+00  2.4202e-04  2.7982e-05  2.0316e-04
2.9902e+00  2.0762e-04  2.8049e-05  2.0250e-04
2.9953e+00  2.0207e-04  2.7955e-05  2.0184e-04
creator: GNOM
creator-version: 5.0
real-space-rmin: 0.0000
real-space-rmax: 8.0000
condition-r-min-zero: yes
condition-r-max-zero: yes
real-space-points: 183
first-point: 1
last-point: 455
reciprocal-space-rg: 0.2379E+01
reciprocal-space-I0: 0.1932E-01
real-space-range: 8.0000
real-space-rg: 0.2381E+01
real-space-I0: 0.1932E-01
highest-alpha-theor: 0.1971E+03
current-alpha: 0.7304E+01
total-estimate: 0.8256
creator: out2fit
creator-version: 0.2 (r12314)
parent: TipAS_1.96mgml-1_10deg_sub_ave_cm-1_divconc_nm-1_merged.out
