1.1469e-01  1.3643e-02  2.3122e-03  1.5819e-02
1.2744e-01  1.7725e-02  1.6595e-03  1.5712e-02
1.4018e-01  1.4724e-02  1.5536e-03  1.5595e-02
1.5292e-01  1.5911e-02  1.3389e-03  1.5468e-02
1.6567e-01  1.7747e-02  1.2229e-03  1.5331e-02
1.7841e-01  1.7220e-02  1.2088e-03  1.5185e-02
1.9115e-01  1.5214e-02  1.0553e-03  1.5030e-02
2.0390e-01  1.8683e-02  1.0635e-03  1.4867e-02
2.1664e-01  1.3228e-02  9.1360e-04  1.4695e-02
2.2938e-01  1.7396e-02  9.0383e-04  1.4516e-02
2.4213e-01  1.4870e-02  8.3716e-04  1.4329e-02
2.5487e-01  1.4718e-02  7.8647e-04  1.4136e-02
2.6761e-01  1.4506e-02  7.6180e-04  1.3936e-02
2.8035e-01  1.4658e-02  6.8233e-04  1.3730e-02
2.9310e-01  1.4367e-02  6.6263e-04  1.3519e-02
3.0584e-01  1.2696e-02  6.1180e-04  1.3302e-02
3.1858e-01  1.3956e-02  5.9159e-04  1.3081e-02
3.3132e-01  1.2891e-02  5.6287e-04  1.2856e-02
3.4407e-01  1.2468e-02  5.2058e-04  1.2628e-02
3.5681e-01  1.2223e-02  5.1433e-04  1.2396e-02
3.6955e-01  1.3195e-02  4.9374e-04  1.2161e-02
3.8230e-01  1.1668e-02  4.8245e-04  1.1925e-02
3.9504e-01  1.3157e-02  4.7186e-04  1.1686e-02
4.0778e-01  1.1759e-02  4.4771e-04  1.1447e-02
4.2052e-01  1.1277e-02  4.4729e-04  1.1206e-02
4.3326e-01  1.0113e-02  4.1481e-04  1.0965e-02
4.4601e-01  1.0903e-02  4.3336e-04  1.0724e-02
4.5875e-01  1.0387e-02  4.0776e-04  1.0484e-02
4.7149e-01  9.9978e-03  4.0390e-04  1.0244e-02
4.8423e-01  9.8793e-03  4.0042e-04  1.0005e-02
4.9697e-01  9.5716e-03  3.8187e-04  9.7681e-03
5.0971e-01  8.6769e-03  3.8125e-04  9.5328e-03
5.2246e-01  8.6643e-03  3.6603e-04  9.2997e-03
5.3520e-01  8.7631e-03  3.7053e-04  9.0690e-03
5.4794e-01  8.8263e-03  3.6374e-04  8.8412e-03
5.6068e-01  8.1162e-03  3.4296e-04  8.6163e-03
5.7342e-01  8.3160e-03  3.4946e-04  8.3947e-03
5.8616e-01  7.0294e-03  3.3202e-04  8.1766e-03
5.9890e-01  7.0556e-03  3.3302e-04  7.9622e-03
6.1164e-01  7.4970e-03  3.3642e-04  7.7517e-03
6.2438e-01  7.3206e-03  3.1740e-04  7.5452e-03
6.3712e-01  7.0275e-03  3.2840e-04  7.3428e-03
6.4986e-01  7.0433e-03  3.0792e-04  7.1448e-03
6.6260e-01  7.3490e-03  3.1282e-04  6.9512e-03
6.7534e-01  6.3309e-03  3.0188e-04  6.7620e-03
6.8808e-01  6.4627e-03  3.0421e-04  6.5774e-03
7.0082e-01  6.9262e-03  3.0655e-04  6.3974e-03
7.1356e-01  6.0135e-03  2.8583e-04  6.2221e-03
7.2630e-01  6.4354e-03  2.9084e-04  6.0513e-03
7.3904e-01  5.8456e-03  2.8255e-04  5.8852e-03
7.5178e-01  5.5817e-03  2.8444e-04  5.7238e-03
7.6451e-01  6.0070e-03  2.7817e-04  5.5669e-03
7.7725e-01  5.8914e-03  2.7669e-04  5.4145e-03
7.8999e-01  5.1283e-03  2.7070e-04  5.2667e-03
8.0273e-01  4.9241e-03  2.6454e-04  5.1232e-03
8.1547e-01  4.2893e-03  2.6292e-04  4.9841e-03
8.2821e-01  4.6564e-03  2.5811e-04  4.8493e-03
8.4094e-01  4.8786e-03  2.5718e-04  4.7186e-03
8.5368e-01  3.8419e-03  2.5717e-04  4.5919e-03
8.6642e-01  4.3801e-03  2.4890e-04  4.4692e-03
8.7916e-01  4.6250e-03  2.5156e-04  4.3503e-03
8.9189e-01  4.0303e-03  2.4310e-04  4.2351e-03
9.1736e-01  4.1708e-03  2.4535e-04  4.0154e-03
9.3010e-01  4.0050e-03  2.4188e-04  3.9106e-03
9.4284e-01  3.8620e-03  2.3879e-04  3.8090e-03
9.5557e-01  3.6686e-03  2.3529e-04  3.7105e-03
9.6831e-01  3.7288e-03  2.3326e-04  3.6149e-03
9.8104e-01  3.7155e-03  2.3059e-04  3.5221e-03
9.9378e-01  3.4840e-03  2.2918e-04  3.4320e-03
1.0132e+00  3.3228e-03  3.2130e-05  3.2996e-03
1.0184e+00  3.2797e-03  3.2301e-05  3.2653e-03
1.0235e+00  3.2695e-03  3.2494e-05  3.2314e-03
1.0287e+00  3.2298e-03  3.2093e-05  3.1980e-03
1.0338e+00  3.2743e-03  3.2255e-05  3.1648e-03
1.0390e+00  3.1507e-03  3.2196e-05  3.1321e-03
1.0442e+00  3.1133e-03  3.1947e-05  3.0997e-03
1.0493e+00  3.1112e-03  3.1978e-05  3.0677e-03
1.0545e+00  3.0504e-03  3.2167e-05  3.0360e-03
1.0597e+00  2.9995e-03  3.1983e-05  3.0046e-03
1.0648e+00  3.0006e-03  3.2023e-05  2.9736e-03
1.0700e+00  2.9573e-03  3.2142e-05  2.9428e-03
1.0751e+00  2.9434e-03  3.1746e-05  2.9125e-03
1.0803e+00  2.8520e-03  3.1896e-05  2.8824e-03
1.0855e+00  2.9118e-03  3.2038e-05  2.8526e-03
1.0906e+00  2.8785e-03  3.1654e-05  2.8231e-03
1.0958e+00  2.8103e-03  3.1798e-05  2.7939e-03
1.1010e+00  2.7810e-03  3.1961e-05  2.7650e-03
1.1061e+00  2.8029e-03  3.1553e-05  2.7364e-03
1.1113e+00  2.6767e-03  3.2131e-05  2.7081e-03
1.1164e+00  2.6694e-03  3.2503e-05  2.6800e-03
1.1216e+00  2.6496e-03  3.2583e-05  2.6522e-03
1.1268e+00  2.6682e-03  3.2820e-05  2.6247e-03
1.1319e+00  2.5721e-03  3.3116e-05  2.5974e-03
1.1371e+00  2.5589e-03  3.3018e-05  2.5704e-03
1.1422e+00  2.5792e-03  3.2886e-05  2.5436e-03
1.1474e+00  2.5955e-03  3.3142e-05  2.5171e-03
1.1526e+00  2.4782e-03  3.3102e-05  2.4908e-03
1.1577e+00  2.4866e-03  3.3237e-05  2.4647e-03
1.1629e+00  2.4159e-03  3.3028e-05  2.4389e-03
1.1681e+00  2.3985e-03  3.2951e-05  2.4133e-03
1.1732e+00  2.3328e-03  3.3044e-05  2.3880e-03
1.1784e+00  2.3011e-03  3.2531e-05  2.3629e-03
1.1835e+00  2.2714e-03  3.1993e-05  2.3379e-03
1.1887e+00  2.3264e-03  3.2486e-05  2.3132e-03
1.1939e+00  2.2538e-03  3.2378e-05  2.2888e-03
1.1990e+00  2.2566e-03  3.2069e-05  2.2645e-03
1.2042e+00  2.1895e-03  3.2605e-05  2.2404e-03
1.2093e+00  2.1728e-03  3.2416e-05  2.2166e-03
1.2145e+00  2.1728e-03  3.2172e-05  2.1929e-03
1.2197e+00  2.1279e-03  3.2393e-05  2.1695e-03
1.2248e+00  2.0931e-03  3.2277e-05  2.1462e-03
1.2300e+00  2.0883e-03  3.1963e-05  2.1232e-03
1.2352e+00  2.0567e-03  3.2484e-05  2.1003e-03
1.2403e+00  2.0536e-03  3.2203e-05  2.0777e-03
1.2455e+00  2.0620e-03  3.2132e-05  2.0552e-03
1.2506e+00  1.9620e-03  3.2195e-05  2.0329e-03
1.2558e+00  1.9717e-03  3.2117e-05  2.0109e-03
1.2610e+00  2.0182e-03  3.2032e-05  1.9890e-03
1.2661e+00  1.9759e-03  3.2271e-05  1.9673e-03
1.2713e+00  1.9287e-03  3.1989e-05  1.9457e-03
1.2765e+00  1.9366e-03  3.1831e-05  1.9244e-03
1.2816e+00  1.9958e-03  3.2038e-05  1.9033e-03
1.2868e+00  1.9216e-03  3.1866e-05  1.8823e-03
1.2919e+00  1.8137e-03  3.2529e-05  1.8615e-03
1.2971e+00  1.8284e-03  3.2746e-05  1.8409e-03
1.3023e+00  1.8189e-03  3.2692e-05  1.8205e-03
1.3074e+00  1.7960e-03  3.3066e-05  1.8003e-03
1.3126e+00  1.7567e-03  3.3247e-05  1.7802e-03
1.3177e+00  1.7402e-03  3.3138e-05  1.7604e-03
1.3229e+00  1.7108e-03  3.3343e-05  1.7407e-03
1.3281e+00  1.6817e-03  3.3808e-05  1.7212e-03
1.3332e+00  1.7252e-03  3.3523e-05  1.7018e-03
1.3384e+00  1.6767e-03  3.4028e-05  1.6827e-03
1.3436e+00  1.6332e-03  3.3935e-05  1.6637e-03
1.3487e+00  1.6003e-03  3.3888e-05  1.6449e-03
1.3539e+00  1.5712e-03  3.3933e-05  1.6263e-03
1.3590e+00  1.5579e-03  3.3539e-05  1.6079e-03
1.3642e+00  1.5182e-03  3.3174e-05  1.5896e-03
1.3694e+00  1.5907e-03  3.2746e-05  1.5715e-03
1.3745e+00  1.5323e-03  3.2979e-05  1.5536e-03
1.3797e+00  1.5548e-03  3.2911e-05  1.5359e-03
1.3848e+00  1.5208e-03  3.2590e-05  1.5183e-03
1.3900e+00  1.4415e-03  3.2721e-05  1.5010e-03
1.3952e+00  1.5086e-03  3.2306e-05  1.4838e-03
1.4003e+00  1.4613e-03  3.2363e-05  1.4667e-03
1.4055e+00  1.5080e-03  3.2407e-05  1.4499e-03
1.4107e+00  1.4501e-03  3.2225e-05  1.4332e-03
1.4158e+00  1.4303e-03  3.1974e-05  1.4168e-03
1.4210e+00  1.3851e-03  3.2339e-05  1.4004e-03
1.4261e+00  1.3360e-03  3.2093e-05  1.3843e-03
1.4313e+00  1.3685e-03  3.1928e-05  1.3684e-03
1.4365e+00  1.3637e-03  3.2040e-05  1.3526e-03
1.4416e+00  1.3067e-03  3.1864e-05  1.3370e-03
1.4468e+00  1.3223e-03  3.1721e-05  1.3216e-03
1.4520e+00  1.3482e-03  3.1938e-05  1.3063e-03
1.4571e+00  1.3166e-03  3.1581e-05  1.2912e-03
1.4623e+00  1.2766e-03  3.1475e-05  1.2764e-03
1.4674e+00  1.2553e-03  3.1653e-05  1.2616e-03
1.4726e+00  1.1974e-03  3.1686e-05  1.2471e-03
1.4778e+00  1.2327e-03  3.1328e-05  1.2327e-03
1.4829e+00  1.2098e-03  3.1531e-05  1.2185e-03
1.4881e+00  1.2161e-03  3.1316e-05  1.2045e-03
1.4932e+00  1.2716e-03  3.1261e-05  1.1906e-03
1.4984e+00  1.1847e-03  3.1405e-05  1.1770e-03
1.5036e+00  1.1845e-03  3.1127e-05  1.1635e-03
1.5087e+00  1.1302e-03  3.1118e-05  1.1501e-03
1.5139e+00  1.1683e-03  3.1323e-05  1.1370e-03
1.5191e+00  1.1510e-03  3.1246e-05  1.1240e-03
1.5242e+00  1.0855e-03  3.1108e-05  1.1112e-03
1.5294e+00  1.0948e-03  3.1136e-05  1.0985e-03
1.5345e+00  1.1346e-03  3.1168e-05  1.0860e-03
1.5397e+00  1.0413e-03  3.0876e-05  1.0737e-03
1.5449e+00  1.0703e-03  3.1166e-05  1.0616e-03
1.5500e+00  1.0526e-03  3.0946e-05  1.0496e-03
1.5552e+00  1.0314e-03  3.0850e-05  1.0377e-03
1.5603e+00  1.0337e-03  3.1108e-05  1.0261e-03
1.5655e+00  1.0181e-03  3.0975e-05  1.0146e-03
1.5707e+00  1.0437e-03  3.0625e-05  1.0032e-03
1.5758e+00  1.0257e-03  3.0923e-05  9.9206e-04
1.5810e+00  1.0130e-03  3.0821e-05  9.8103e-04
1.5862e+00  9.3613e-04  3.0649e-05  9.7016e-04
1.5913e+00  9.2433e-04  3.0748e-05  9.5945e-04
1.5965e+00  9.9431e-04  3.0610e-05  9.4889e-04
1.6016e+00  9.9562e-04  3.0496e-05  9.3848e-04
1.6068e+00  9.5374e-04  3.0726e-05  9.2823e-04
1.6120e+00  9.2329e-04  3.0507e-05  9.1812e-04
1.6171e+00  9.3663e-04  3.0439e-05  9.0816e-04
1.6223e+00  8.9254e-04  3.0493e-05  8.9835e-04
1.6275e+00  9.0609e-04  3.0522e-05  8.8868e-04
1.6326e+00  9.1213e-04  3.0240e-05  8.7915e-04
1.6378e+00  8.0981e-04  3.0474e-05  8.6976e-04
1.6429e+00  8.6441e-04  3.0278e-05  8.6052e-04
1.6481e+00  8.1997e-04  3.0255e-05  8.5141e-04
1.6533e+00  8.5573e-04  3.0361e-05  8.4243e-04
1.6584e+00  8.4901e-04  3.0327e-05  8.3359e-04
1.6636e+00  8.4179e-04  3.0087e-05  8.2488e-04
1.6687e+00  8.1348e-04  3.0297e-05  8.1630e-04
1.6739e+00  8.7578e-04  3.0210e-05  8.0785e-04
1.6791e+00  8.2721e-04  2.9954e-05  7.9952e-04
1.6842e+00  7.7839e-04  3.0168e-05  7.9132e-04
1.6894e+00  7.7222e-04  3.0099e-05  7.8324e-04
1.6946e+00  7.6789e-04  2.9934e-05  7.7528e-04
1.6997e+00  8.2783e-04  3.0366e-05  7.6743e-04
1.7049e+00  7.9119e-04  2.9837e-05  7.5971e-04
1.7100e+00  7.9000e-04  2.9876e-05  7.5210e-04
1.7152e+00  6.9775e-04  2.9906e-05  7.4459e-04
1.7204e+00  7.0864e-04  2.9843e-05  7.3720e-04
1.7255e+00  7.9267e-04  2.9708e-05  7.2992e-04
1.7307e+00  7.2621e-04  2.9893e-05  7.2274e-04
1.7358e+00  6.9142e-04  2.9730e-05  7.1566e-04
1.7410e+00  7.3684e-04  2.9614e-05  7.0869e-04
1.7462e+00  7.1556e-04  2.9991e-05  7.0181e-04
1.7513e+00  6.6874e-04  2.9659e-05  6.9504e-04
1.7565e+00  6.6613e-04  2.9446e-05  6.8836e-04
1.7617e+00  6.8845e-04  2.9623e-05  6.8177e-04
1.7668e+00  6.8028e-04  2.9426e-05  6.7527e-04
1.7720e+00  6.6877e-04  2.9377e-05  6.6886e-04
1.7771e+00  6.2818e-04  2.9478e-05  6.6254e-04
1.7823e+00  6.5115e-04  2.9364e-05  6.5631e-04
1.7875e+00  5.8929e-04  2.9162e-05  6.5016e-04
1.7926e+00  6.7558e-04  2.9480e-05  6.4409e-04
1.7978e+00  7.0882e-04  2.9126e-05  6.3810e-04
1.8030e+00  6.3392e-04  2.8942e-05  6.3218e-04
1.8081e+00  6.6249e-04  2.9267e-05  6.2635e-04
1.8133e+00  6.4514e-04  2.9076e-05  6.2058e-04
1.8184e+00  6.0961e-04  2.8932e-05  6.1489e-04
1.8236e+00  6.4321e-04  2.9134e-05  6.0927e-04
1.8288e+00  6.1227e-04  2.9008e-05  6.0372e-04
1.8339e+00  6.2228e-04  2.8964e-05  5.9823e-04
1.8391e+00  5.7684e-04  2.9100e-05  5.9281e-04
1.8442e+00  5.7475e-04  2.8946e-05  5.8746e-04
1.8494e+00  5.5331e-04  2.8668e-05  5.8216e-04
1.8546e+00  5.4271e-04  2.9009e-05  5.7693e-04
1.8597e+00  6.0883e-04  2.8959e-05  5.7175e-04
1.8649e+00  5.8546e-04  2.8694e-05  5.6663e-04
1.8700e+00  5.2931e-04  2.9015e-05  5.6157e-04
1.8752e+00  5.5514e-04  2.8814e-05  5.5656e-04
1.8804e+00  5.2142e-04  2.8718e-05  5.5161e-04
1.8855e+00  5.6707e-04  2.8915e-05  5.4670e-04
1.8907e+00  5.3436e-04  2.8717e-05  5.4185e-04
1.8959e+00  5.4440e-04  2.8596e-05  5.3704e-04
1.9010e+00  4.8694e-04  2.8773e-05  5.3229e-04
1.9062e+00  5.1437e-04  2.8699e-05  5.2758e-04
1.9114e+00  4.9774e-04  2.8511e-05  5.2291e-04
1.9165e+00  5.2941e-04  2.8768e-05  5.1829e-04
1.9217e+00  4.9141e-04  2.8545e-05  5.1372e-04
1.9268e+00  4.8896e-04  2.8711e-05  5.0918e-04
1.9320e+00  4.9866e-04  2.8727e-05  5.0469e-04
1.9372e+00  4.6802e-04  2.8474e-05  5.0024e-04
1.9423e+00  4.6703e-04  2.8427e-05  4.9583e-04
1.9475e+00  4.8808e-04  2.8635e-05  4.9146e-04
1.9526e+00  4.7898e-04  2.8509e-05  4.8712e-04
1.9578e+00  4.5089e-04  2.8392e-05  4.8282e-04
1.9630e+00  5.2657e-04  2.8542e-05  4.7856e-04
1.9681e+00  4.6308e-04  2.8449e-05  4.7434e-04
1.9733e+00  4.6839e-04  2.8390e-05  4.7015e-04
1.9785e+00  4.1995e-04  2.8523e-05  4.6600e-04
1.9836e+00  4.7144e-04  2.8409e-05  4.6188e-04
1.9888e+00  4.2483e-04  2.8241e-05  4.5780e-04
1.9939e+00  4.1837e-04  2.8387e-05  4.5375e-04
1.9991e+00  4.2402e-04  2.8228e-05  4.4973e-04
2.0043e+00  4.2738e-04  2.8225e-05  4.4574e-04
2.0094e+00  4.4638e-04  2.8419e-05  4.4179e-04
2.0146e+00  4.1984e-04  2.8322e-05  4.3788e-04
2.0197e+00  4.3467e-04  2.8216e-05  4.3399e-04
2.0249e+00  4.1775e-04  2.8297e-05  4.3013e-04
2.0301e+00  4.0001e-04  2.8213e-05  4.2631e-04
2.0352e+00  4.3143e-04  2.7995e-05  4.2252e-04
2.0404e+00  4.1474e-04  2.8258e-05  4.1876e-04
2.0455e+00  4.1667e-04  2.8050e-05  4.1503e-04
2.0507e+00  3.7544e-04  2.8037e-05  4.1134e-04
2.0559e+00  4.3686e-04  2.8247e-05  4.0767e-04
2.0610e+00  4.0096e-04  2.8055e-05  4.0404e-04
2.0662e+00  3.8984e-04  2.8116e-05  4.0044e-04
2.0714e+00  3.9143e-04  2.8145e-05  3.9687e-04
2.0765e+00  3.6569e-04  2.7951e-05  3.9333e-04
2.0817e+00  4.0475e-04  2.7910e-05  3.8983e-04
2.0869e+00  3.8768e-04  2.8058e-05  3.8636e-04
2.0920e+00  3.7933e-04  2.7995e-05  3.8292e-04
2.0972e+00  3.9014e-04  2.7857e-05  3.7951e-04
2.1023e+00  3.9566e-04  2.8006e-05  3.7613e-04
2.1075e+00  3.8978e-04  2.7971e-05  3.7279e-04
2.1127e+00  3.5986e-04  2.8612e-05  3.6948e-04
2.1178e+00  3.4336e-04  2.8919e-05  3.6621e-04
2.1230e+00  3.6328e-04  2.8904e-05  3.6296e-04
2.1281e+00  3.2688e-04  2.9185e-05  3.5976e-04
2.1333e+00  3.5543e-04  2.9474e-05  3.5658e-04
2.1385e+00  3.7731e-04  2.9477e-05  3.5345e-04
2.1436e+00  3.4944e-04  2.9823e-05  3.5034e-04
2.1488e+00  3.3761e-04  2.9936e-05  3.4728e-04
2.1540e+00  3.1244e-04  2.9912e-05  3.4424e-04
2.1591e+00  3.6182e-04  3.0147e-05  3.4125e-04
2.1643e+00  3.5154e-04  3.0249e-05  3.3829e-04
2.1694e+00  2.6817e-04  3.0179e-05  3.3536e-04
2.1746e+00  3.7311e-04  3.0059e-05  3.3247e-04
2.1798e+00  3.2303e-04  2.9698e-05  3.2963e-04
2.1849e+00  3.3000e-04  2.9294e-05  3.2681e-04
2.1901e+00  3.3797e-04  2.9116e-05  3.2404e-04
2.1952e+00  3.1106e-04  2.9265e-05  3.2130e-04
2.2004e+00  3.1769e-04  2.9079e-05  3.1860e-04
2.2056e+00  3.2743e-04  2.8785e-05  3.1594e-04
2.2107e+00  3.2552e-04  2.8834e-05  3.1332e-04
2.2159e+00  3.6723e-04  2.8671e-05  3.1074e-04
2.2210e+00  2.8513e-04  2.8424e-05  3.0820e-04
2.2262e+00  2.8002e-04  2.8655e-05  3.0569e-04
2.2314e+00  2.9083e-04  2.8381e-05  3.0323e-04
2.2365e+00  2.8839e-04  2.8495e-05  3.0081e-04
2.2417e+00  2.8881e-04  2.8530e-05  2.9842e-04
2.2469e+00  3.2790e-04  2.8432e-05  2.9608e-04
2.2520e+00  2.9606e-04  2.8140e-05  2.9377e-04
2.2572e+00  2.7657e-04  2.8392e-05  2.9151e-04
2.2624e+00  2.9166e-04  2.8126e-05  2.8929e-04
2.2675e+00  2.7110e-04  2.8109e-05  2.8711e-04
2.2727e+00  2.5709e-04  2.8258e-05  2.8496e-04
2.2778e+00  3.0160e-04  2.8118e-05  2.8286e-04
2.2830e+00  2.6912e-04  2.8143e-05  2.8080e-04
2.2882e+00  3.0905e-04  2.8365e-05  2.7878e-04
2.2933e+00  3.0988e-04  2.8041e-05  2.7680e-04
2.2985e+00  2.8239e-04  2.8046e-05  2.7486e-04
2.3036e+00  3.1957e-04  2.8191e-05  2.7297e-04
2.3088e+00  2.7373e-04  2.7919e-05  2.7111e-04
2.3140e+00  2.9696e-04  2.7865e-05  2.6929e-04
2.3191e+00  2.7089e-04  2.8095e-05  2.6751e-04
2.3243e+00  2.5778e-04  2.7790e-05  2.6577e-04
2.3295e+00  2.7449e-04  2.8000e-05  2.6407e-04
2.3346e+00  2.7232e-04  2.8014e-05  2.6241e-04
2.3398e+00  2.8356e-04  2.7815e-05  2.6079e-04
2.3449e+00  3.1158e-04  2.7817e-05  2.5920e-04
2.3501e+00  2.5828e-04  2.7872e-05  2.5766e-04
2.3553e+00  2.4798e-04  2.7638e-05  2.5615e-04
2.3604e+00  2.7185e-04  2.7769e-05  2.5468e-04
2.3656e+00  2.4085e-04  2.7804e-05  2.5325e-04
2.3707e+00  2.2166e-04  2.7721e-05  2.5185e-04
2.3759e+00  2.2810e-04  2.7668e-05  2.5049e-04
2.3811e+00  2.6386e-04  2.7928e-05  2.4917e-04
2.3862e+00  2.6200e-04  2.7527e-05  2.4788e-04
2.3914e+00  2.6084e-04  2.7602e-05  2.4662e-04
2.3965e+00  2.3952e-04  2.7762e-05  2.4540e-04
2.4017e+00  2.7911e-04  2.7531e-05  2.4422e-04
2.4069e+00  2.2530e-04  2.7587e-05  2.4306e-04
2.4120e+00  2.2391e-04  2.7647e-05  2.4194e-04
2.4172e+00  2.0772e-04  2.7411e-05  2.4085e-04
2.4224e+00  2.2137e-04  2.7607e-05  2.3979e-04
2.4275e+00  2.3574e-04  2.7613e-05  2.3876e-04
2.4327e+00  2.4655e-04  2.7431e-05  2.3776e-04
2.4379e+00  2.6809e-04  2.7320e-05  2.3678e-04
2.4430e+00  2.1548e-04  2.7409e-05  2.3584e-04
2.4482e+00  2.7647e-04  2.7127e-05  2.3492e-04
2.4533e+00  2.3135e-04  2.7316e-05  2.3403e-04
2.4585e+00  2.8023e-04  2.7241e-05  2.3317e-04
2.4637e+00  2.3600e-04  2.7113e-05  2.3233e-04
2.4688e+00  1.9235e-04  2.7112e-05  2.3151e-04
2.4740e+00  2.5048e-04  2.7207e-05  2.3072e-04
2.4791e+00  2.7071e-04  2.6955e-05  2.2995e-04
2.4843e+00  2.3718e-04  2.7106e-05  2.2920e-04
2.4895e+00  2.2135e-04  2.7054e-05  2.2847e-04
2.4946e+00  2.5018e-04  2.6933e-05  2.2776e-04
2.4998e+00  2.1702e-04  2.7049e-05  2.2707e-04
2.5050e+00  3.0622e-04  2.7068e-05  2.2640e-04
2.5101e+00  1.8612e-04  2.6896e-05  2.2575e-04
2.5153e+00  9.8678e-05  2.6970e-05  2.2511e-04
2.5204e+00  2.0403e-04  2.7097e-05  2.2448e-04
2.5256e+00  2.2724e-04  2.6863e-05  2.2388e-04
2.5308e+00  2.5166e-04  2.6908e-05  2.2328e-04
2.5359e+00  2.0330e-04  2.7015e-05  2.2270e-04
2.5411e+00  2.5068e-04  2.6852e-05  2.2213e-04
2.5462e+00  2.2923e-04  2.6916e-05  2.2157e-04
2.5514e+00  1.8330e-04  2.6876e-05  2.2102e-04
2.5566e+00  2.6303e-04  2.6848e-05  2.2048e-04
2.5617e+00  2.4574e-04  2.6907e-05  2.1994e-04
2.5669e+00  2.2396e-04  2.6932e-05  2.1942e-04
2.5720e+00  2.3130e-04  2.7033e-05  2.1890e-04
2.5772e+00  2.3638e-04  2.7511e-05  2.1839e-04
2.5824e+00  2.4428e-04  2.7860e-05  2.1788e-04
2.5875e+00  2.1239e-04  2.8010e-05  2.1737e-04
2.5927e+00  2.1102e-04  2.8085e-05  2.1687e-04
2.5979e+00  1.9787e-04  2.8144e-05  2.1637e-04
2.6030e+00  1.7698e-04  2.7556e-05  2.1588e-04
2.6082e+00  1.6160e-04  2.7534e-05  2.1538e-04
2.6134e+00  1.8798e-04  2.7493e-05  2.1488e-04
2.6185e+00  2.3765e-04  2.7252e-05  2.1439e-04
2.6237e+00  1.8684e-04  2.7218e-05  2.1389e-04
2.6288e+00  2.1577e-04  2.7239e-05  2.1339e-04
2.6340e+00  2.2375e-04  2.7008e-05  2.1289e-04
2.6392e+00  2.1418e-04  2.7151e-05  2.1238e-04
2.6443e+00  2.2765e-04  2.7154e-05  2.1187e-04
2.6495e+00  2.1287e-04  2.7115e-05  2.1136e-04
2.6546e+00  2.0288e-04  2.7150e-05  2.1084e-04
2.6598e+00  1.7968e-04  2.7163e-05  2.1031e-04
2.6650e+00  2.0424e-04  2.7037e-05  2.0978e-04
2.6701e+00  2.1213e-04  2.7115e-05  2.0924e-04
2.6753e+00  2.2182e-04  2.7086e-05  2.0870e-04
2.6804e+00  1.6689e-04  2.6909e-05  2.0814e-04
2.6856e+00  2.0727e-04  2.7039e-05  2.0758e-04
2.6908e+00  2.1214e-04  2.6931e-05  2.0701e-04
2.6959e+00  2.2296e-04  2.6937e-05  2.0643e-04
2.7011e+00  2.0347e-04  2.7048e-05  2.0584e-04
2.7063e+00  2.0762e-04  2.7013e-05  2.0524e-04
2.7114e+00  2.4081e-04  2.6894e-05  2.0463e-04
2.7166e+00  2.0875e-04  2.6891e-05  2.0402e-04
2.7217e+00  2.0520e-04  2.6895e-05  2.0339e-04
2.7269e+00  2.0256e-04  2.6785e-05  2.0275e-04
2.7321e+00  2.0608e-04  2.6983e-05  2.0210e-04
2.7372e+00  1.6474e-04  2.6838e-05  2.0143e-04
2.7424e+00  1.4495e-04  2.6766e-05  2.0076e-04
2.7475e+00  2.0683e-04  2.6875e-05  2.0007e-04
2.7527e+00  2.7620e-04  2.6849e-05  1.9938e-04
2.7579e+00  2.0817e-04  2.6763e-05  1.9867e-04
2.7630e+00  2.0184e-04  2.6722e-05  1.9795e-04
2.7682e+00  1.5789e-04  2.6715e-05  1.9722e-04
2.7734e+00  2.0036e-04  2.6583e-05  1.9648e-04
2.7785e+00  1.9060e-04  2.6730e-05  1.9572e-04
2.7837e+00  2.0727e-04  2.6708e-05  1.9495e-04
2.7889e+00  1.6051e-04  2.6565e-05  1.9418e-04
2.7940e+00  1.2788e-04  2.6694e-05  1.9339e-04
2.7992e+00  2.2758e-04  2.6700e-05  1.9259e-04
2.8043e+00  1.6678e-04  2.6458e-05  1.9178e-04
2.8095e+00  1.5017e-04  2.6640e-05  1.9096e-04
2.8147e+00  1.7739e-04  2.6482e-05  1.9012e-04
2.8198e+00  1.6724e-04  2.6370e-05  1.8928e-04
2.8250e+00  1.9398e-04  2.6570e-05  1.8843e-04
2.8301e+00  2.0967e-04  2.6469e-05  1.8757e-04
2.8353e+00  1.7480e-04  2.6400e-05  1.8670e-04
2.8405e+00  1.9983e-04  2.6567e-05  1.8582e-04
2.8456e+00  2.0741e-04  2.6609e-05  1.8493e-04
2.8508e+00  1.6893e-04  2.6417e-05  1.8403e-04
2.8559e+00  1.5143e-04  2.6546e-05  1.8312e-04
2.8611e+00  1.6974e-04  2.6468e-05  1.8221e-04
2.8663e+00  1.9955e-04  2.6372e-05  1.8129e-04
2.8714e+00  1.9037e-04  2.6579e-05  1.8036e-04
2.8766e+00  2.2872e-04  2.6368e-05  1.7943e-04
2.8818e+00  1.5721e-04  2.6398e-05  1.7849e-04
2.8869e+00  1.4885e-04  2.6392e-05  1.7755e-04
2.8921e+00  1.8682e-04  2.6377e-05  1.7660e-04
2.8972e+00  1.2674e-04  2.6147e-05  1.7564e-04
2.9024e+00  1.9499e-04  2.6274e-05  1.7468e-04
2.9076e+00  1.8052e-04  2.6244e-05  1.7372e-04
2.9127e+00  1.8638e-04  2.6138e-05  1.7276e-04
2.9179e+00  2.0858e-04  2.6387e-05  1.7179e-04
2.9230e+00  1.8155e-04  2.6237e-05  1.7083e-04
2.9282e+00  1.5936e-04  2.6460e-05  1.6986e-04
2.9334e+00  1.6992e-04  2.7014e-05  1.6889e-04
2.9385e+00  1.5862e-04  2.7242e-05  1.6792e-04
2.9437e+00  1.7371e-04  2.7437e-05  1.6695e-04
2.9489e+00  1.7262e-04  2.7686e-05  1.6598e-04
2.9540e+00  1.7906e-04  2.7723e-05  1.6502e-04
2.9592e+00  1.8114e-04  2.8001e-05  1.6405e-04
2.9644e+00  1.6210e-04  2.8177e-05  1.6309e-04
2.9695e+00  1.7414e-04  2.8041e-05  1.6213e-04
2.9747e+00  1.7223e-04  2.8367e-05  1.6118e-04
2.9798e+00  1.5671e-04  2.8616e-05  1.6023e-04
2.9850e+00  1.8254e-04  2.8560e-05  1.5929e-04
2.9902e+00  1.5509e-04  2.8596e-05  1.5835e-04
2.9953e+00  1.4715e-04  2.8519e-05  1.5742e-04
3.0005e+00  1.6066e-04  2.7951e-05  1.5649e-04
creator: GNOM
creator-version: 5.0
real-space-rmin: 0.0000
real-space-rmax: 8.0000
condition-r-min-zero: yes
condition-r-max-zero: yes
real-space-points: 165
first-point: 1
last-point: 455
reciprocal-space-rg: 0.2573E+01
reciprocal-space-I0: 0.1628E-01
real-space-range: 8.0000
real-space-rg: 0.2576E+01
real-space-I0: 0.1628E-01
highest-alpha-theor: 0.1797E+03
current-alpha: 0.2518E+01
total-estimate: 0.7355
creator: out2fit
creator-version: 0.2 (r12314)
parent: TipAS_1.96mgml-1_35deg_sub_ave_cm-1_divconc_nm-1_merged.out
