1.1469e-01  1.8446e-02  2.3225e-03  1.4907e-02
1.2744e-01  1.3545e-02  1.6529e-03  1.4802e-02
1.4018e-01  1.7994e-02  1.5634e-03  1.4688e-02
1.5292e-01  1.6575e-02  1.3369e-03  1.4563e-02
1.6567e-01  1.5713e-02  1.2015e-03  1.4430e-02
1.7841e-01  1.2341e-02  1.1910e-03  1.4287e-02
1.9115e-01  1.5103e-02  1.0456e-03  1.4136e-02
2.0390e-01  1.3078e-02  1.0354e-03  1.3976e-02
2.1664e-01  1.5235e-02  9.1493e-04  1.3808e-02
2.2938e-01  1.5872e-02  9.0626e-04  1.3632e-02
2.4213e-01  1.4891e-02  8.3303e-04  1.3450e-02
2.5487e-01  1.5218e-02  7.7606e-04  1.3260e-02
2.6761e-01  1.4643e-02  7.3963e-04  1.3065e-02
2.8035e-01  1.2930e-02  6.7455e-04  1.2863e-02
2.9310e-01  1.3189e-02  6.5453e-04  1.2656e-02
3.0584e-01  1.2373e-02  6.0314e-04  1.2444e-02
3.1858e-01  1.3656e-02  5.7904e-04  1.2227e-02
3.3132e-01  1.2442e-02  5.5635e-04  1.2007e-02
3.4407e-01  1.2487e-02  5.1771e-04  1.1782e-02
3.5681e-01  1.2428e-02  5.0821e-04  1.1555e-02
3.6955e-01  1.1684e-02  4.7721e-04  1.1325e-02
3.8230e-01  1.0866e-02  4.7018e-04  1.1093e-02
3.9504e-01  1.0283e-02  4.5644e-04  1.0859e-02
4.0778e-01  1.0017e-02  4.3907e-04  1.0624e-02
4.2052e-01  1.0860e-02  4.4664e-04  1.0388e-02
4.3326e-01  9.5681e-03  4.1172e-04  1.0151e-02
4.4601e-01  1.0218e-02  4.2249e-04  9.9144e-03
4.5875e-01  9.9127e-03  4.0581e-04  9.6782e-03
4.7149e-01  9.1994e-03  3.9262e-04  9.4427e-03
4.8423e-01  8.1540e-03  3.9088e-04  9.2083e-03
4.9697e-01  1.0114e-02  3.8109e-04  8.9755e-03
5.0971e-01  8.1676e-03  3.7300e-04  8.7445e-03
5.2246e-01  8.2669e-03  3.6012e-04  8.5156e-03
5.3520e-01  7.9302e-03  3.5996e-04  8.2892e-03
5.4794e-01  7.1998e-03  3.5045e-04  8.0656e-03
5.6068e-01  7.4959e-03  3.3915e-04  7.8451e-03
5.7342e-01  7.2489e-03  3.4192e-04  7.6278e-03
5.8616e-01  6.4824e-03  3.2872e-04  7.4140e-03
5.9890e-01  6.6745e-03  3.3019e-04  7.2040e-03
6.1164e-01  7.1658e-03  3.2735e-04  6.9979e-03
6.2438e-01  6.2476e-03  3.1039e-04  6.7959e-03
6.3712e-01  6.6836e-03  3.2175e-04  6.5981e-03
6.4986e-01  6.4324e-03  3.0159e-04  6.4048e-03
6.6260e-01  5.3629e-03  3.0412e-04  6.2160e-03
6.7534e-01  6.3700e-03  2.9712e-04  6.0317e-03
6.8808e-01  5.9179e-03  2.9530e-04  5.8522e-03
7.0082e-01  6.2807e-03  2.9915e-04  5.6774e-03
7.1356e-01  5.1216e-03  2.7897e-04  5.5074e-03
7.2630e-01  5.8088e-03  2.8762e-04  5.3422e-03
7.3904e-01  5.5337e-03  2.7632e-04  5.1818e-03
7.5178e-01  5.4807e-03  2.8155e-04  5.0262e-03
7.6451e-01  4.6312e-03  2.7116e-04  4.8754e-03
7.7725e-01  4.7733e-03  2.6734e-04  4.7294e-03
7.8999e-01  5.1108e-03  2.7049e-04  4.5881e-03
8.0273e-01  4.2451e-03  2.5880e-04  4.4515e-03
8.1547e-01  4.4403e-03  2.6210e-04  4.3194e-03
8.2821e-01  4.3958e-03  2.5732e-04  4.1918e-03
8.4094e-01  3.6277e-03  2.5018e-04  4.0686e-03
8.5368e-01  4.0959e-03  2.5843e-04  3.9498e-03
8.6642e-01  3.7103e-03  2.4421e-04  3.8351e-03
8.7916e-01  3.6777e-03  2.4812e-04  3.7245e-03
8.9189e-01  3.6608e-03  2.3461e-04  3.6179e-03
9.0463e-01  3.3803e-03  2.4354e-04  3.5152e-03
9.3010e-01  3.3471e-03  2.3548e-04  3.3207e-03
9.4284e-01  3.5358e-03  2.3330e-04  3.2287e-03
9.5557e-01  2.9302e-03  2.2784e-04  3.1399e-03
9.6831e-01  3.0075e-03  2.3116e-04  3.0544e-03
9.8104e-01  2.6754e-03  2.2545e-04  2.9719e-03
9.9378e-01  3.0603e-03  2.2779e-04  2.8924e-03
1.0132e+00  2.7978e-03  2.7532e-05  2.7763e-03
1.0184e+00  2.7979e-03  2.7653e-05  2.7465e-03
1.0235e+00  2.7603e-03  2.7847e-05  2.7171e-03
1.0287e+00  2.6740e-03  2.7460e-05  2.6881e-03
1.0338e+00  2.6784e-03  2.7572e-05  2.6595e-03
1.0390e+00  2.6800e-03  2.7585e-05  2.6313e-03
1.0442e+00  2.6125e-03  2.7367e-05  2.6035e-03
1.0493e+00  2.5459e-03  2.7383e-05  2.5760e-03
1.0545e+00  2.5345e-03  2.7544e-05  2.5489e-03
1.0597e+00  2.5100e-03  2.7349e-05  2.5222e-03
1.0648e+00  2.5536e-03  2.7408e-05  2.4958e-03
1.0700e+00  2.4638e-03  2.7519e-05  2.4698e-03
1.0751e+00  2.4663e-03  2.7174e-05  2.4441e-03
1.0803e+00  2.4246e-03  2.7340e-05  2.4187e-03
1.0855e+00  2.4177e-03  2.7435e-05  2.3937e-03
1.0906e+00  2.3372e-03  2.7079e-05  2.3689e-03
1.0958e+00  2.3237e-03  2.7226e-05  2.3445e-03
1.1010e+00  2.3891e-03  2.7370e-05  2.3204e-03
1.1061e+00  2.3014e-03  2.7001e-05  2.2965e-03
1.1113e+00  2.3342e-03  2.7540e-05  2.2730e-03
1.1164e+00  2.2938e-03  2.7845e-05  2.2497e-03
1.1216e+00  2.1743e-03  2.7892e-05  2.2267e-03
1.1268e+00  2.1831e-03  2.8105e-05  2.2040e-03
1.1319e+00  2.1850e-03  2.8346e-05  2.1815e-03
1.1371e+00  2.1606e-03  2.8235e-05  2.1593e-03
1.1422e+00  2.1176e-03  2.8158e-05  2.1373e-03
1.1474e+00  2.0978e-03  2.8377e-05  2.1156e-03
1.1526e+00  2.0846e-03  2.8336e-05  2.0941e-03
1.1577e+00  2.0851e-03  2.8420e-05  2.0729e-03
1.1629e+00  2.0835e-03  2.8298e-05  2.0519e-03
1.1681e+00  2.0354e-03  2.8213e-05  2.0311e-03
1.1732e+00  2.0146e-03  2.8338e-05  2.0105e-03
1.1784e+00  2.0595e-03  2.7868e-05  1.9902e-03
1.1835e+00  1.9352e-03  2.7404e-05  1.9701e-03
1.1887e+00  2.0142e-03  2.7803e-05  1.9501e-03
1.1939e+00  1.9081e-03  2.7707e-05  1.9304e-03
1.1990e+00  1.8969e-03  2.7449e-05  1.9109e-03
1.2042e+00  1.9022e-03  2.7888e-05  1.8916e-03
1.2093e+00  1.8884e-03  2.7749e-05  1.8724e-03
1.2145e+00  1.8117e-03  2.7539e-05  1.8535e-03
1.2197e+00  1.8423e-03  2.7730e-05  1.8347e-03
1.2248e+00  1.8077e-03  2.7619e-05  1.8161e-03
1.2300e+00  1.7906e-03  2.7348e-05  1.7977e-03
1.2352e+00  1.7260e-03  2.7775e-05  1.7795e-03
1.2403e+00  1.7565e-03  2.7553e-05  1.7614e-03
1.2455e+00  1.7238e-03  2.7431e-05  1.7435e-03
1.2506e+00  1.7408e-03  2.7577e-05  1.7258e-03
1.2558e+00  1.6911e-03  2.7468e-05  1.7083e-03
1.2610e+00  1.7001e-03  2.7380e-05  1.6909e-03
1.2661e+00  1.6625e-03  2.7633e-05  1.6736e-03
1.2713e+00  1.5995e-03  2.7335e-05  1.6565e-03
1.2765e+00  1.6300e-03  2.7214e-05  1.6396e-03
1.2816e+00  1.6645e-03  2.7422e-05  1.6229e-03
1.2868e+00  1.5606e-03  2.7234e-05  1.6063e-03
1.2919e+00  1.5743e-03  2.7793e-05  1.5898e-03
1.2971e+00  1.5723e-03  2.8051e-05  1.5735e-03
1.3023e+00  1.5662e-03  2.7936e-05  1.5573e-03
1.3074e+00  1.4856e-03  2.8211e-05  1.5413e-03
1.3126e+00  1.5158e-03  2.8458e-05  1.5254e-03
1.3177e+00  1.4343e-03  2.8342e-05  1.5097e-03
1.3229e+00  1.4380e-03  2.8517e-05  1.4941e-03
1.3281e+00  1.4945e-03  2.8911e-05  1.4787e-03
1.3332e+00  1.5278e-03  2.8703e-05  1.4633e-03
1.3384e+00  1.4024e-03  2.9068e-05  1.4482e-03
1.3436e+00  1.4443e-03  2.9018e-05  1.4332e-03
1.3487e+00  1.4498e-03  2.9002e-05  1.4183e-03
1.3539e+00  1.3902e-03  2.9068e-05  1.4035e-03
1.3590e+00  1.3691e-03  2.8629e-05  1.3889e-03
1.3642e+00  1.3808e-03  2.8393e-05  1.3744e-03
1.3694e+00  1.3143e-03  2.8007e-05  1.3601e-03
1.3745e+00  1.3382e-03  2.8146e-05  1.3458e-03
1.3797e+00  1.3354e-03  2.8150e-05  1.3318e-03
1.3848e+00  1.2923e-03  2.7832e-05  1.3178e-03
1.3900e+00  1.2793e-03  2.7967e-05  1.3040e-03
1.3952e+00  1.2742e-03  2.7579e-05  1.2903e-03
1.4003e+00  1.2718e-03  2.7695e-05  1.2768e-03
1.4055e+00  1.2554e-03  2.7688e-05  1.2634e-03
1.4107e+00  1.2676e-03  2.7560e-05  1.2501e-03
1.4158e+00  1.2245e-03  2.7349e-05  1.2369e-03
1.4210e+00  1.2486e-03  2.7667e-05  1.2239e-03
1.4261e+00  1.1994e-03  2.7419e-05  1.2110e-03
1.4313e+00  1.2343e-03  2.7308e-05  1.1983e-03
1.4365e+00  1.1216e-03  2.7386e-05  1.1856e-03
1.4416e+00  1.1585e-03  2.7196e-05  1.1731e-03
1.4468e+00  1.1570e-03  2.7136e-05  1.1608e-03
1.4520e+00  1.1511e-03  2.7308e-05  1.1485e-03
1.4571e+00  1.1052e-03  2.6969e-05  1.1364e-03
1.4623e+00  1.1912e-03  2.6935e-05  1.1245e-03
1.4674e+00  1.0842e-03  2.7004e-05  1.1126e-03
1.4726e+00  1.1264e-03  2.7080e-05  1.1009e-03
1.4778e+00  1.1088e-03  2.6796e-05  1.0893e-03
1.4829e+00  1.0449e-03  2.6902e-05  1.0779e-03
1.4881e+00  1.0875e-03  2.6793e-05  1.0665e-03
1.4932e+00  1.0420e-03  2.6679e-05  1.0553e-03
1.4984e+00  9.9766e-04  2.6866e-05  1.0443e-03
1.5036e+00  1.0481e-03  2.6646e-05  1.0333e-03
1.5087e+00  1.0428e-03  2.6608e-05  1.0225e-03
1.5139e+00  1.0417e-03  2.6773e-05  1.0118e-03
1.5191e+00  9.6778e-04  2.6725e-05  1.0012e-03
1.5242e+00  9.2385e-04  2.6618e-05  9.9081e-04
1.5294e+00  1.0093e-03  2.6638e-05  9.8050e-04
1.5345e+00  9.7127e-04  2.6597e-05  9.7032e-04
1.5397e+00  1.0041e-03  2.6414e-05  9.6026e-04
1.5449e+00  9.4125e-04  2.6595e-05  9.5033e-04
1.5500e+00  9.4688e-04  2.6460e-05  9.4052e-04
1.5552e+00  9.6614e-04  2.6381e-05  9.3084e-04
1.5603e+00  9.2521e-04  2.6582e-05  9.2128e-04
1.5655e+00  9.0034e-04  2.6441e-05  9.1184e-04
1.5707e+00  9.1236e-04  2.6136e-05  9.0253e-04
1.5758e+00  8.4025e-04  2.6362e-05  8.9334e-04
1.5810e+00  8.9302e-04  2.6334e-05  8.8426e-04
1.5862e+00  8.5491e-04  2.6164e-05  8.7531e-04
1.5913e+00  9.0581e-04  2.6307e-05  8.6648e-04
1.5965e+00  8.3899e-04  2.6157e-05  8.5777e-04
1.6016e+00  8.5123e-04  2.6030e-05  8.4917e-04
1.6068e+00  8.4408e-04  2.6222e-05  8.4069e-04
1.6120e+00  8.1394e-04  2.6084e-05  8.3233e-04
1.6171e+00  8.5643e-04  2.5997e-05  8.2408e-04
1.6223e+00  8.0262e-04  2.6047e-05  8.1595e-04
1.6275e+00  8.0733e-04  2.6037e-05  8.0793e-04
1.6326e+00  7.8556e-04  2.5845e-05  8.0002e-04
1.6378e+00  8.1536e-04  2.6076e-05  7.9222e-04
1.6429e+00  7.6816e-04  2.5850e-05  7.8454e-04
1.6481e+00  7.8276e-04  2.5882e-05  7.7696e-04
1.6533e+00  7.7302e-04  2.5936e-05  7.6949e-04
1.6584e+00  7.9428e-04  2.5940e-05  7.6213e-04
1.6636e+00  7.5677e-04  2.5703e-05  7.5487e-04
1.6687e+00  7.6766e-04  2.5890e-05  7.4772e-04
1.6739e+00  7.3483e-04  2.5798e-05  7.4067e-04
1.6791e+00  7.7718e-04  2.5613e-05  7.3372e-04
1.6842e+00  7.3597e-04  2.5761e-05  7.2688e-04
1.6894e+00  7.5939e-04  2.5714e-05  7.2013e-04
1.6946e+00  7.0946e-04  2.5591e-05  7.1348e-04
1.6997e+00  7.5740e-04  2.5976e-05  7.0693e-04
1.7049e+00  7.4751e-04  2.5495e-05  7.0047e-04
1.7100e+00  7.4547e-04  2.5529e-05  6.9410e-04
1.7152e+00  6.7181e-04  2.5579e-05  6.8783e-04
1.7204e+00  7.3572e-04  2.5533e-05  6.8165e-04
1.7255e+00  7.0852e-04  2.5408e-05  6.7556e-04
1.7307e+00  7.0566e-04  2.5507e-05  6.6956e-04
1.7358e+00  6.9057e-04  2.5415e-05  6.6364e-04
1.7410e+00  6.4077e-04  2.5246e-05  6.5781e-04
1.7462e+00  6.9147e-04  2.5657e-05  6.5206e-04
1.7513e+00  6.3890e-04  2.5320e-05  6.4640e-04
1.7565e+00  6.4395e-04  2.5145e-05  6.4081e-04
1.7617e+00  6.5021e-04  2.5322e-05  6.3530e-04
1.7668e+00  6.3325e-04  2.5142e-05  6.2988e-04
1.7720e+00  6.1069e-04  2.5082e-05  6.2453e-04
1.7771e+00  5.8280e-04  2.5197e-05  6.1925e-04
1.7823e+00  5.7985e-04  2.5076e-05  6.1404e-04
1.7875e+00  6.0263e-04  2.4903e-05  6.0891e-04
1.7926e+00  6.2947e-04  2.5197e-05  6.0385e-04
1.7978e+00  5.9500e-04  2.4890e-05  5.9886e-04
1.8030e+00  5.8783e-04  2.4716e-05  5.9393e-04
1.8081e+00  5.6527e-04  2.4971e-05  5.8907e-04
1.8133e+00  5.5061e-04  2.4815e-05  5.8428e-04
1.8184e+00  5.7507e-04  2.4742e-05  5.7955e-04
1.8236e+00  6.3791e-04  2.4918e-05  5.7487e-04
1.8288e+00  5.9488e-04  2.4782e-05  5.7026e-04
1.8339e+00  5.2480e-04  2.4762e-05  5.6571e-04
1.8391e+00  5.6305e-04  2.4837e-05  5.6122e-04
1.8442e+00  5.3213e-04  2.4718e-05  5.5678e-04
1.8494e+00  5.6790e-04  2.4521e-05  5.5240e-04
1.8546e+00  5.4768e-04  2.4789e-05  5.4806e-04
1.8597e+00  5.4840e-04  2.4714e-05  5.4379e-04
1.8649e+00  5.4379e-04  2.4509e-05  5.3956e-04
1.8700e+00  5.1486e-04  2.4768e-05  5.3538e-04
1.8752e+00  5.3445e-04  2.4620e-05  5.3125e-04
1.8804e+00  5.3248e-04  2.4540e-05  5.2717e-04
1.8855e+00  5.4061e-04  2.4732e-05  5.2313e-04
1.8907e+00  5.4376e-04  2.4540e-05  5.1914e-04
1.8959e+00  4.8841e-04  2.4397e-05  5.1519e-04
1.9010e+00  4.9837e-04  2.4605e-05  5.1128e-04
1.9062e+00  5.2278e-04  2.4542e-05  5.0741e-04
1.9114e+00  5.2057e-04  2.4361e-05  5.0359e-04
1.9165e+00  5.0666e-04  2.4563e-05  4.9980e-04
1.9217e+00  5.1501e-04  2.4379e-05  4.9606e-04
1.9268e+00  4.6988e-04  2.4494e-05  4.9235e-04
1.9320e+00  4.9640e-04  2.4507e-05  4.8867e-04
1.9372e+00  4.5702e-04  2.4281e-05  4.8503e-04
1.9423e+00  4.7618e-04  2.4259e-05  4.8143e-04
1.9475e+00  4.7414e-04  2.4442e-05  4.7786e-04
1.9526e+00  4.7514e-04  2.4345e-05  4.7432e-04
1.9578e+00  4.7297e-04  2.4241e-05  4.7082e-04
1.9630e+00  5.2244e-04  2.4400e-05  4.6734e-04
1.9681e+00  4.4922e-04  2.4281e-05  4.6390e-04
1.9733e+00  4.0259e-04  2.4176e-05  4.6049e-04
1.9785e+00  4.3805e-04  2.4337e-05  4.5710e-04
1.9836e+00  4.0634e-04  2.4229e-05  4.5375e-04
1.9888e+00  4.3736e-04  2.4114e-05  4.5042e-04
1.9939e+00  4.5205e-04  2.4249e-05  4.4712e-04
1.9991e+00  4.2554e-04  2.4113e-05  4.4385e-04
2.0043e+00  4.2227e-04  2.4080e-05  4.4061e-04
2.0094e+00  4.1756e-04  2.4240e-05  4.3739e-04
2.0146e+00  4.0714e-04  2.4170e-05  4.3420e-04
2.0197e+00  4.1405e-04  2.4085e-05  4.3103e-04
2.0249e+00  4.2464e-04  2.4136e-05  4.2789e-04
2.0301e+00  4.6353e-04  2.4099e-05  4.2478e-04
2.0352e+00  3.5596e-04  2.3918e-05  4.2168e-04
2.0404e+00  3.7189e-04  2.4119e-05  4.1862e-04
2.0455e+00  3.7092e-04  2.3954e-05  4.1557e-04
2.0507e+00  3.9309e-04  2.3945e-05  4.1255e-04
2.0559e+00  3.9219e-04  2.4090e-05  4.0956e-04
2.0610e+00  4.2027e-04  2.3954e-05  4.0659e-04
2.0662e+00  3.7638e-04  2.3987e-05  4.0364e-04
2.0714e+00  4.1874e-04  2.4044e-05  4.0071e-04
2.0765e+00  3.8094e-04  2.3841e-05  3.9781e-04
2.0817e+00  4.1597e-04  2.3830e-05  3.9493e-04
2.0869e+00  3.5443e-04  2.3967e-05  3.9208e-04
2.0920e+00  3.4827e-04  2.3897e-05  3.8925e-04
2.0972e+00  3.6425e-04  2.3825e-05  3.8644e-04
2.1023e+00  3.8177e-04  2.3929e-05  3.8365e-04
2.1075e+00  4.1756e-04  2.3925e-05  3.8089e-04
2.1127e+00  3.9486e-04  2.4426e-05  3.7815e-04
2.1178e+00  3.7157e-04  2.4690e-05  3.7544e-04
2.1230e+00  3.5099e-04  2.4674e-05  3.7274e-04
2.1281e+00  4.0261e-04  2.4955e-05  3.7007e-04
2.1333e+00  3.5489e-04  2.5105e-05  3.6743e-04
2.1385e+00  3.6404e-04  2.5130e-05  3.6481e-04
2.1436e+00  3.6779e-04  2.5466e-05  3.6221e-04
2.1488e+00  3.5986e-04  2.5540e-05  3.5964e-04
2.1540e+00  3.4228e-04  2.5515e-05  3.5709e-04
2.1591e+00  3.3314e-04  2.5665e-05  3.5457e-04
2.1643e+00  3.6087e-04  2.5804e-05  3.5207e-04
2.1694e+00  3.7201e-04  2.5791e-05  3.4960e-04
2.1746e+00  3.7781e-04  2.5678e-05  3.4715e-04
2.1798e+00  3.6997e-04  2.5411e-05  3.4473e-04
2.1849e+00  3.5120e-04  2.5049e-05  3.4234e-04
2.1901e+00  3.1566e-04  2.4849e-05  3.3997e-04
2.1952e+00  3.4602e-04  2.4993e-05  3.3762e-04
2.2004e+00  3.3735e-04  2.4830e-05  3.3530e-04
2.2056e+00  3.0605e-04  2.4574e-05  3.3301e-04
2.2107e+00  2.9797e-04  2.4612e-05  3.3075e-04
2.2159e+00  2.9714e-04  2.4448e-05  3.2851e-04
2.2210e+00  3.0427e-04  2.4292e-05  3.2630e-04
2.2262e+00  3.7226e-04  2.4485e-05  3.2412e-04
2.2314e+00  3.4558e-04  2.4249e-05  3.2196e-04
2.2365e+00  3.4167e-04  2.4327e-05  3.1983e-04
2.2417e+00  3.4018e-04  2.4370e-05  3.1774e-04
2.2469e+00  3.2591e-04  2.4252e-05  3.1566e-04
2.2520e+00  2.9648e-04  2.4021e-05  3.1362e-04
2.2572e+00  3.3634e-04  2.4270e-05  3.1161e-04
2.2624e+00  3.0263e-04  2.4000e-05  3.0962e-04
2.2675e+00  3.1636e-04  2.3982e-05  3.0766e-04
2.2727e+00  3.1438e-04  2.4174e-05  3.0574e-04
2.2778e+00  3.0938e-04  2.3986e-05  3.0384e-04
2.2830e+00  3.1253e-04  2.4032e-05  3.0197e-04
2.2882e+00  2.9224e-04  2.4221e-05  3.0013e-04
2.2933e+00  2.7556e-04  2.3905e-05  2.9832e-04
2.2985e+00  2.9422e-04  2.3950e-05  2.9654e-04
2.3036e+00  2.6571e-04  2.4056e-05  2.9479e-04
2.3088e+00  2.9079e-04  2.3823e-05  2.9306e-04
2.3140e+00  3.3939e-04  2.3823e-05  2.9137e-04
2.3191e+00  2.6649e-04  2.3991e-05  2.8971e-04
2.3243e+00  2.5190e-04  2.3721e-05  2.8807e-04
2.3295e+00  2.7102e-04  2.3886e-05  2.8647e-04
2.3346e+00  2.9186e-04  2.3920e-05  2.8490e-04
2.3398e+00  2.6514e-04  2.3739e-05  2.8335e-04
2.3449e+00  2.7229e-04  2.3743e-05  2.8183e-04
2.3501e+00  2.6461e-04  2.3824e-05  2.8035e-04
2.3553e+00  3.0769e-04  2.3604e-05  2.7889e-04
2.3604e+00  3.1386e-04  2.3714e-05  2.7746e-04
2.3656e+00  2.4922e-04  2.3743e-05  2.7606e-04
2.3707e+00  2.6577e-04  2.3694e-05  2.7469e-04
2.3759e+00  3.1496e-04  2.3640e-05  2.7335e-04
2.3811e+00  2.1969e-04  2.3809e-05  2.7203e-04
2.3862e+00  2.4711e-04  2.3493e-05  2.7074e-04
2.3914e+00  3.1704e-04  2.3616e-05  2.6949e-04
2.3965e+00  2.7912e-04  2.3701e-05  2.6825e-04
2.4017e+00  2.6818e-04  2.3477e-05  2.6705e-04
2.4069e+00  2.7607e-04  2.3549e-05  2.6587e-04
2.4120e+00  2.9109e-04  2.3602e-05  2.6472e-04
2.4172e+00  2.8904e-04  2.3431e-05  2.6359e-04
2.4224e+00  2.2664e-04  2.3534e-05  2.6249e-04
2.4275e+00  2.9829e-04  2.3568e-05  2.6142e-04
2.4327e+00  2.7747e-04  2.3407e-05  2.6037e-04
2.4379e+00  2.7940e-04  2.3302e-05  2.5934e-04
2.4430e+00  2.3347e-04  2.3378e-05  2.5834e-04
2.4482e+00  2.8624e-04  2.3198e-05  2.5737e-04
2.4533e+00  2.4240e-04  2.3310e-05  2.5641e-04
2.4585e+00  2.5325e-04  2.3234e-05  2.5548e-04
2.4637e+00  2.6016e-04  2.3122e-05  2.5457e-04
2.4688e+00  2.4794e-04  2.3151e-05  2.5368e-04
2.4740e+00  2.5383e-04  2.3201e-05  2.5282e-04
2.4791e+00  2.5887e-04  2.3009e-05  2.5197e-04
2.4843e+00  2.6507e-04  2.3119e-05  2.5115e-04
2.4895e+00  3.0304e-04  2.3116e-05  2.5034e-04
2.4946e+00  2.6124e-04  2.2969e-05  2.4955e-04
2.4998e+00  2.5906e-04  2.3066e-05  2.4879e-04
2.5050e+00  2.5798e-04  2.3082e-05  2.4804e-04
2.5101e+00  2.6873e-04  2.2970e-05  2.4730e-04
2.5153e+00  2.5528e-04  2.3038e-05  2.4659e-04
2.5204e+00  2.6510e-04  2.3133e-05  2.4589e-04
2.5256e+00  2.6215e-04  2.2956e-05  2.4520e-04
2.5308e+00  2.3174e-04  2.2996e-05  2.4453e-04
2.5359e+00  2.4034e-04  2.3024e-05  2.4388e-04
2.5411e+00  2.4546e-04  2.2906e-05  2.4323e-04
2.5462e+00  2.1095e-04  2.2966e-05  2.4261e-04
2.5514e+00  2.5544e-04  2.2949e-05  2.4199e-04
2.5566e+00  2.2177e-04  2.2919e-05  2.4138e-04
2.5617e+00  2.9580e-04  2.2991e-05  2.4079e-04
2.5669e+00  2.2123e-04  2.2983e-05  2.4021e-04
2.5720e+00  1.9413e-04  2.3057e-05  2.3963e-04
2.5772e+00  2.2020e-04  2.3473e-05  2.3907e-04
2.5824e+00  2.2748e-04  2.3750e-05  2.3851e-04
2.5875e+00  1.9503e-04  2.3887e-05  2.3796e-04
2.5927e+00  2.7272e-04  2.3997e-05  2.3742e-04
2.5979e+00  2.3424e-04  2.4054e-05  2.3689e-04
2.6030e+00  2.3626e-04  2.3502e-05  2.3636e-04
2.6082e+00  2.3512e-04  2.3514e-05  2.3583e-04
2.6134e+00  2.6073e-04  2.3474e-05  2.3532e-04
2.6185e+00  2.3185e-04  2.3263e-05  2.3480e-04
2.6237e+00  2.3780e-04  2.3271e-05  2.3429e-04
2.6288e+00  2.5324e-04  2.3270e-05  2.3378e-04
2.6340e+00  2.8543e-04  2.3075e-05  2.3328e-04
2.6392e+00  2.1758e-04  2.3173e-05  2.3278e-04
2.6443e+00  2.2043e-04  2.3184e-05  2.3227e-04
2.6495e+00  2.4593e-04  2.3142e-05  2.3177e-04
2.6546e+00  2.1998e-04  2.3177e-05  2.3127e-04
2.6598e+00  1.9365e-04  2.3183e-05  2.3077e-04
2.6650e+00  2.1495e-04  2.3068e-05  2.3027e-04
2.6701e+00  2.1114e-04  2.3132e-05  2.2976e-04
2.6753e+00  2.1922e-04  2.3132e-05  2.2926e-04
2.6804e+00  2.6092e-04  2.2972e-05  2.2875e-04
2.6856e+00  2.0257e-04  2.3096e-05  2.2824e-04
2.6908e+00  1.8471e-04  2.3007e-05  2.2773e-04
2.6959e+00  1.7403e-04  2.2961e-05  2.2721e-04
2.7011e+00  2.2663e-04  2.3071e-05  2.2669e-04
2.7063e+00  2.2249e-04  2.3044e-05  2.2616e-04
2.7114e+00  1.8388e-04  2.2920e-05  2.2563e-04
2.7166e+00  2.5558e-04  2.2977e-05  2.2510e-04
2.7217e+00  2.7329e-04  2.2994e-05  2.2456e-04
2.7269e+00  1.8765e-04  2.2856e-05  2.2401e-04
2.7321e+00  2.1700e-04  2.2990e-05  2.2346e-04
2.7372e+00  2.3082e-04  2.2928e-05  2.2290e-04
2.7424e+00  2.0634e-04  2.2862e-05  2.2234e-04
2.7475e+00  2.1388e-04  2.2931e-05  2.2176e-04
2.7527e+00  2.5145e-04  2.2943e-05  2.2119e-04
2.7579e+00  2.2331e-04  2.2847e-05  2.2060e-04
2.7630e+00  1.8892e-04  2.2830e-05  2.2001e-04
2.7682e+00  2.2618e-04  2.2811e-05  2.1941e-04
2.7734e+00  2.4500e-04  2.2689e-05  2.1880e-04
2.7785e+00  2.1603e-04  2.2815e-05  2.1818e-04
2.7837e+00  2.0266e-04  2.2789e-05  2.1756e-04
2.7889e+00  1.9868e-04  2.2678e-05  2.1692e-04
2.7940e+00  2.2319e-04  2.2794e-05  2.1628e-04
2.7992e+00  2.0201e-04  2.2794e-05  2.1563e-04
2.8043e+00  2.1150e-04  2.2576e-05  2.1498e-04
2.8095e+00  1.9717e-04  2.2714e-05  2.1431e-04
2.8147e+00  1.9157e-04  2.2606e-05  2.1364e-04
2.8198e+00  1.9581e-04  2.2495e-05  2.1295e-04
2.8250e+00  1.9106e-04  2.2660e-05  2.1227e-04
2.8301e+00  2.3751e-04  2.2581e-05  2.1157e-04
2.8353e+00  2.1794e-04  2.2566e-05  2.1086e-04
2.8405e+00  2.0579e-04  2.2697e-05  2.1015e-04
2.8456e+00  2.3632e-04  2.2697e-05  2.0942e-04
2.8508e+00  1.8337e-04  2.2530e-05  2.0870e-04
2.8559e+00  1.8304e-04  2.2632e-05  2.0796e-04
2.8611e+00  2.1899e-04  2.2588e-05  2.0721e-04
2.8663e+00  2.0921e-04  2.2502e-05  2.0646e-04
2.8714e+00  2.4408e-04  2.2698e-05  2.0570e-04
2.8766e+00  2.2529e-04  2.2521e-05  2.0494e-04
2.8818e+00  2.0697e-04  2.2517e-05  2.0416e-04
2.8869e+00  2.0056e-04  2.2533e-05  2.0338e-04
2.8921e+00  1.8144e-04  2.2540e-05  2.0260e-04
2.8972e+00  2.4092e-04  2.2331e-05  2.0181e-04
2.9024e+00  1.8887e-04  2.2460e-05  2.0101e-04
2.9076e+00  1.9040e-04  2.2419e-05  2.0021e-04
2.9127e+00  2.0826e-04  2.2332e-05  1.9940e-04
2.9179e+00  1.9947e-04  2.2545e-05  1.9859e-04
2.9230e+00  1.5301e-04  2.2359e-05  1.9778e-04
2.9282e+00  2.2582e-04  2.2613e-05  1.9696e-04
2.9334e+00  1.9657e-04  2.3047e-05  1.9613e-04
2.9385e+00  2.0122e-04  2.3264e-05  1.9531e-04
2.9437e+00  1.6379e-04  2.3395e-05  1.9447e-04
2.9489e+00  1.9625e-04  2.3614e-05  1.9364e-04
2.9540e+00  1.8492e-04  2.3630e-05  1.9281e-04
2.9592e+00  1.9190e-04  2.3879e-05  1.9197e-04
2.9644e+00  2.3676e-04  2.4101e-05  1.9113e-04
2.9695e+00  1.9232e-04  2.3937e-05  1.9029e-04
2.9747e+00  2.0070e-04  2.4205e-05  1.8945e-04
2.9798e+00  2.2691e-04  2.4438e-05  1.8861e-04
2.9850e+00  2.0126e-04  2.4358e-05  1.8776e-04
2.9902e+00  1.6422e-04  2.4409e-05  1.8692e-04
2.9953e+00  1.8888e-04  2.4309e-05  1.8608e-04
3.0005e+00  2.3736e-04  2.3882e-05  1.8524e-04
creator: GNOM
creator-version: 5.0
real-space-rmin: 0.0000
real-space-rmax: 8.0000
condition-r-min-zero: yes
condition-r-max-zero: yes
real-space-points: 157
first-point: 1
last-point: 455
reciprocal-space-rg: 0.2619E+01
reciprocal-space-I0: 0.1536E-01
real-space-range: 8.0000
real-space-rg: 0.2621E+01
real-space-I0: 0.1536E-01
highest-alpha-theor: 0.2921E+03
current-alpha: 0.6525E+01
total-estimate: 0.8736
creator: out2fit
creator-version: 0.2 (r12314)
parent: TipAS_1.96mgml-1_40deg_sub_ave_cm-1_divconc_nm-1_merged.out
